#! /c/Source/iverilog-install/bin/vvp
:ivl_version "12.0 (devel)" "(s20150603-1110-g18392a46)";
:ivl_delay_selection "TYPICAL";
:vpi_time_precision - 9;
:vpi_module "D:\iverilog\iverilog\lib\ivl\system.vpi";
:vpi_module "D:\iverilog\iverilog\lib\ivl\vhdl_sys.vpi";
:vpi_module "D:\iverilog\iverilog\lib\ivl\vhdl_textio.vpi";
:vpi_module "D:\iverilog\iverilog\lib\ivl\v2005_math.vpi";
:vpi_module "D:\iverilog\iverilog\lib\ivl\va_math.vpi";
S_00000226ac2c89a0 .scope module, "pulse_detect" "pulse_detect" 2 3;
 .timescale -9 -9;
    .port_info 0 /INPUT 1 "clk_fast";
    .port_info 1 /INPUT 1 "clk_slow";
    .port_info 2 /INPUT 1 "rst_n";
    .port_info 3 /INPUT 1 "data_in";
    .port_info 4 /OUTPUT 1 "dataout";
L_00000226ac2b5270 .functor NOT 1, v00000226ac2c1840_0, C4<0>, C4<0>, C4<0>;
o00000226ac2d0258 .functor BUFZ 1, C4<z>; HiZ drive
L_00000226ac2b52e0 .functor AND 1, o00000226ac2d0258, L_00000226ac2b5270, C4<1>, C4<1>;
L_00000226ac2b5120 .functor BUFZ 1, v00000226ac2c1de0_0, C4<0>, C4<0>, C4<0>;
v00000226ac2c1700_0 .net *"_ivl_0", 0 0, L_00000226ac2b5270;  1 drivers
o00000226ac2d0228 .functor BUFZ 1, C4<z>; HiZ drive
v00000226ac2c1c00_0 .net "clk_fast", 0 0, o00000226ac2d0228;  0 drivers
o00000226ac2cff88 .functor BUFZ 1, C4<z>; HiZ drive
v00000226ac2c1b60_0 .net "clk_slow", 0 0, o00000226ac2cff88;  0 drivers
v00000226ac2c2100_0 .net "data_in", 0 0, o00000226ac2d0258;  0 drivers
v00000226ac2c1de0_0 .var "data_out", 0 0;
v00000226ac2c2240_0 .net "dataout", 0 0, L_00000226ac2b5120;  1 drivers
v00000226ac2c22e0_0 .net "flag_fast", 0 0, L_00000226ac2b52e0;  1 drivers
v00000226ac2c1840_0 .var "flag_fast_prev", 0 0;
o00000226ac2d0078 .functor BUFZ 1, C4<z>; HiZ drive
v00000226ac2c1ca0_0 .net "rst_n", 0 0, o00000226ac2d0078;  0 drivers
v00000226ac2c21a0_0 .var "toggle_fast", 0 0;
v00000226ac2c17a0_0 .net "toggle_slow", 0 0, L_00000226ac2b4e10;  1 drivers
v00000226ac2c2380_0 .var "toggle_slow_prev", 0 0;
E_00000226ac2b86a0/0 .event negedge, v00000226ac2c8cc0_0;
E_00000226ac2b86a0/1 .event posedge, v00000226ac2c1c00_0;
E_00000226ac2b86a0 .event/or E_00000226ac2b86a0/0, E_00000226ac2b86a0/1;
S_00000226ac2c8b30 .scope module, "fast_sync_slow" "sync" 2 40, 2 63 0, S_00000226ac2c89a0;
 .timescale -9 -9;
    .port_info 0 /INPUT 1 "clk";
    .port_info 1 /INPUT 1 "rstn";
    .port_info 2 /INPUT 1 "en";
    .port_info 3 /INPUT 1 "data_in";
    .port_info 4 /OUTPUT 1 "data_out";
P_00000226ac277020 .param/l "SYNC_STAGE" 0 2 65, +C4<00000000000000000000000000000010>;
P_00000226ac277058 .param/l "WIDTH" 0 2 64, +C4<00000000000000000000000000000001>;
v00000226ac2c8d60_1 .array/port v00000226ac2c8d60, 1;
L_00000226ac2b4e10 .functor BUFZ 1, v00000226ac2c8d60_1, C4<0>, C4<0>, C4<0>;
v00000226ac2b77d0_0 .net "clk", 0 0, o00000226ac2cff88;  alias, 0 drivers
v00000226ac2b7870_0 .net "data_in", 0 0, v00000226ac2c21a0_0;  1 drivers
v00000226ac276dd0_0 .net "data_out", 0 0, L_00000226ac2b4e10;  alias, 1 drivers
L_00000226ac319008 .functor BUFT 1, C4<1>, C4<0>, C4<0>, C4<0>;
v00000226ac2b8a60_0 .net "en", 0 0, L_00000226ac319008;  1 drivers
v00000226ac2b8b00_0 .var/i "i", 31 0;
v00000226ac2c8cc0_0 .net "rstn", 0 0, o00000226ac2d0078;  alias, 0 drivers
v00000226ac2c8d60 .array "sync_reg", 1 0, 0 0;
E_00000226ac2b8020/0 .event negedge, v00000226ac2c8cc0_0;
E_00000226ac2b8020/1 .event posedge, v00000226ac2b77d0_0;
E_00000226ac2b8020 .event/or E_00000226ac2b8020/0, E_00000226ac2b8020/1;
    .scope S_00000226ac2c8b30;
T_0 ;
    %wait E_00000226ac2b8020;
    %load/vec4 v00000226ac2c8cc0_0;
    %inv;
    %flag_set/vec4 8;
    %jmp/0xz  T_0.0, 8;
    %pushi/vec4 0, 0, 32;
    %store/vec4 v00000226ac2b8b00_0, 0, 32;
T_0.2 ;
    %load/vec4 v00000226ac2b8b00_0;
    %cmpi/s 2, 0, 32;
    %jmp/0xz T_0.3, 5;
    %pushi/vec4 0, 0, 1;
    %ix/getv/s 3, v00000226ac2b8b00_0;
    %ix/load 4, 0, 0; Constant delay
    %assign/vec4/a/d v00000226ac2c8d60, 0, 4;
    %load/vec4 v00000226ac2b8b00_0;
    %addi 1, 0, 32;
    %store/vec4 v00000226ac2b8b00_0, 0, 32;
    %jmp T_0.2;
T_0.3 ;
    %jmp T_0.1;
T_0.0 ;
    %load/vec4 v00000226ac2b8a60_0;
    %flag_set/vec4 8;
    %jmp/0xz  T_0.4, 8;
    %load/vec4 v00000226ac2b7870_0;
    %ix/load 3, 0, 0;
    %flag_set/imm 4, 0;
    %ix/load 4, 0, 0; Constant delay
    %assign/vec4/a/d v00000226ac2c8d60, 0, 4;
    %pushi/vec4 1, 0, 32;
    %store/vec4 v00000226ac2b8b00_0, 0, 32;
T_0.6 ;
    %load/vec4 v00000226ac2b8b00_0;
    %cmpi/s 2, 0, 32;
    %jmp/0xz T_0.7, 5;
    %load/vec4 v00000226ac2b8b00_0;
    %pad/s 33;
    %subi 1, 0, 33;
    %ix/vec4/s 4;
    %load/vec4a v00000226ac2c8d60, 4;
    %ix/getv/s 3, v00000226ac2b8b00_0;
    %ix/load 4, 0, 0; Constant delay
    %assign/vec4/a/d v00000226ac2c8d60, 0, 4;
    %load/vec4 v00000226ac2b8b00_0;
    %addi 1, 0, 32;
    %store/vec4 v00000226ac2b8b00_0, 0, 32;
    %jmp T_0.6;
T_0.7 ;
T_0.4 ;
T_0.1 ;
    %jmp T_0;
    .thread T_0;
    .scope S_00000226ac2c89a0;
T_1 ;
    %wait E_00000226ac2b86a0;
    %load/vec4 v00000226ac2c1ca0_0;
    %inv;
    %flag_set/vec4 8;
    %jmp/0xz  T_1.0, 8;
    %pushi/vec4 0, 0, 1;
    %assign/vec4 v00000226ac2c1840_0, 0;
    %jmp T_1.1;
T_1.0 ;
    %load/vec4 v00000226ac2c2100_0;
    %assign/vec4 v00000226ac2c1840_0, 0;
T_1.1 ;
    %jmp T_1;
    .thread T_1;
    .scope S_00000226ac2c89a0;
T_2 ;
    %wait E_00000226ac2b86a0;
    %load/vec4 v00000226ac2c1ca0_0;
    %inv;
    %flag_set/vec4 8;
    %jmp/0xz  T_2.0, 8;
    %pushi/vec4 0, 0, 1;
    %assign/vec4 v00000226ac2c21a0_0, 0;
    %jmp T_2.1;
T_2.0 ;
    %load/vec4 v00000226ac2c22e0_0;
    %flag_set/vec4 8;
    %jmp/0xz  T_2.2, 8;
    %load/vec4 v00000226ac2c21a0_0;
    %inv;
    %assign/vec4 v00000226ac2c21a0_0, 0;
T_2.2 ;
T_2.1 ;
    %jmp T_2;
    .thread T_2;
    .scope S_00000226ac2c89a0;
T_3 ;
    %wait E_00000226ac2b8020;
    %load/vec4 v00000226ac2c1ca0_0;
    %inv;
    %flag_set/vec4 8;
    %jmp/0xz  T_3.0, 8;
    %pushi/vec4 0, 0, 1;
    %assign/vec4 v00000226ac2c1de0_0, 0;
    %pushi/vec4 0, 0, 1;
    %assign/vec4 v00000226ac2c2380_0, 0;
    %jmp T_3.1;
T_3.0 ;
    %load/vec4 v00000226ac2c17a0_0;
    %assign/vec4 v00000226ac2c2380_0, 0;
    %load/vec4 v00000226ac2c17a0_0;
    %load/vec4 v00000226ac2c2380_0;
    %xor;
    %assign/vec4 v00000226ac2c1de0_0, 0;
T_3.1 ;
    %jmp T_3;
    .thread T_3;
# The file index is used to find the file name in the following table.
:file_names 3;
    "N/A";
    "<interactive>";
    "pulse_detect.v";
