#! /c/Source/iverilog-install/bin/vvp
:ivl_version "12.0 (devel)" "(s20150603-1110-g18392a46)";
:ivl_delay_selection "TYPICAL";
:vpi_time_precision - 9;
:vpi_module "D:\iverilog\iverilog\lib\ivl\system.vpi";
:vpi_module "D:\iverilog\iverilog\lib\ivl\vhdl_sys.vpi";
:vpi_module "D:\iverilog\iverilog\lib\ivl\vhdl_textio.vpi";
:vpi_module "D:\iverilog\iverilog\lib\ivl\v2005_math.vpi";
:vpi_module "D:\iverilog\iverilog\lib\ivl\va_math.vpi";
S_00000189d13b2a10 .scope module, "triffic_light" "triffic_light" 2 3;
 .timescale -9 -9;
    .port_info 0 /INPUT 1 "clk";
    .port_info 1 /INPUT 1 "rst_n";
    .port_info 2 /INPUT 1 "pass_request";
    .port_info 3 /OUTPUT 8 "clock";
    .port_info 4 /OUTPUT 1 "red";
    .port_info 5 /OUTPUT 1 "yellow";
    .port_info 6 /OUTPUT 1 "green";
P_00000189d13d8610 .param/l "GREEN" 0 2 16, C4<1000>;
P_00000189d13d8648 .param/l "IDLE" 0 2 13, C4<0001>;
P_00000189d13d8680 .param/l "RED" 0 2 14, C4<0010>;
P_00000189d13d86b8 .param/l "YELLOW" 0 2 15, C4<0100>;
o00000189d13f3fa8 .functor BUFZ 1, C4<z>; HiZ drive
v00000189d13b3020_0 .net "clk", 0 0, o00000189d13f3fa8;  0 drivers
v00000189d13b2ba0_0 .var "clock", 7 0;
v00000189d13b2c40_0 .var "cnt", 5 0;
v00000189d13b2ce0_0 .var "cnt_green", 5 0;
v00000189d13b2d80_0 .var "cnt_red", 5 0;
v00000189d13b2e20_0 .var "cnt_yellow", 5 0;
v00000189d13e1130_0 .var "green", 0 0;
v00000189d13e11d0_0 .var "next_state", 3 0;
o00000189d13f4128 .functor BUFZ 1, C4<z>; HiZ drive
v00000189d13e1270_0 .net "pass_request", 0 0, o00000189d13f4128;  0 drivers
v00000189d13e1310_0 .var "red", 0 0;
o00000189d13f4188 .functor BUFZ 1, C4<z>; HiZ drive
v00000189d13e13b0_0 .net "rst_n", 0 0, o00000189d13f4188;  0 drivers
v00000189d13e1450_0 .var "state", 3 0;
v00000189d13e14f0_0 .var "yellow", 0 0;
E_00000189d13d5ce0/0 .event negedge, v00000189d13e13b0_0;
E_00000189d13d5ce0/1 .event posedge, v00000189d13b3020_0;
E_00000189d13d5ce0 .event/or E_00000189d13d5ce0/0, E_00000189d13d5ce0/1;
E_00000189d13d53e0 .event anyedge, v00000189d13e1450_0, v00000189d13b2d80_0, v00000189d13b2ce0_0, v00000189d13b2e20_0;
    .scope S_00000189d13b2a10;
T_0 ;
    %wait E_00000189d13d5ce0;
    %load/vec4 v00000189d13e13b0_0;
    %inv;
    %flag_set/vec4 8;
    %jmp/0xz  T_0.0, 8;
    %pushi/vec4 1, 0, 4;
    %assign/vec4 v00000189d13e1450_0, 0;
    %jmp T_0.1;
T_0.0 ;
    %load/vec4 v00000189d13e11d0_0;
    %assign/vec4 v00000189d13e1450_0, 0;
T_0.1 ;
    %jmp T_0;
    .thread T_0;
    .scope S_00000189d13b2a10;
T_1 ;
    %wait E_00000189d13d53e0;
    %load/vec4 v00000189d13e1450_0;
    %dup/vec4;
    %pushi/vec4 1, 0, 4;
    %cmp/u;
    %jmp/1 T_1.0, 6;
    %dup/vec4;
    %pushi/vec4 2, 0, 4;
    %cmp/u;
    %jmp/1 T_1.1, 6;
    %dup/vec4;
    %pushi/vec4 8, 0, 4;
    %cmp/u;
    %jmp/1 T_1.2, 6;
    %dup/vec4;
    %pushi/vec4 4, 0, 4;
    %cmp/u;
    %jmp/1 T_1.3, 6;
    %pushi/vec4 1, 0, 4;
    %store/vec4 v00000189d13e11d0_0, 0, 4;
    %jmp T_1.5;
T_1.0 ;
    %pushi/vec4 2, 0, 4;
    %store/vec4 v00000189d13e11d0_0, 0, 4;
    %jmp T_1.5;
T_1.1 ;
    %load/vec4 v00000189d13b2d80_0;
    %cmpi/e 0, 0, 6;
    %flag_mov 8, 4;
    %jmp/0 T_1.6, 8;
    %pushi/vec4 8, 0, 4;
    %jmp/1 T_1.7, 8;
T_1.6 ; End of true expr.
    %pushi/vec4 2, 0, 4;
    %jmp/0 T_1.7, 8;
 ; End of false expr.
    %blend;
T_1.7;
    %store/vec4 v00000189d13e11d0_0, 0, 4;
    %jmp T_1.5;
T_1.2 ;
    %load/vec4 v00000189d13b2ce0_0;
    %cmpi/e 0, 0, 6;
    %flag_mov 8, 4;
    %jmp/0 T_1.8, 8;
    %pushi/vec4 4, 0, 4;
    %jmp/1 T_1.9, 8;
T_1.8 ; End of true expr.
    %pushi/vec4 8, 0, 4;
    %jmp/0 T_1.9, 8;
 ; End of false expr.
    %blend;
T_1.9;
    %store/vec4 v00000189d13e11d0_0, 0, 4;
    %jmp T_1.5;
T_1.3 ;
    %load/vec4 v00000189d13b2e20_0;
    %cmpi/e 0, 0, 6;
    %flag_mov 8, 4;
    %jmp/0 T_1.10, 8;
    %pushi/vec4 2, 0, 4;
    %jmp/1 T_1.11, 8;
T_1.10 ; End of true expr.
    %pushi/vec4 8, 0, 4;
    %jmp/0 T_1.11, 8;
 ; End of false expr.
    %blend;
T_1.11;
    %store/vec4 v00000189d13e11d0_0, 0, 4;
    %jmp T_1.5;
T_1.5 ;
    %pop/vec4 1;
    %jmp T_1;
    .thread T_1, $push;
    .scope S_00000189d13b2a10;
T_2 ;
    %wait E_00000189d13d5ce0;
    %load/vec4 v00000189d13e13b0_0;
    %inv;
    %flag_set/vec4 8;
    %jmp/0xz  T_2.0, 8;
    %pushi/vec4 0, 0, 6;
    %assign/vec4 v00000189d13b2d80_0, 0;
    %pushi/vec4 0, 0, 6;
    %assign/vec4 v00000189d13b2ce0_0, 0;
    %pushi/vec4 0, 0, 6;
    %assign/vec4 v00000189d13b2e20_0, 0;
    %pushi/vec4 10, 0, 6;
    %assign/vec4 v00000189d13b2c40_0, 0;
    %jmp T_2.1;
T_2.0 ;
    %load/vec4 v00000189d13e1450_0;
    %dup/vec4;
    %pushi/vec4 1, 0, 4;
    %cmp/u;
    %jmp/1 T_2.2, 6;
    %dup/vec4;
    %pushi/vec4 2, 0, 4;
    %cmp/u;
    %jmp/1 T_2.3, 6;
    %dup/vec4;
    %pushi/vec4 4, 0, 4;
    %cmp/u;
    %jmp/1 T_2.4, 6;
    %dup/vec4;
    %pushi/vec4 8, 0, 4;
    %cmp/u;
    %jmp/1 T_2.5, 6;
    %jmp T_2.6;
T_2.2 ;
    %load/vec4 v00000189d13b2c40_0;
    %subi 1, 0, 6;
    %assign/vec4 v00000189d13b2c40_0, 0;
    %jmp T_2.6;
T_2.3 ;
    %load/vec4 v00000189d13b2d80_0;
    %subi 1, 0, 6;
    %assign/vec4 v00000189d13b2d80_0, 0;
    %load/vec4 v00000189d13b2d80_0;
    %cmpi/e 1, 0, 6;
    %jmp/0xz  T_2.7, 4;
    %pushi/vec4 10, 0, 6;
    %assign/vec4 v00000189d13b2d80_0, 0;
T_2.7 ;
    %jmp T_2.6;
T_2.4 ;
    %load/vec4 v00000189d13b2e20_0;
    %subi 1, 0, 6;
    %assign/vec4 v00000189d13b2e20_0, 0;
    %load/vec4 v00000189d13b2e20_0;
    %cmpi/e 1, 0, 6;
    %jmp/0xz  T_2.9, 4;
    %pushi/vec4 10, 0, 6;
    %assign/vec4 v00000189d13b2e20_0, 0;
T_2.9 ;
    %jmp T_2.6;
T_2.5 ;
    %load/vec4 v00000189d13b2ce0_0;
    %subi 1, 0, 6;
    %assign/vec4 v00000189d13b2ce0_0, 0;
    %load/vec4 v00000189d13e1270_0;
    %pushi/vec4 10, 0, 6;
    %load/vec4 v00000189d13b2ce0_0;
    %cmp/u;
    %flag_get/vec4 5;
    %and;
    %flag_set/vec4 8;
    %jmp/0xz  T_2.11, 8;
    %pushi/vec4 10, 0, 6;
    %assign/vec4 v00000189d13b2ce0_0, 0;
    %jmp T_2.12;
T_2.11 ;
    %load/vec4 v00000189d13b2ce0_0;
    %cmpi/e 1, 0, 6;
    %jmp/0xz  T_2.13, 4;
    %pushi/vec4 60, 0, 6;
    %assign/vec4 v00000189d13b2ce0_0, 0;
T_2.13 ;
T_2.12 ;
    %jmp T_2.6;
T_2.6 ;
    %pop/vec4 1;
T_2.1 ;
    %jmp T_2;
    .thread T_2;
    .scope S_00000189d13b2a10;
T_3 ;
    %wait E_00000189d13d5ce0;
    %load/vec4 v00000189d13e13b0_0;
    %inv;
    %flag_set/vec4 8;
    %jmp/0xz  T_3.0, 8;
    %pushi/vec4 0, 0, 1;
    %assign/vec4 v00000189d13e1310_0, 0;
    %pushi/vec4 0, 0, 1;
    %assign/vec4 v00000189d13e14f0_0, 0;
    %pushi/vec4 0, 0, 1;
    %assign/vec4 v00000189d13e1130_0, 0;
    %pushi/vec4 0, 0, 8;
    %assign/vec4 v00000189d13b2ba0_0, 0;
    %jmp T_3.1;
T_3.0 ;
    %load/vec4 v00000189d13e1450_0;
    %dup/vec4;
    %pushi/vec4 1, 0, 4;
    %cmp/u;
    %jmp/1 T_3.2, 6;
    %dup/vec4;
    %pushi/vec4 2, 0, 4;
    %cmp/u;
    %jmp/1 T_3.3, 6;
    %dup/vec4;
    %pushi/vec4 4, 0, 4;
    %cmp/u;
    %jmp/1 T_3.4, 6;
    %dup/vec4;
    %pushi/vec4 8, 0, 4;
    %cmp/u;
    %jmp/1 T_3.5, 6;
    %pushi/vec4 0, 0, 1;
    %assign/vec4 v00000189d13e1310_0, 0;
    %pushi/vec4 0, 0, 1;
    %assign/vec4 v00000189d13e14f0_0, 0;
    %pushi/vec4 0, 0, 1;
    %assign/vec4 v00000189d13e1130_0, 0;
    %pushi/vec4 0, 0, 8;
    %assign/vec4 v00000189d13b2ba0_0, 0;
    %jmp T_3.7;
T_3.2 ;
    %pushi/vec4 0, 0, 1;
    %assign/vec4 v00000189d13e1310_0, 0;
    %pushi/vec4 0, 0, 1;
    %assign/vec4 v00000189d13e14f0_0, 0;
    %pushi/vec4 0, 0, 1;
    %assign/vec4 v00000189d13e1130_0, 0;
    %load/vec4 v00000189d13b2c40_0;
    %pad/u 8;
    %assign/vec4 v00000189d13b2ba0_0, 0;
    %jmp T_3.7;
T_3.3 ;
    %pushi/vec4 1, 0, 1;
    %assign/vec4 v00000189d13e1310_0, 0;
    %pushi/vec4 0, 0, 1;
    %assign/vec4 v00000189d13e14f0_0, 0;
    %pushi/vec4 0, 0, 1;
    %assign/vec4 v00000189d13e1130_0, 0;
    %load/vec4 v00000189d13b2d80_0;
    %pad/u 8;
    %assign/vec4 v00000189d13b2ba0_0, 0;
    %jmp T_3.7;
T_3.4 ;
    %pushi/vec4 0, 0, 1;
    %assign/vec4 v00000189d13e1310_0, 0;
    %pushi/vec4 1, 0, 1;
    %assign/vec4 v00000189d13e14f0_0, 0;
    %pushi/vec4 1, 0, 1;
    %assign/vec4 v00000189d13e1130_0, 0;
    %load/vec4 v00000189d13b2e20_0;
    %pad/u 8;
    %assign/vec4 v00000189d13b2ba0_0, 0;
    %jmp T_3.7;
T_3.5 ;
    %pushi/vec4 0, 0, 1;
    %assign/vec4 v00000189d13e1310_0, 0;
    %pushi/vec4 0, 0, 1;
    %assign/vec4 v00000189d13e14f0_0, 0;
    %pushi/vec4 1, 0, 1;
    %assign/vec4 v00000189d13e1130_0, 0;
    %load/vec4 v00000189d13b2ce0_0;
    %pad/u 8;
    %assign/vec4 v00000189d13b2ba0_0, 0;
    %jmp T_3.7;
T_3.7 ;
    %pop/vec4 1;
T_3.1 ;
    %jmp T_3;
    .thread T_3;
# The file index is used to find the file name in the following table.
:file_names 3;
    "N/A";
    "<interactive>";
    "triffic_light.v";
