#! /c/Source/iverilog-install/bin/vvp
:ivl_version "12.0 (devel)" "(s20150603-1110-g18392a46)";
:ivl_delay_selection "TYPICAL";
:vpi_time_precision - 9;
:vpi_module "D:\iverilog\iverilog\lib\ivl\system.vpi";
:vpi_module "D:\iverilog\iverilog\lib\ivl\vhdl_sys.vpi";
:vpi_module "D:\iverilog\iverilog\lib\ivl\vhdl_textio.vpi";
:vpi_module "D:\iverilog\iverilog\lib\ivl\v2005_math.vpi";
:vpi_module "D:\iverilog\iverilog\lib\ivl\va_math.vpi";
S_000001677f36bd40 .scope module, "game_count" "game_count" 2 3;
 .timescale -9 -9;
    .port_info 0 /INPUT 1 "rst_n";
    .port_info 1 /INPUT 1 "clk";
    .port_info 2 /INPUT 10 "money";
    .port_info 3 /INPUT 1 "set";
    .port_info 4 /INPUT 1 "boost";
    .port_info 5 /OUTPUT 10 "remain";
    .port_info 6 /OUTPUT 1 "yellow";
    .port_info 7 /OUTPUT 1 "red";
P_000001677f36bf60 .param/l "NORMAL" 0 2 14, C4<01>;
P_000001677f36bf98 .param/l "SUPER" 0 2 15, C4<10>;
o000001677f48bfd8 .functor BUFZ 1, C4<z>; HiZ drive
v000001677f36ab80_0 .net "boost", 0 0, o000001677f48bfd8;  0 drivers
o000001677f48c008 .functor BUFZ 1, C4<z>; HiZ drive
v000001677f453240_0 .net "clk", 0 0, o000001677f48c008;  0 drivers
o000001677f48c038 .functor BUFZ 10, C4<zzzzzzzzzz>; HiZ drive
v000001677f453020_0 .net "money", 9 0, o000001677f48c038;  0 drivers
v000001677f452e10_0 .var "next_state", 1 0;
v000001677f4d0850_0 .var "red", 0 0;
v000001677f4d08f0_0 .var "remain", 9 0;
o000001677f48c0f8 .functor BUFZ 1, C4<z>; HiZ drive
v000001677f4d0990_0 .net "rst_n", 0 0, o000001677f48c0f8;  0 drivers
o000001677f48c128 .functor BUFZ 1, C4<z>; HiZ drive
v000001677f4d0a30_0 .net "set", 0 0, o000001677f48c128;  0 drivers
v000001677f4d0ad0_0 .var "state", 1 0;
v000001677f4d0b70_0 .var "yellow", 0 0;
E_000001677f489ed0/0 .event negedge, v000001677f4d0990_0;
E_000001677f489ed0/1 .event posedge, v000001677f453240_0;
E_000001677f489ed0 .event/or E_000001677f489ed0/0, E_000001677f489ed0/1;
E_000001677f489f90 .event anyedge, v000001677f4d0ad0_0, v000001677f36ab80_0;
    .scope S_000001677f36bd40;
T_0 ;
    %wait E_000001677f489ed0;
    %load/vec4 v000001677f4d0990_0;
    %inv;
    %flag_set/vec4 8;
    %jmp/0xz  T_0.0, 8;
    %pushi/vec4 1, 0, 2;
    %assign/vec4 v000001677f4d0ad0_0, 0;
    %jmp T_0.1;
T_0.0 ;
    %pushi/vec4 2, 0, 2;
    %assign/vec4 v000001677f4d0ad0_0, 0;
T_0.1 ;
    %jmp T_0;
    .thread T_0;
    .scope S_000001677f36bd40;
T_1 ;
    %wait E_000001677f489f90;
    %load/vec4 v000001677f4d0ad0_0;
    %dup/vec4;
    %pushi/vec4 1, 0, 2;
    %cmp/u;
    %jmp/1 T_1.0, 6;
    %dup/vec4;
    %pushi/vec4 2, 0, 2;
    %cmp/u;
    %jmp/1 T_1.1, 6;
    %pushi/vec4 1, 0, 2;
    %store/vec4 v000001677f452e10_0, 0, 2;
    %jmp T_1.3;
T_1.0 ;
    %load/vec4 v000001677f36ab80_0;
    %flag_set/vec4 8;
    %jmp/0 T_1.4, 8;
    %pushi/vec4 2, 0, 2;
    %jmp/1 T_1.5, 8;
T_1.4 ; End of true expr.
    %pushi/vec4 1, 0, 2;
    %jmp/0 T_1.5, 8;
 ; End of false expr.
    %blend;
T_1.5;
    %store/vec4 v000001677f452e10_0, 0, 2;
    %jmp T_1.3;
T_1.1 ;
    %load/vec4 v000001677f36ab80_0;
    %inv;
    %flag_set/vec4 8;
    %jmp/0 T_1.6, 8;
    %pushi/vec4 1, 0, 2;
    %jmp/1 T_1.7, 8;
T_1.6 ; End of true expr.
    %pushi/vec4 2, 0, 2;
    %jmp/0 T_1.7, 8;
 ; End of false expr.
    %blend;
T_1.7;
    %store/vec4 v000001677f452e10_0, 0, 2;
    %jmp T_1.3;
T_1.3 ;
    %pop/vec4 1;
    %jmp T_1;
    .thread T_1, $push;
    .scope S_000001677f36bd40;
T_2 ;
    %wait E_000001677f489ed0;
    %load/vec4 v000001677f4d0990_0;
    %inv;
    %flag_set/vec4 8;
    %jmp/0xz  T_2.0, 8;
    %pushi/vec4 0, 0, 10;
    %assign/vec4 v000001677f4d08f0_0, 0;
    %jmp T_2.1;
T_2.0 ;
    %load/vec4 v000001677f4d0a30_0;
    %flag_set/vec4 8;
    %jmp/0xz  T_2.2, 8;
    %load/vec4 v000001677f4d08f0_0;
    %load/vec4 v000001677f453020_0;
    %add;
    %assign/vec4 v000001677f4d08f0_0, 0;
    %jmp T_2.3;
T_2.2 ;
    %load/vec4 v000001677f4d0ad0_0;
    %dup/vec4;
    %pushi/vec4 1, 0, 2;
    %cmp/u;
    %jmp/1 T_2.4, 6;
    %dup/vec4;
    %pushi/vec4 1, 0, 2;
    %cmp/u;
    %jmp/1 T_2.5, 6;
    %pushi/vec4 0, 0, 10;
    %assign/vec4 v000001677f4d08f0_0, 0;
    %jmp T_2.7;
T_2.4 ;
    %load/vec4 v000001677f4d08f0_0;
    %subi 1, 0, 10;
    %assign/vec4 v000001677f4d08f0_0, 0;
    %jmp T_2.7;
T_2.5 ;
    %load/vec4 v000001677f4d08f0_0;
    %subi 2, 0, 10;
    %assign/vec4 v000001677f4d08f0_0, 0;
    %jmp T_2.7;
T_2.7 ;
    %pop/vec4 1;
T_2.3 ;
T_2.1 ;
    %jmp T_2;
    .thread T_2;
    .scope S_000001677f36bd40;
T_3 ;
    %wait E_000001677f489ed0;
    %load/vec4 v000001677f4d0990_0;
    %inv;
    %flag_set/vec4 8;
    %jmp/0xz  T_3.0, 8;
    %pushi/vec4 0, 0, 1;
    %assign/vec4 v000001677f4d0b70_0, 0;
    %pushi/vec4 0, 0, 1;
    %assign/vec4 v000001677f4d0850_0, 0;
    %jmp T_3.1;
T_3.0 ;
    %load/vec4 v000001677f4d08f0_0;
    %cmpi/u 10, 0, 10;
    %jmp/0xz  T_3.2, 5;
    %load/vec4 v000001677f4d08f0_0;
    %cmpi/e 0, 0, 10;
    %jmp/0xz  T_3.4, 4;
    %pushi/vec4 1, 0, 1;
    %assign/vec4 v000001677f4d0850_0, 0;
    %pushi/vec4 0, 0, 1;
    %assign/vec4 v000001677f4d0b70_0, 0;
    %jmp T_3.5;
T_3.4 ;
    %pushi/vec4 0, 0, 1;
    %assign/vec4 v000001677f4d0850_0, 0;
    %pushi/vec4 1, 0, 1;
    %assign/vec4 v000001677f4d0b70_0, 0;
T_3.5 ;
T_3.2 ;
T_3.1 ;
    %jmp T_3;
    .thread T_3;
# The file index is used to find the file name in the following table.
:file_names 3;
    "N/A";
    "<interactive>";
    "game_count.v";
