#! /c/Source/iverilog-install/bin/vvp
:ivl_version "12.0 (devel)" "(s20150603-1110-g18392a46)";
:ivl_delay_selection "TYPICAL";
:vpi_time_precision - 9;
:vpi_module "D:\iverilog\iverilog\lib\ivl\system.vpi";
:vpi_module "D:\iverilog\iverilog\lib\ivl\vhdl_sys.vpi";
:vpi_module "D:\iverilog\iverilog\lib\ivl\vhdl_textio.vpi";
:vpi_module "D:\iverilog\iverilog\lib\ivl\v2005_math.vpi";
:vpi_module "D:\iverilog\iverilog\lib\ivl\va_math.vpi";
S_00000297352969d0 .scope module, "ram_mod" "ram_mod" 2 2;
 .timescale -9 -9;
    .port_info 0 /INPUT 1 "clk";
    .port_info 1 /INPUT 1 "rst_n";
    .port_info 2 /INPUT 1 "write_en";
    .port_info 3 /INPUT 8 "write_addr";
    .port_info 4 /INPUT 4 "write_data";
    .port_info 5 /INPUT 1 "read_en";
    .port_info 6 /INPUT 8 "read_addr";
    .port_info 7 /OUTPUT 4 "read_data";
v0000029735296fc0 .array "RAM", 7 0, 3 0;
o00000297352e7f98 .functor BUFZ 1, C4<z>; HiZ drive
v0000029735296b60_0 .net "clk", 0 0, o00000297352e7f98;  0 drivers
v000002973529be70_0 .var/i "i", 31 0;
o00000297352e7ff8 .functor BUFZ 8, C4<zzzzzzzz>; HiZ drive
v000002973529bf10_0 .net "read_addr", 7 0, o00000297352e7ff8;  0 drivers
v0000029735296c00_0 .var "read_data", 3 0;
o00000297352e8058 .functor BUFZ 1, C4<z>; HiZ drive
v0000029735296ca0_0 .net "read_en", 0 0, o00000297352e8058;  0 drivers
o00000297352e8088 .functor BUFZ 1, C4<z>; HiZ drive
v0000029735296d40_0 .net "rst_n", 0 0, o00000297352e8088;  0 drivers
o00000297352e80b8 .functor BUFZ 8, C4<zzzzzzzz>; HiZ drive
v0000029735296de0_0 .net "write_addr", 7 0, o00000297352e80b8;  0 drivers
o00000297352e80e8 .functor BUFZ 4, C4<zzzz>; HiZ drive
v00000297352e2e40_0 .net "write_data", 3 0, o00000297352e80e8;  0 drivers
o00000297352e8118 .functor BUFZ 1, C4<z>; HiZ drive
v00000297352e2f70_0 .net "write_en", 0 0, o00000297352e8118;  0 drivers
E_000002973529c570/0 .event negedge, v0000029735296d40_0;
E_000002973529c570/1 .event posedge, v0000029735296b60_0;
E_000002973529c570 .event/or E_000002973529c570/0, E_000002973529c570/1;
    .scope S_00000297352969d0;
T_0 ;
    %wait E_000002973529c570;
    %load/vec4 v0000029735296d40_0;
    %inv;
    %flag_set/vec4 8;
    %jmp/0xz  T_0.0, 8;
    %pushi/vec4 0, 0, 4;
    %assign/vec4 v0000029735296c00_0, 0;
    %jmp T_0.1;
T_0.0 ;
    %load/vec4 v0000029735296ca0_0;
    %flag_set/vec4 8;
    %jmp/0xz  T_0.2, 8;
    %ix/getv 4, v000002973529bf10_0;
    %load/vec4a v0000029735296fc0, 4;
    %assign/vec4 v0000029735296c00_0, 0;
T_0.2 ;
T_0.1 ;
    %jmp T_0;
    .thread T_0;
    .scope S_00000297352969d0;
T_1 ;
    %wait E_000002973529c570;
    %load/vec4 v0000029735296d40_0;
    %inv;
    %flag_set/vec4 8;
    %jmp/0xz  T_1.0, 8;
    %pushi/vec4 0, 0, 32;
    %store/vec4 v000002973529be70_0, 0, 32;
T_1.2 ;
    %load/vec4 v000002973529be70_0;
    %cmpi/s 7, 0, 32;
    %jmp/0xz T_1.3, 5;
    %pushi/vec4 0, 0, 4;
    %ix/getv/s 3, v000002973529be70_0;
    %ix/load 4, 0, 0; Constant delay
    %assign/vec4/a/d v0000029735296fc0, 0, 4;
    %load/vec4 v000002973529be70_0;
    %addi 1, 0, 32;
    %store/vec4 v000002973529be70_0, 0, 32;
    %jmp T_1.2;
T_1.3 ;
    %jmp T_1.1;
T_1.0 ;
    %load/vec4 v00000297352e2f70_0;
    %flag_set/vec4 8;
    %jmp/0xz  T_1.4, 8;
    %load/vec4 v00000297352e2e40_0;
    %ix/getv 3, v0000029735296de0_0;
    %ix/load 4, 0, 0; Constant delay
    %assign/vec4/a/d v0000029735296fc0, 0, 4;
T_1.4 ;
T_1.1 ;
    %jmp T_1;
    .thread T_1;
# The file index is used to find the file name in the following table.
:file_names 3;
    "N/A";
    "<interactive>";
    "ram_mod.v";
