#! /c/Source/iverilog-install/bin/vvp
:ivl_version "12.0 (devel)" "(s20150603-1110-g18392a46)";
:ivl_delay_selection "TYPICAL";
:vpi_time_precision - 9;
:vpi_module "D:\iverilog\iverilog\lib\ivl\system.vpi";
:vpi_module "D:\iverilog\iverilog\lib\ivl\vhdl_sys.vpi";
:vpi_module "D:\iverilog\iverilog\lib\ivl\vhdl_textio.vpi";
:vpi_module "D:\iverilog\iverilog\lib\ivl\v2005_math.vpi";
:vpi_module "D:\iverilog\iverilog\lib\ivl\va_math.vpi";
S_0000028740a09860 .scope module, "even_div" "even_div" 2 3;
 .timescale -9 -9;
    .port_info 0 /INPUT 1 "rst";
    .port_info 1 /INPUT 1 "clk_in";
    .port_info 2 /OUTPUT 1 "clk_out2";
    .port_info 3 /OUTPUT 1 "clk_out4";
    .port_info 4 /OUTPUT 1 "clk_out8";
L_0000028740a0b6c0 .functor BUFZ 1, v0000028740a099f0_0, C4<0>, C4<0>, C4<0>;
L_0000028740a0b730 .functor BUFZ 1, v0000028740a06dd0_0, C4<0>, C4<0>, C4<0>;
L_0000028740a0b420 .functor BUFZ 1, v0000028740a0aeb0_0, C4<0>, C4<0>, C4<0>;
v0000028740a099f0_0 .var "clk_2", 0 0;
v0000028740a06dd0_0 .var "clk_4", 0 0;
v0000028740a0aeb0_0 .var "clk_8", 0 0;
o000002874092dfe8 .functor BUFZ 1, C4<z>; HiZ drive
v0000028740a0af50_0 .net "clk_in", 0 0, o000002874092dfe8;  0 drivers
v0000028740a0aff0_0 .net "clk_out2", 0 0, L_0000028740a0b6c0;  1 drivers
v0000028740a0b090_0 .net "clk_out4", 0 0, L_0000028740a0b730;  1 drivers
v0000028740a0ba80_0 .net "clk_out8", 0 0, L_0000028740a0b420;  1 drivers
v0000028740a0bb20_0 .var "cnt_2", 0 0;
v0000028740a0bbc0_0 .var "cnt_4", 1 0;
v0000028740a0bc60_0 .var "cnt_8", 2 0;
o000002874092e138 .functor BUFZ 1, C4<z>; HiZ drive
v0000028740a0bd00_0 .net "rst", 0 0, o000002874092e138;  0 drivers
E_0000028740915850/0 .event negedge, v0000028740a0bd00_0;
E_0000028740915850/1 .event posedge, v0000028740a0af50_0;
E_0000028740915850 .event/or E_0000028740915850/0, E_0000028740915850/1;
    .scope S_0000028740a09860;
T_0 ;
    %wait E_0000028740915850;
    %load/vec4 v0000028740a0bd00_0;
    %inv;
    %flag_set/vec4 8;
    %jmp/0xz  T_0.0, 8;
    %pushi/vec4 0, 0, 1;
    %assign/vec4 v0000028740a0bb20_0, 0;
    %pushi/vec4 0, 0, 1;
    %assign/vec4 v0000028740a099f0_0, 0;
    %jmp T_0.1;
T_0.0 ;
    %load/vec4 v0000028740a0bb20_0;
    %addi 1, 0, 1;
    %assign/vec4 v0000028740a0bb20_0, 0;
    %load/vec4 v0000028740a0bb20_0;
    %cmpi/e 0, 0, 1;
    %jmp/0xz  T_0.2, 4;
    %load/vec4 v0000028740a099f0_0;
    %inv;
    %assign/vec4 v0000028740a099f0_0, 0;
    %jmp T_0.3;
T_0.2 ;
    %load/vec4 v0000028740a0bb20_0;
    %cmpi/e 1, 0, 1;
    %jmp/0xz  T_0.4, 4;
    %load/vec4 v0000028740a099f0_0;
    %inv;
    %assign/vec4 v0000028740a099f0_0, 0;
    %pushi/vec4 0, 0, 1;
    %assign/vec4 v0000028740a0bb20_0, 0;
T_0.4 ;
T_0.3 ;
T_0.1 ;
    %jmp T_0;
    .thread T_0;
    .scope S_0000028740a09860;
T_1 ;
    %wait E_0000028740915850;
    %load/vec4 v0000028740a0bd00_0;
    %inv;
    %flag_set/vec4 8;
    %jmp/0xz  T_1.0, 8;
    %pushi/vec4 0, 0, 2;
    %assign/vec4 v0000028740a0bbc0_0, 0;
    %pushi/vec4 0, 0, 1;
    %assign/vec4 v0000028740a06dd0_0, 0;
    %jmp T_1.1;
T_1.0 ;
    %load/vec4 v0000028740a0bbc0_0;
    %addi 1, 0, 2;
    %assign/vec4 v0000028740a0bbc0_0, 0;
    %load/vec4 v0000028740a0bbc0_0;
    %cmpi/e 0, 0, 2;
    %jmp/0xz  T_1.2, 4;
    %load/vec4 v0000028740a06dd0_0;
    %inv;
    %assign/vec4 v0000028740a06dd0_0, 0;
    %jmp T_1.3;
T_1.2 ;
    %load/vec4 v0000028740a0bbc0_0;
    %cmpi/e 2, 0, 2;
    %jmp/0xz  T_1.4, 4;
    %load/vec4 v0000028740a06dd0_0;
    %inv;
    %assign/vec4 v0000028740a06dd0_0, 0;
    %jmp T_1.5;
T_1.4 ;
    %load/vec4 v0000028740a0bbc0_0;
    %cmpi/e 3, 0, 2;
    %jmp/0xz  T_1.6, 4;
    %pushi/vec4 0, 0, 2;
    %assign/vec4 v0000028740a0bbc0_0, 0;
T_1.6 ;
T_1.5 ;
T_1.3 ;
T_1.1 ;
    %jmp T_1;
    .thread T_1;
    .scope S_0000028740a09860;
T_2 ;
    %wait E_0000028740915850;
    %load/vec4 v0000028740a0bd00_0;
    %inv;
    %flag_set/vec4 8;
    %jmp/0xz  T_2.0, 8;
    %pushi/vec4 0, 0, 3;
    %assign/vec4 v0000028740a0bc60_0, 0;
    %pushi/vec4 0, 0, 1;
    %assign/vec4 v0000028740a0aeb0_0, 0;
    %jmp T_2.1;
T_2.0 ;
    %load/vec4 v0000028740a0bc60_0;
    %addi 1, 0, 3;
    %assign/vec4 v0000028740a0bc60_0, 0;
    %load/vec4 v0000028740a0bc60_0;
    %cmpi/e 0, 0, 3;
    %jmp/0xz  T_2.2, 4;
    %load/vec4 v0000028740a0aeb0_0;
    %inv;
    %assign/vec4 v0000028740a0aeb0_0, 0;
    %jmp T_2.3;
T_2.2 ;
    %load/vec4 v0000028740a0bc60_0;
    %cmpi/e 4, 0, 3;
    %jmp/0xz  T_2.4, 4;
    %load/vec4 v0000028740a0aeb0_0;
    %inv;
    %assign/vec4 v0000028740a0aeb0_0, 0;
    %jmp T_2.5;
T_2.4 ;
    %load/vec4 v0000028740a0bc60_0;
    %cmpi/e 7, 0, 3;
    %jmp/0xz  T_2.6, 4;
    %pushi/vec4 0, 0, 3;
    %assign/vec4 v0000028740a0bc60_0, 0;
T_2.6 ;
T_2.5 ;
T_2.3 ;
T_2.1 ;
    %jmp T_2;
    .thread T_2;
# The file index is used to find the file name in the following table.
:file_names 3;
    "N/A";
    "<interactive>";
    "even_div.v";
