#! /c/Source/iverilog-install/bin/vvp
:ivl_version "12.0 (devel)" "(s20150603-1110-g18392a46)";
:ivl_delay_selection "TYPICAL";
:vpi_time_precision - 9;
:vpi_module "D:\iverilog\iverilog\lib\ivl\system.vpi";
:vpi_module "D:\iverilog\iverilog\lib\ivl\vhdl_sys.vpi";
:vpi_module "D:\iverilog\iverilog\lib\ivl\vhdl_textio.vpi";
:vpi_module "D:\iverilog\iverilog\lib\ivl\v2005_math.vpi";
:vpi_module "D:\iverilog\iverilog\lib\ivl\va_math.vpi";
S_000002391a6d69c0 .scope module, "odd_div" "odd_div" 2 3;
 .timescale -9 -9;
    .port_info 0 /INPUT 1 "rst";
    .port_info 1 /INPUT 1 "clk_in";
    .port_info 2 /OUTPUT 1 "clk_out5";
L_000002391a6d71f0 .functor OR 1, v000002391a6d6bf0_0, v000002391a6dbe10_0, C4<0>, C4<0>;
o000002391a72afd8 .functor BUFZ 1, C4<z>; HiZ drive
v000002391a6d6b50_0 .net "clk_in", 0 0, o000002391a72afd8;  0 drivers
v000002391a6dbe10_0 .var "clk_neg", 0 0;
v000002391a6dbeb0_0 .net "clk_out5", 0 0, L_000002391a6d71f0;  1 drivers
v000002391a6d6bf0_0 .var "clk_pos", 0 0;
v000002391a6d6c90_0 .var "cnt_neg", 2 0;
v000002391a6d6d30_0 .var "cnt_pos", 2 0;
o000002391a72b0f8 .functor BUFZ 1, C4<z>; HiZ drive
v000002391a6d6dd0_0 .net "rst", 0 0, o000002391a72b0f8;  0 drivers
E_000002391a6d88f0 .event negedge, v000002391a6d6dd0_0, v000002391a6d6b50_0;
E_000002391a6d8df0/0 .event negedge, v000002391a6d6dd0_0;
E_000002391a6d8df0/1 .event posedge, v000002391a6d6b50_0;
E_000002391a6d8df0 .event/or E_000002391a6d8df0/0, E_000002391a6d8df0/1;
    .scope S_000002391a6d69c0;
T_0 ;
    %wait E_000002391a6d8df0;
    %load/vec4 v000002391a6d6dd0_0;
    %inv;
    %flag_set/vec4 8;
    %jmp/0xz  T_0.0, 8;
    %pushi/vec4 0, 0, 3;
    %assign/vec4 v000002391a6d6d30_0, 0;
    %pushi/vec4 0, 0, 1;
    %assign/vec4 v000002391a6d6bf0_0, 0;
    %jmp T_0.1;
T_0.0 ;
    %load/vec4 v000002391a6d6d30_0;
    %addi 1, 0, 3;
    %assign/vec4 v000002391a6d6d30_0, 0;
    %load/vec4 v000002391a6d6d30_0;
    %cmpi/e 0, 0, 3;
    %jmp/0xz  T_0.2, 4;
    %load/vec4 v000002391a6d6bf0_0;
    %inv;
    %assign/vec4 v000002391a6d6bf0_0, 0;
    %jmp T_0.3;
T_0.2 ;
    %load/vec4 v000002391a6d6d30_0;
    %cmpi/e 2, 0, 3;
    %jmp/0xz  T_0.4, 4;
    %load/vec4 v000002391a6d6bf0_0;
    %inv;
    %assign/vec4 v000002391a6d6bf0_0, 0;
    %jmp T_0.5;
T_0.4 ;
    %load/vec4 v000002391a6d6d30_0;
    %cmpi/e 4, 0, 3;
    %jmp/0xz  T_0.6, 4;
    %pushi/vec4 0, 0, 3;
    %assign/vec4 v000002391a6d6d30_0, 0;
T_0.6 ;
T_0.5 ;
T_0.3 ;
T_0.1 ;
    %jmp T_0;
    .thread T_0;
    .scope S_000002391a6d69c0;
T_1 ;
    %wait E_000002391a6d88f0;
    %load/vec4 v000002391a6d6dd0_0;
    %inv;
    %flag_set/vec4 8;
    %jmp/0xz  T_1.0, 8;
    %pushi/vec4 0, 0, 3;
    %assign/vec4 v000002391a6d6c90_0, 0;
    %pushi/vec4 0, 0, 1;
    %assign/vec4 v000002391a6dbe10_0, 0;
    %jmp T_1.1;
T_1.0 ;
    %load/vec4 v000002391a6d6c90_0;
    %addi 1, 0, 3;
    %assign/vec4 v000002391a6d6c90_0, 0;
    %load/vec4 v000002391a6d6c90_0;
    %cmpi/e 0, 0, 3;
    %jmp/0xz  T_1.2, 4;
    %load/vec4 v000002391a6dbe10_0;
    %inv;
    %assign/vec4 v000002391a6dbe10_0, 0;
    %jmp T_1.3;
T_1.2 ;
    %load/vec4 v000002391a6d6c90_0;
    %cmpi/e 2, 0, 3;
    %jmp/0xz  T_1.4, 4;
    %load/vec4 v000002391a6dbe10_0;
    %inv;
    %assign/vec4 v000002391a6dbe10_0, 0;
    %jmp T_1.5;
T_1.4 ;
    %load/vec4 v000002391a6d6c90_0;
    %cmpi/e 4, 0, 3;
    %jmp/0xz  T_1.6, 4;
    %pushi/vec4 0, 0, 3;
    %assign/vec4 v000002391a6d6c90_0, 0;
T_1.6 ;
T_1.5 ;
T_1.3 ;
T_1.1 ;
    %jmp T_1;
    .thread T_1;
# The file index is used to find the file name in the following table.
:file_names 3;
    "N/A";
    "<interactive>";
    "odd_div.v";
