#! /c/Source/iverilog-install/bin/vvp
:ivl_version "12.0 (devel)" "(s20150603-1110-g18392a46)";
:ivl_delay_selection "TYPICAL";
:vpi_time_precision - 9;
:vpi_module "D:\iverilog\iverilog\lib\ivl\system.vpi";
:vpi_module "D:\iverilog\iverilog\lib\ivl\vhdl_sys.vpi";
:vpi_module "D:\iverilog\iverilog\lib\ivl\vhdl_textio.vpi";
:vpi_module "D:\iverilog\iverilog\lib\ivl\v2005_math.vpi";
:vpi_module "D:\iverilog\iverilog\lib\ivl\va_math.vpi";
S_0000014ad8012a10 .scope module, "odo_div_or" "odo_div_or" 2 3;
 .timescale -9 -9;
    .port_info 0 /INPUT 1 "rst";
    .port_info 1 /INPUT 1 "clk_in";
    .port_info 2 /OUTPUT 1 "clk_out7";
L_0000014ad8013060 .functor OR 1, v0000014ad7ffbf10_0, v0000014ad7ffbdd0_0, C4<0>, C4<0>;
o0000014ad8047fa8 .functor BUFZ 1, C4<z>; HiZ drive
v0000014ad8013260_0 .net "clk_in", 0 0, o0000014ad8047fa8;  0 drivers
v0000014ad7ffbdd0_0 .var "clk_neg", 0 0;
v0000014ad7ffbe70_0 .net "clk_out7", 0 0, L_0000014ad8013060;  1 drivers
v0000014ad7ffbf10_0 .var "clk_pos", 0 0;
v0000014ad8012ba0_0 .var "cnt_neg", 2 0;
v0000014ad8012c40_0 .var "cnt_pos", 2 0;
o0000014ad80480c8 .functor BUFZ 1, C4<z>; HiZ drive
v0000014ad8012ce0_0 .net "rst", 0 0, o0000014ad80480c8;  0 drivers
E_0000014ad7ffa890 .event negedge, v0000014ad8012ce0_0, v0000014ad8013260_0;
E_0000014ad7ffac50/0 .event negedge, v0000014ad8012ce0_0;
E_0000014ad7ffac50/1 .event posedge, v0000014ad8013260_0;
E_0000014ad7ffac50 .event/or E_0000014ad7ffac50/0, E_0000014ad7ffac50/1;
    .scope S_0000014ad8012a10;
T_0 ;
    %wait E_0000014ad7ffac50;
    %load/vec4 v0000014ad8012ce0_0;
    %inv;
    %flag_set/vec4 8;
    %jmp/0xz  T_0.0, 8;
    %pushi/vec4 0, 0, 3;
    %assign/vec4 v0000014ad8012c40_0, 0;
    %pushi/vec4 0, 0, 1;
    %assign/vec4 v0000014ad7ffbf10_0, 0;
    %jmp T_0.1;
T_0.0 ;
    %load/vec4 v0000014ad8012c40_0;
    %addi 1, 0, 3;
    %assign/vec4 v0000014ad8012c40_0, 0;
    %load/vec4 v0000014ad8012c40_0;
    %cmpi/e 2, 0, 3;
    %jmp/0xz  T_0.2, 4;
    %load/vec4 v0000014ad7ffbf10_0;
    %inv;
    %assign/vec4 v0000014ad7ffbf10_0, 0;
    %jmp T_0.3;
T_0.2 ;
    %load/vec4 v0000014ad8012c40_0;
    %cmpi/e 6, 0, 3;
    %jmp/0xz  T_0.4, 4;
    %load/vec4 v0000014ad7ffbf10_0;
    %inv;
    %assign/vec4 v0000014ad7ffbf10_0, 0;
    %pushi/vec4 0, 0, 3;
    %assign/vec4 v0000014ad8012c40_0, 0;
T_0.4 ;
T_0.3 ;
T_0.1 ;
    %jmp T_0;
    .thread T_0;
    .scope S_0000014ad8012a10;
T_1 ;
    %wait E_0000014ad7ffa890;
    %load/vec4 v0000014ad8012ce0_0;
    %inv;
    %flag_set/vec4 8;
    %jmp/0xz  T_1.0, 8;
    %pushi/vec4 0, 0, 3;
    %assign/vec4 v0000014ad8012ba0_0, 0;
    %pushi/vec4 0, 0, 1;
    %assign/vec4 v0000014ad7ffbdd0_0, 0;
    %jmp T_1.1;
T_1.0 ;
    %load/vec4 v0000014ad8012ba0_0;
    %addi 1, 0, 3;
    %assign/vec4 v0000014ad8012ba0_0, 0;
    %load/vec4 v0000014ad8012ba0_0;
    %cmpi/e 2, 0, 3;
    %jmp/0xz  T_1.2, 4;
    %load/vec4 v0000014ad7ffbdd0_0;
    %inv;
    %assign/vec4 v0000014ad7ffbdd0_0, 0;
    %jmp T_1.3;
T_1.2 ;
    %load/vec4 v0000014ad8012ba0_0;
    %cmpi/e 6, 0, 3;
    %jmp/0xz  T_1.4, 4;
    %load/vec4 v0000014ad7ffbdd0_0;
    %inv;
    %assign/vec4 v0000014ad7ffbdd0_0, 0;
    %pushi/vec4 0, 0, 3;
    %assign/vec4 v0000014ad8012ba0_0, 0;
T_1.4 ;
T_1.3 ;
T_1.1 ;
    %jmp T_1;
    .thread T_1;
# The file index is used to find the file name in the following table.
:file_names 3;
    "N/A";
    "<interactive>";
    "odo_div_or.v";
