#! /c/Source/iverilog-install/bin/vvp
:ivl_version "12.0 (devel)" "(s20150603-1110-g18392a46)";
:ivl_delay_selection "TYPICAL";
:vpi_time_precision - 9;
:vpi_module "D:\iverilog\iverilog\lib\ivl\system.vpi";
:vpi_module "D:\iverilog\iverilog\lib\ivl\vhdl_sys.vpi";
:vpi_module "D:\iverilog\iverilog\lib\ivl\vhdl_textio.vpi";
:vpi_module "D:\iverilog\iverilog\lib\ivl\v2005_math.vpi";
:vpi_module "D:\iverilog\iverilog\lib\ivl\va_math.vpi";
S_00000222c687bc60 .scope module, "width_8to12" "width_8to12" 2 3;
 .timescale -9 -9;
    .port_info 0 /INPUT 1 "clk";
    .port_info 1 /INPUT 1 "rst_n";
    .port_info 2 /INPUT 1 "valid_in";
    .port_info 3 /INPUT 8 "data_in";
    .port_info 4 /OUTPUT 1 "valid_out";
    .port_info 5 /OUTPUT 16 "data_out";
o00000222c6996fa8 .functor BUFZ 1, C4<z>; HiZ drive
v00000222c6876fe0_0 .net "clk", 0 0, o00000222c6996fa8;  0 drivers
v00000222c6876dd0_0 .var "cnt", 0 0;
o00000222c6997008 .functor BUFZ 8, C4<zzzzzzzz>; HiZ drive
v00000222c687bdf0_0 .net "data_in", 7 0, o00000222c6997008;  0 drivers
v00000222c687be90_0 .var "data_out", 15 0;
o00000222c6997068 .functor BUFZ 1, C4<z>; HiZ drive
v00000222c687bf30_0 .net "rst_n", 0 0, o00000222c6997068;  0 drivers
v00000222c6994660_0 .var "temp", 7 0;
o00000222c69970c8 .functor BUFZ 1, C4<z>; HiZ drive
v00000222c6994700_0 .net "valid_in", 0 0, o00000222c69970c8;  0 drivers
v00000222c69947a0_0 .var "valid_out", 0 0;
E_00000222c687c0f0/0 .event negedge, v00000222c687bf30_0;
E_00000222c687c0f0/1 .event posedge, v00000222c6876fe0_0;
E_00000222c687c0f0 .event/or E_00000222c687c0f0/0, E_00000222c687c0f0/1;
    .scope S_00000222c687bc60;
T_0 ;
    %wait E_00000222c687c0f0;
    %load/vec4 v00000222c687bf30_0;
    %inv;
    %flag_set/vec4 8;
    %jmp/0xz  T_0.0, 8;
    %pushi/vec4 0, 0, 1;
    %assign/vec4 v00000222c6876dd0_0, 0;
    %pushi/vec4 0, 0, 16;
    %assign/vec4 v00000222c687be90_0, 0;
    %pushi/vec4 0, 0, 8;
    %assign/vec4 v00000222c6994660_0, 0;
    %pushi/vec4 0, 0, 1;
    %assign/vec4 v00000222c69947a0_0, 0;
    %jmp T_0.1;
T_0.0 ;
    %load/vec4 v00000222c6994700_0;
    %flag_set/vec4 8;
    %jmp/0xz  T_0.2, 8;
    %load/vec4 v00000222c687bdf0_0;
    %assign/vec4 v00000222c6994660_0, 0;
    %load/vec4 v00000222c6876dd0_0;
    %pad/u 2;
    %addi 1, 0, 2;
    %pad/u 1;
    %assign/vec4 v00000222c6876dd0_0, 0;
    %load/vec4 v00000222c6876dd0_0;
    %pad/u 2;
    %cmpi/e 1, 0, 2;
    %jmp/0xz  T_0.4, 4;
    %load/vec4 v00000222c6994660_0;
    %load/vec4 v00000222c687bdf0_0;
    %concat/vec4; draw_concat_vec4
    %assign/vec4 v00000222c687be90_0, 0;
    %pushi/vec4 1, 0, 1;
    %assign/vec4 v00000222c69947a0_0, 0;
    %pushi/vec4 0, 0, 1;
    %assign/vec4 v00000222c6876dd0_0, 0;
    %jmp T_0.5;
T_0.4 ;
    %pushi/vec4 0, 0, 1;
    %assign/vec4 v00000222c69947a0_0, 0;
T_0.5 ;
    %jmp T_0.3;
T_0.2 ;
    %pushi/vec4 0, 0, 1;
    %assign/vec4 v00000222c69947a0_0, 0;
T_0.3 ;
T_0.1 ;
    %jmp T_0;
    .thread T_0;
# The file index is used to find the file name in the following table.
:file_names 3;
    "N/A";
    "<interactive>";
    "width_8to16.v";
