#! /c/Source/iverilog-install/bin/vvp
:ivl_version "12.0 (devel)" "(s20150603-1110-g18392a46)";
:ivl_delay_selection "TYPICAL";
:vpi_time_precision - 9;
:vpi_module "D:\iverilog\iverilog\lib\ivl\system.vpi";
:vpi_module "D:\iverilog\iverilog\lib\ivl\vhdl_sys.vpi";
:vpi_module "D:\iverilog\iverilog\lib\ivl\vhdl_textio.vpi";
:vpi_module "D:\iverilog\iverilog\lib\ivl\v2005_math.vpi";
:vpi_module "D:\iverilog\iverilog\lib\ivl\va_math.vpi";
S_00000156a1ae6a20 .scope module, "count_module" "count_module" 2 3;
 .timescale -9 -9;
    .port_info 0 /INPUT 1 "clk";
    .port_info 1 /INPUT 1 "rst_n";
    .port_info 2 /INPUT 1 "set";
    .port_info 3 /INPUT 4 "set_num";
    .port_info 4 /OUTPUT 4 "number";
    .port_info 5 /OUTPUT 1 "zero";
o00000156a1b36f98 .functor BUFZ 1, C4<z>; HiZ drive
v00000156a1ae6f00_0 .net "clk", 0 0, o00000156a1b36f98;  0 drivers
v00000156a1ae6bb0_0 .var "number", 3 0;
o00000156a1b36ff8 .functor BUFZ 1, C4<z>; HiZ drive
v00000156a1ae6c50_0 .net "rst_n", 0 0, o00000156a1b36ff8;  0 drivers
o00000156a1b37028 .functor BUFZ 1, C4<z>; HiZ drive
v00000156a1ae6cf0_0 .net "set", 0 0, o00000156a1b37028;  0 drivers
o00000156a1b37058 .functor BUFZ 4, C4<zzzz>; HiZ drive
v00000156a1aeb840_0 .net "set_num", 3 0, o00000156a1b37058;  0 drivers
v00000156a1aeb8e0_0 .var "zero", 0 0;
E_00000156a1aecb70/0 .event negedge, v00000156a1ae6c50_0;
E_00000156a1aecb70/1 .event posedge, v00000156a1ae6f00_0;
E_00000156a1aecb70 .event/or E_00000156a1aecb70/0, E_00000156a1aecb70/1;
    .scope S_00000156a1ae6a20;
T_0 ;
    %wait E_00000156a1aecb70;
    %load/vec4 v00000156a1ae6c50_0;
    %inv;
    %flag_set/vec4 8;
    %jmp/0xz  T_0.0, 8;
    %pushi/vec4 0, 0, 4;
    %assign/vec4 v00000156a1ae6bb0_0, 0;
    %pushi/vec4 0, 0, 1;
    %assign/vec4 v00000156a1aeb8e0_0, 0;
    %jmp T_0.1;
T_0.0 ;
    %load/vec4 v00000156a1ae6bb0_0;
    %addi 1, 0, 4;
    %assign/vec4 v00000156a1ae6bb0_0, 0;
    %load/vec4 v00000156a1ae6bb0_0;
    %cmpi/e 15, 0, 4;
    %jmp/0xz  T_0.2, 4;
    %pushi/vec4 1, 0, 1;
    %assign/vec4 v00000156a1aeb8e0_0, 0;
    %jmp T_0.3;
T_0.2 ;
    %load/vec4 v00000156a1ae6cf0_0;
    %flag_set/vec4 8;
    %jmp/0xz  T_0.4, 8;
    %load/vec4 v00000156a1aeb840_0;
    %assign/vec4 v00000156a1ae6bb0_0, 0;
T_0.4 ;
T_0.3 ;
T_0.1 ;
    %jmp T_0;
    .thread T_0;
# The file index is used to find the file name in the following table.
:file_names 3;
    "N/A";
    "<interactive>";
    "count_module.v";
