#! /c/Source/iverilog-install/bin/vvp
:ivl_version "12.0 (devel)" "(s20150603-1110-g18392a46)";
:ivl_delay_selection "TYPICAL";
:vpi_time_precision - 9;
:vpi_module "D:\iverilog\iverilog\lib\ivl\system.vpi";
:vpi_module "D:\iverilog\iverilog\lib\ivl\vhdl_sys.vpi";
:vpi_module "D:\iverilog\iverilog\lib\ivl\vhdl_textio.vpi";
:vpi_module "D:\iverilog\iverilog\lib\ivl\v2005_math.vpi";
:vpi_module "D:\iverilog\iverilog\lib\ivl\va_math.vpi";
S_00000250c4186a20 .scope module, "count_module" "count_module" 2 3;
 .timescale -9 -9;
    .port_info 0 /INPUT 1 "clk";
    .port_info 1 /INPUT 1 "rst_n";
    .port_info 2 /INPUT 1 "mode";
    .port_info 3 /OUTPUT 4 "number";
    .port_info 4 /OUTPUT 1 "zero";
o00000250c42a6fa8 .functor BUFZ 1, C4<z>; HiZ drive
v00000250c4186bb0_0 .net "clk", 0 0, o00000250c42a6fa8;  0 drivers
o00000250c42a6fd8 .functor BUFZ 1, C4<z>; HiZ drive
v00000250c418be60_0 .net "mode", 0 0, o00000250c42a6fd8;  0 drivers
v00000250c418bf00_0 .var "num", 3 0;
v00000250c4186c50_0 .var "number", 3 0;
o00000250c42a7068 .functor BUFZ 1, C4<z>; HiZ drive
v00000250c4186cf0_0 .net "rst_n", 0 0, o00000250c42a7068;  0 drivers
v00000250c42a3da0_0 .var "zero", 0 0;
E_00000250c418c7b0/0 .event negedge, v00000250c4186cf0_0;
E_00000250c418c7b0/1 .event posedge, v00000250c4186bb0_0;
E_00000250c418c7b0 .event/or E_00000250c418c7b0/0, E_00000250c418c7b0/1;
    .scope S_00000250c4186a20;
T_0 ;
    %wait E_00000250c418c7b0;
    %load/vec4 v00000250c4186cf0_0;
    %inv;
    %flag_set/vec4 8;
    %jmp/0xz  T_0.0, 8;
    %pushi/vec4 0, 0, 4;
    %assign/vec4 v00000250c4186c50_0, 0;
    %pushi/vec4 0, 0, 1;
    %assign/vec4 v00000250c42a3da0_0, 0;
    %pushi/vec4 0, 0, 4;
    %assign/vec4 v00000250c418bf00_0, 0;
    %jmp T_0.1;
T_0.0 ;
    %load/vec4 v00000250c418bf00_0;
    %pushi/vec4 0, 0, 4;
    %cmp/e;
    %flag_get/vec4 4;
    %assign/vec4 v00000250c42a3da0_0, 0;
    %load/vec4 v00000250c418bf00_0;
    %assign/vec4 v00000250c4186c50_0, 0;
    %load/vec4 v00000250c418be60_0;
    %dup/vec4;
    %pushi/vec4 0, 0, 1;
    %cmp/u;
    %jmp/1 T_0.2, 6;
    %dup/vec4;
    %pushi/vec4 1, 0, 1;
    %cmp/u;
    %jmp/1 T_0.3, 6;
    %pushi/vec4 0, 0, 4;
    %assign/vec4 v00000250c4186c50_0, 0;
    %pushi/vec4 0, 0, 1;
    %assign/vec4 v00000250c42a3da0_0, 0;
    %jmp T_0.5;
T_0.2 ;
    %load/vec4 v00000250c418bf00_0;
    %cmpi/e 0, 0, 4;
    %flag_mov 8, 4;
    %jmp/0 T_0.6, 8;
    %pushi/vec4 9, 0, 4;
    %jmp/1 T_0.7, 8;
T_0.6 ; End of true expr.
    %load/vec4 v00000250c418bf00_0;
    %subi 1, 0, 4;
    %jmp/0 T_0.7, 8;
 ; End of false expr.
    %blend;
T_0.7;
    %assign/vec4 v00000250c418bf00_0, 0;
    %jmp T_0.5;
T_0.3 ;
    %load/vec4 v00000250c418bf00_0;
    %cmpi/e 9, 0, 4;
    %flag_mov 8, 4;
    %jmp/0 T_0.8, 8;
    %pushi/vec4 0, 0, 4;
    %jmp/1 T_0.9, 8;
T_0.8 ; End of true expr.
    %load/vec4 v00000250c418bf00_0;
    %addi 1, 0, 4;
    %jmp/0 T_0.9, 8;
 ; End of false expr.
    %blend;
T_0.9;
    %assign/vec4 v00000250c418bf00_0, 0;
    %jmp T_0.5;
T_0.5 ;
    %pop/vec4 1;
T_0.1 ;
    %jmp T_0;
    .thread T_0;
# The file index is used to find the file name in the following table.
:file_names 3;
    "N/A";
    "<interactive>";
    "count_module.v";
