#! /c/Source/iverilog-install/bin/vvp
:ivl_version "12.0 (devel)" "(s20150603-1110-g18392a46)";
:ivl_delay_selection "TYPICAL";
:vpi_time_precision - 9;
:vpi_module "D:\iverilog\iverilog\lib\ivl\system.vpi";
:vpi_module "D:\iverilog\iverilog\lib\ivl\vhdl_sys.vpi";
:vpi_module "D:\iverilog\iverilog\lib\ivl\vhdl_textio.vpi";
:vpi_module "D:\iverilog\iverilog\lib\ivl\v2005_math.vpi";
:vpi_module "D:\iverilog\iverilog\lib\ivl\va_math.vpi";
S_00000198e176d590 .scope module, "asyn_fifo" "asyn_fifo" 2 4;
 .timescale -9 -9;
    .port_info 0 /INPUT 1 "wclk";
    .port_info 1 /INPUT 1 "rclk";
    .port_info 2 /INPUT 1 "wrstn";
    .port_info 3 /INPUT 1 "rrstn";
    .port_info 4 /INPUT 1 "winc";
    .port_info 5 /INPUT 1 "rinc";
    .port_info 6 /INPUT 8 "wdata";
    .port_info 7 /OUTPUT 1 "wfull";
    .port_info 8 /OUTPUT 1 "rempty";
    .port_info 9 /OUTPUT 8 "rdata";
P_00000198e176d720 .param/l "ADDR_WIDTH" 1 2 21, +C4<00000000000000000000000000000100>;
P_00000198e176d758 .param/l "DEPTH" 0 2 6, +C4<00000000000000000000000000010000>;
P_00000198e176d790 .param/l "WIDTH" 0 2 5, +C4<00000000000000000000000000001000>;
L_00000198e176e180 .functor NOT 1, L_00000198e17f5850, C4<0>, C4<0>, C4<0>;
o00000198e17989e8 .functor BUFZ 1, C4<z>; HiZ drive
L_00000198e176dfc0 .functor AND 1, o00000198e17989e8, L_00000198e176e180, C4<1>, C4<1>;
L_00000198e176e500 .functor NOT 1, L_00000198e17f6250, C4<0>, C4<0>, C4<0>;
o00000198e1798988 .functor BUFZ 1, C4<z>; HiZ drive
L_00000198e176db60 .functor AND 1, o00000198e1798988, L_00000198e176e500, C4<1>, C4<1>;
L_00000198e17f9170 .functor NOT 2, L_00000198e17f62f0, C4<00>, C4<00>, C4<00>;
v00000198e17f0390_0 .net *"_ivl_13", 1 0, L_00000198e17f62f0;  1 drivers
v00000198e17f1c90_0 .net *"_ivl_14", 1 0, L_00000198e17f9170;  1 drivers
v00000198e17f0c50_0 .net *"_ivl_17", 2 0, L_00000198e17f5fd0;  1 drivers
v00000198e17f0d90_0 .net *"_ivl_18", 4 0, L_00000198e17f5990;  1 drivers
v00000198e17f1f10_0 .net *"_ivl_20", 0 0, L_00000198e17f4ef0;  1 drivers
L_00000198e1810088 .functor BUFT 1, C4<1>, C4<0>, C4<0>, C4<0>;
v00000198e17f1fb0_0 .net/2u *"_ivl_22", 0 0, L_00000198e1810088;  1 drivers
L_00000198e18100d0 .functor BUFT 1, C4<0>, C4<0>, C4<0>, C4<0>;
v00000198e17f0b10_0 .net/2u *"_ivl_24", 0 0, L_00000198e18100d0;  1 drivers
v00000198e17f1510_0 .net *"_ivl_28", 0 0, L_00000198e17f6110;  1 drivers
L_00000198e1810118 .functor BUFT 1, C4<1>, C4<0>, C4<0>, C4<0>;
v00000198e17f15b0_0 .net/2u *"_ivl_30", 0 0, L_00000198e1810118;  1 drivers
L_00000198e1810160 .functor BUFT 1, C4<0>, C4<0>, C4<0>, C4<0>;
v00000198e17f07f0_0 .net/2u *"_ivl_32", 0 0, L_00000198e1810160;  1 drivers
v00000198e17f0890_0 .net *"_ivl_4", 0 0, L_00000198e176e180;  1 drivers
v00000198e17f0bb0_0 .net *"_ivl_8", 0 0, L_00000198e176e500;  1 drivers
v00000198e17f1290_0 .net "raddr", 3 0, L_00000198e17f5530;  1 drivers
v00000198e17f16f0_0 .net "raddr_gray_rsync", 4 0, L_00000198e17f5f30;  1 drivers
v00000198e17f09d0_0 .net "raddr_gray_wsync", 4 0, v00000198e17863f0_0;  1 drivers
v00000198e17f0e30_0 .var "raddr_ptr", 4 0;
v00000198e17f1790_0 .net "raddr_ptr_gray", 4 0, L_00000198e17f5670;  1 drivers
o00000198e17978a8 .functor BUFZ 1, C4<z>; HiZ drive
v00000198e17f0750_0 .net "rclk", 0 0, o00000198e17978a8;  0 drivers
v00000198e17f0a70_0 .net "rdata", 7 0, v00000198e1794100_0;  1 drivers
v00000198e17f2050_0 .net "rempty", 0 0, L_00000198e17f6250;  1 drivers
v00000198e17f1150_0 .net "renc", 0 0, L_00000198e176db60;  1 drivers
v00000198e17f0ed0_0 .net "rinc", 0 0, o00000198e1798988;  0 drivers
o00000198e1798298 .functor BUFZ 1, C4<z>; HiZ drive
v00000198e17f18d0_0 .net "rrstn", 0 0, o00000198e1798298;  0 drivers
v00000198e17f0f70_0 .net "waddr", 3 0, L_00000198e17f4a90;  1 drivers
v00000198e17f1a10_0 .net "waddr_gray_rsync", 4 0, L_00000198e17f5d50;  1 drivers
v00000198e17f1830_0 .net "waddr_gray_wsync", 4 0, L_00000198e17f8df0;  1 drivers
v00000198e17f20f0_0 .var "waddr_ptr", 4 0;
v00000198e17f1b50_0 .net "waddr_ptr_gray", 4 0, L_00000198e17f64d0;  1 drivers
o00000198e1797968 .functor BUFZ 1, C4<z>; HiZ drive
v00000198e17f2230_0 .net "wclk", 0 0, o00000198e1797968;  0 drivers
o00000198e1797998 .functor BUFZ 8, C4<zzzzzzzz>; HiZ drive
v00000198e17f1d30_0 .net "wdata", 7 0, o00000198e1797998;  0 drivers
v00000198e17f1010_0 .net "wenc", 0 0, L_00000198e176dfc0;  1 drivers
v00000198e17f1dd0_0 .net "wfull", 0 0, L_00000198e17f5850;  1 drivers
v00000198e17f0430_0 .net "winc", 0 0, o00000198e17989e8;  0 drivers
o00000198e17983b8 .functor BUFZ 1, C4<z>; HiZ drive
v00000198e17f11f0_0 .net "wrstn", 0 0, o00000198e17983b8;  0 drivers
L_00000198e17f4a90 .part v00000198e17f20f0_0, 0, 4;
L_00000198e17f5530 .part v00000198e17f0e30_0, 0, 4;
L_00000198e17f62f0 .part L_00000198e17f64d0, 3, 2;
L_00000198e17f5fd0 .part L_00000198e17f64d0, 0, 3;
L_00000198e17f5990 .concat [ 3 2 0 0], L_00000198e17f5fd0, L_00000198e17f9170;
L_00000198e17f4ef0 .cmp/eq 5, L_00000198e17f5990, v00000198e17863f0_0;
L_00000198e17f5850 .functor MUXZ 1, L_00000198e18100d0, L_00000198e1810088, L_00000198e17f4ef0, C4<>;
L_00000198e17f6110 .cmp/eq 5, L_00000198e17f5670, L_00000198e17f5d50;
L_00000198e17f6250 .functor MUXZ 1, L_00000198e1810160, L_00000198e1810118, L_00000198e17f6110, C4<>;
S_00000198e1768c10 .scope module, "RAM" "dual_port_RAM" 2 41, 2 163 0, S_00000198e176d590;
 .timescale -9 -9;
    .port_info 0 /INPUT 1 "wclk";
    .port_info 1 /INPUT 1 "wenc";
    .port_info 2 /INPUT 4 "waddr";
    .port_info 3 /INPUT 8 "wdata";
    .port_info 4 /INPUT 1 "rclk";
    .port_info 5 /INPUT 1 "renc";
    .port_info 6 /INPUT 4 "raddr";
    .port_info 7 /OUTPUT 8 "rdata";
P_00000198e17096a0 .param/l "DEPTH" 0 2 164, +C4<00000000000000000000000000010000>;
P_00000198e17096d8 .param/l "WIDTH" 0 2 165, +C4<00000000000000000000000000001000>;
v00000198e1793340 .array "RAM_MEM", 15 0, 7 0;
v00000198e17929e0_0 .net "raddr", 3 0, L_00000198e17f5530;  alias, 1 drivers
v00000198e1793020_0 .net "rclk", 0 0, o00000198e17978a8;  alias, 0 drivers
v00000198e1794100_0 .var "rdata", 7 0;
v00000198e1793520_0 .net "renc", 0 0, L_00000198e176db60;  alias, 1 drivers
v00000198e17944c0_0 .net "waddr", 3 0, L_00000198e17f4a90;  alias, 1 drivers
v00000198e1793f20_0 .net "wclk", 0 0, o00000198e1797968;  alias, 0 drivers
v00000198e1793660_0 .net "wdata", 7 0, o00000198e1797998;  alias, 0 drivers
v00000198e1793160_0 .net "wenc", 0 0, L_00000198e176dfc0;  alias, 1 drivers
E_00000198e1790200 .event posedge, v00000198e1793020_0;
E_00000198e1790500 .event posedge, v00000198e1793f20_0;
S_00000198e1768da0 .scope module, "bin2gray_raddr" "bin2gray" 2 117, 2 192 0, S_00000198e176d590;
 .timescale -9 -9;
    .port_info 0 /INPUT 5 "bin_code";
    .port_info 1 /OUTPUT 5 "gray_code";
P_00000198e1790b00 .param/l "WIDTH" 0 2 193, +C4<000000000000000000000000000000101>;
v00000198e1794600_0 .net *"_ivl_20", 0 0, L_00000198e17f5710;  1 drivers
v00000198e1793a20_0 .net "bin_code", 4 0, v00000198e17f0e30_0;  1 drivers
v00000198e1792940_0 .net "gray_code", 4 0, L_00000198e17f5670;  alias, 1 drivers
L_00000198e17f5210 .part v00000198e17f0e30_0, 0, 1;
L_00000198e17f53f0 .part v00000198e17f0e30_0, 1, 1;
L_00000198e17f4bd0 .part v00000198e17f0e30_0, 1, 1;
L_00000198e17f5df0 .part v00000198e17f0e30_0, 2, 1;
L_00000198e17f4db0 .part v00000198e17f0e30_0, 2, 1;
L_00000198e17f55d0 .part v00000198e17f0e30_0, 3, 1;
L_00000198e17f61b0 .part v00000198e17f0e30_0, 3, 1;
L_00000198e17f5e90 .part v00000198e17f0e30_0, 4, 1;
LS_00000198e17f5670_0_0 .concat8 [ 1 1 1 1], L_00000198e17f9090, L_00000198e17f9100, L_00000198e17f8a70, L_00000198e17f8d80;
LS_00000198e17f5670_0_4 .concat8 [ 1 0 0 0], L_00000198e17f5710;
L_00000198e17f5670 .concat8 [ 4 1 0 0], LS_00000198e17f5670_0_0, LS_00000198e17f5670_0_4;
L_00000198e17f5710 .part v00000198e17f0e30_0, 4, 1;
S_00000198e1762f20 .scope generate, "bin_to_gray[0]" "bin_to_gray[0]" 2 201, 2 201 0, S_00000198e1768da0;
 .timescale -9 -9;
P_00000198e1790380 .param/l "i" 0 2 201, +C4<00>;
L_00000198e17f9090 .functor XOR 1, L_00000198e17f5210, L_00000198e17f53f0, C4<0>, C4<0>;
v00000198e1793b60_0 .net *"_ivl_0", 0 0, L_00000198e17f5210;  1 drivers
v00000198e1792ee0_0 .net *"_ivl_1", 0 0, L_00000198e17f53f0;  1 drivers
v00000198e1793ac0_0 .net *"_ivl_2", 0 0, L_00000198e17f9090;  1 drivers
S_00000198e17630b0 .scope generate, "bin_to_gray[1]" "bin_to_gray[1]" 2 201, 2 201 0, S_00000198e1768da0;
 .timescale -9 -9;
P_00000198e1790e00 .param/l "i" 0 2 201, +C4<01>;
L_00000198e17f9100 .functor XOR 1, L_00000198e17f4bd0, L_00000198e17f5df0, C4<0>, C4<0>;
v00000198e17935c0_0 .net *"_ivl_0", 0 0, L_00000198e17f4bd0;  1 drivers
v00000198e1793840_0 .net *"_ivl_1", 0 0, L_00000198e17f5df0;  1 drivers
v00000198e17938e0_0 .net *"_ivl_2", 0 0, L_00000198e17f9100;  1 drivers
S_00000198e1763240 .scope generate, "bin_to_gray[2]" "bin_to_gray[2]" 2 201, 2 201 0, S_00000198e1768da0;
 .timescale -9 -9;
P_00000198e17903c0 .param/l "i" 0 2 201, +C4<010>;
L_00000198e17f8a70 .functor XOR 1, L_00000198e17f4db0, L_00000198e17f55d0, C4<0>, C4<0>;
v00000198e1792bc0_0 .net *"_ivl_0", 0 0, L_00000198e17f4db0;  1 drivers
v00000198e1793c00_0 .net *"_ivl_1", 0 0, L_00000198e17f55d0;  1 drivers
v00000198e1793ca0_0 .net *"_ivl_2", 0 0, L_00000198e17f8a70;  1 drivers
S_00000198e1766080 .scope generate, "bin_to_gray[3]" "bin_to_gray[3]" 2 201, 2 201 0, S_00000198e1768da0;
 .timescale -9 -9;
P_00000198e1790240 .param/l "i" 0 2 201, +C4<011>;
L_00000198e17f8d80 .functor XOR 1, L_00000198e17f61b0, L_00000198e17f5e90, C4<0>, C4<0>;
v00000198e1793d40_0 .net *"_ivl_0", 0 0, L_00000198e17f61b0;  1 drivers
v00000198e1793980_0 .net *"_ivl_1", 0 0, L_00000198e17f5e90;  1 drivers
v00000198e1792e40_0 .net *"_ivl_2", 0 0, L_00000198e17f8d80;  1 drivers
S_00000198e1766210 .scope module, "bin2gray_waddr" "bin2gray" 2 72, 2 192 0, S_00000198e176d590;
 .timescale -9 -9;
    .port_info 0 /INPUT 5 "bin_code";
    .port_info 1 /OUTPUT 5 "gray_code";
P_00000198e178ffc0 .param/l "WIDTH" 0 2 193, +C4<000000000000000000000000000000101>;
v00000198e1792800_0 .net *"_ivl_20", 0 0, L_00000198e17f4b30;  1 drivers
v00000198e17928a0_0 .net "bin_code", 4 0, v00000198e17f20f0_0;  1 drivers
v00000198e1794380_0 .net "gray_code", 4 0, L_00000198e17f64d0;  alias, 1 drivers
L_00000198e17f52b0 .part v00000198e17f20f0_0, 0, 1;
L_00000198e17f6570 .part v00000198e17f20f0_0, 1, 1;
L_00000198e17f5ad0 .part v00000198e17f20f0_0, 1, 1;
L_00000198e17f4770 .part v00000198e17f20f0_0, 2, 1;
L_00000198e17f48b0 .part v00000198e17f20f0_0, 2, 1;
L_00000198e17f4950 .part v00000198e17f20f0_0, 3, 1;
L_00000198e17f5170 .part v00000198e17f20f0_0, 3, 1;
L_00000198e17f5cb0 .part v00000198e17f20f0_0, 4, 1;
LS_00000198e17f64d0_0_0 .concat8 [ 1 1 1 1], L_00000198e176dc40, L_00000198e17f9020, L_00000198e17f8f40, L_00000198e17f8fb0;
LS_00000198e17f64d0_0_4 .concat8 [ 1 0 0 0], L_00000198e17f4b30;
L_00000198e17f64d0 .concat8 [ 4 1 0 0], LS_00000198e17f64d0_0_0, LS_00000198e17f64d0_0_4;
L_00000198e17f4b30 .part v00000198e17f20f0_0, 4, 1;
S_00000198e17663a0 .scope generate, "bin_to_gray[0]" "bin_to_gray[0]" 2 201, 2 201 0, S_00000198e1766210;
 .timescale -9 -9;
P_00000198e17909c0 .param/l "i" 0 2 201, +C4<00>;
L_00000198e176dc40 .functor XOR 1, L_00000198e17f52b0, L_00000198e17f6570, C4<0>, C4<0>;
v00000198e1792a80_0 .net *"_ivl_0", 0 0, L_00000198e17f52b0;  1 drivers
v00000198e1793de0_0 .net *"_ivl_1", 0 0, L_00000198e17f6570;  1 drivers
v00000198e1793e80_0 .net *"_ivl_2", 0 0, L_00000198e176dc40;  1 drivers
S_00000198e17ee840 .scope generate, "bin_to_gray[1]" "bin_to_gray[1]" 2 201, 2 201 0, S_00000198e1766210;
 .timescale -9 -9;
P_00000198e1790840 .param/l "i" 0 2 201, +C4<01>;
L_00000198e17f9020 .functor XOR 1, L_00000198e17f5ad0, L_00000198e17f4770, C4<0>, C4<0>;
v00000198e1792760_0 .net *"_ivl_0", 0 0, L_00000198e17f5ad0;  1 drivers
v00000198e1792da0_0 .net *"_ivl_1", 0 0, L_00000198e17f4770;  1 drivers
v00000198e1792f80_0 .net *"_ivl_2", 0 0, L_00000198e17f9020;  1 drivers
S_00000198e17ee9d0 .scope generate, "bin_to_gray[2]" "bin_to_gray[2]" 2 201, 2 201 0, S_00000198e1766210;
 .timescale -9 -9;
P_00000198e1790a00 .param/l "i" 0 2 201, +C4<010>;
L_00000198e17f8f40 .functor XOR 1, L_00000198e17f48b0, L_00000198e17f4950, C4<0>, C4<0>;
v00000198e1793fc0_0 .net *"_ivl_0", 0 0, L_00000198e17f48b0;  1 drivers
v00000198e1794060_0 .net *"_ivl_1", 0 0, L_00000198e17f4950;  1 drivers
v00000198e17930c0_0 .net *"_ivl_2", 0 0, L_00000198e17f8f40;  1 drivers
S_00000198e17eeb60 .scope generate, "bin_to_gray[3]" "bin_to_gray[3]" 2 201, 2 201 0, S_00000198e1766210;
 .timescale -9 -9;
P_00000198e1790e40 .param/l "i" 0 2 201, +C4<011>;
L_00000198e17f8fb0 .functor XOR 1, L_00000198e17f5170, L_00000198e17f5cb0, C4<0>, C4<0>;
v00000198e17941a0_0 .net *"_ivl_0", 0 0, L_00000198e17f5170;  1 drivers
v00000198e1794240_0 .net *"_ivl_1", 0 0, L_00000198e17f5cb0;  1 drivers
v00000198e17942e0_0 .net *"_ivl_2", 0 0, L_00000198e17f8fb0;  1 drivers
S_00000198e17eecf0 .scope module, "raddr_gray_rclk_sync" "sync_data" 2 135, 2 230 0, S_00000198e176d590;
 .timescale -9 -9;
    .port_info 0 /INPUT 1 "clk";
    .port_info 1 /INPUT 1 "rstn";
    .port_info 2 /INPUT 5 "data_in";
    .port_info 3 /OUTPUT 5 "data_out";
P_00000198e170a120 .param/l "SYNC_STAGE" 0 2 232, +C4<00000000000000000000000000000010>;
P_00000198e170a158 .param/l "WIDTH" 0 2 231, +C4<000000000000000000000000000000101>;
v00000198e1792d00_0 .net "clk", 0 0, o00000198e17978a8;  alias, 0 drivers
v00000198e1785ef0_0 .net "data_in", 4 0, v00000198e17863f0_0;  alias, 1 drivers
v00000198e17860d0_0 .net "data_out", 4 0, L_00000198e17f5f30;  alias, 1 drivers
v00000198e1785270_0 .net "rstn", 0 0, o00000198e1798298;  alias, 0 drivers
S_00000198e17eee80 .scope generate, "sync_stage_more" "sync_stage_more" 2 241, 2 241 0, S_00000198e17eecf0;
 .timescale -9 -9;
v00000198e1794560_0 .var "data_sync", 9 0;
v00000198e1792b20_0 .var/i "i", 31 0;
E_00000198e1790640/0 .event negedge, v00000198e1785270_0;
E_00000198e1790640/1 .event posedge, v00000198e1793020_0;
E_00000198e1790640 .event/or E_00000198e1790640/0, E_00000198e1790640/1;
L_00000198e17f5f30 .part v00000198e1794560_0, 5, 5;
S_00000198e17ef010 .scope module, "raddr_gray_wclk_sync" "sync_data" 2 125, 2 230 0, S_00000198e176d590;
 .timescale -9 -9;
    .port_info 0 /INPUT 1 "clk";
    .port_info 1 /INPUT 1 "rstn";
    .port_info 2 /INPUT 5 "data_in";
    .port_info 3 /OUTPUT 5 "data_out";
P_00000198e170a1a0 .param/l "SYNC_STAGE" 0 2 232, +C4<00000000000000000000000000000001>;
P_00000198e170a1d8 .param/l "WIDTH" 0 2 231, +C4<000000000000000000000000000000101>;
v00000198e1785590_0 .net "clk", 0 0, o00000198e1797968;  alias, 0 drivers
v00000198e1786710_0 .net "data_in", 4 0, L_00000198e17f5670;  alias, 1 drivers
v00000198e1786a30_0 .net "data_out", 4 0, v00000198e17863f0_0;  alias, 1 drivers
v00000198e1786ad0_0 .net "rstn", 0 0, o00000198e17983b8;  alias, 0 drivers
S_00000198e17ef1a0 .scope generate, "sync_stage_one" "sync_stage_one" 2 241, 2 241 0, S_00000198e17ef010;
 .timescale -9 -9;
v00000198e17863f0_0 .var "data_sync", 4 0;
E_00000198e1790040/0 .event negedge, v00000198e1786ad0_0;
E_00000198e1790040/1 .event posedge, v00000198e1793f20_0;
E_00000198e1790040 .event/or E_00000198e1790040/0, E_00000198e1790040/1;
S_00000198e17efb50 .scope module, "waddr_gray_rclk_sync" "sync_data" 2 90, 2 230 0, S_00000198e176d590;
 .timescale -9 -9;
    .port_info 0 /INPUT 1 "clk";
    .port_info 1 /INPUT 1 "rstn";
    .port_info 2 /INPUT 5 "data_in";
    .port_info 3 /OUTPUT 5 "data_out";
P_00000198e1709c20 .param/l "SYNC_STAGE" 0 2 232, +C4<00000000000000000000000000000010>;
P_00000198e1709c58 .param/l "WIDTH" 0 2 231, +C4<000000000000000000000000000000101>;
v00000198e177c640_0 .net "clk", 0 0, o00000198e17978a8;  alias, 0 drivers
v00000198e177c280_0 .net "data_in", 4 0, L_00000198e17f8df0;  alias, 1 drivers
v00000198e177c960_0 .net "data_out", 4 0, L_00000198e17f5d50;  alias, 1 drivers
v00000198e17f10b0_0 .net "rstn", 0 0, o00000198e1798298;  alias, 0 drivers
S_00000198e17ef830 .scope generate, "sync_stage_more" "sync_stage_more" 2 241, 2 241 0, S_00000198e17efb50;
 .timescale -9 -9;
v00000198e1785630_0 .var "data_sync", 9 0;
v00000198e177c3c0_0 .var/i "i", 31 0;
L_00000198e17f5d50 .part v00000198e1785630_0, 5, 5;
S_00000198e17ef9c0 .scope module, "waddr_gray_wclk_sync" "sync_data" 2 80, 2 230 0, S_00000198e176d590;
 .timescale -9 -9;
    .port_info 0 /INPUT 1 "clk";
    .port_info 1 /INPUT 1 "rstn";
    .port_info 2 /INPUT 5 "data_in";
    .port_info 3 /OUTPUT 5 "data_out";
P_00000198e1709fa0 .param/l "SYNC_STAGE" 0 2 232, +C4<00000000000000000000000000000001>;
P_00000198e1709fd8 .param/l "WIDTH" 0 2 231, +C4<000000000000000000000000000000101>;
v00000198e17f1970_0 .net "clk", 0 0, o00000198e1797968;  alias, 0 drivers
v00000198e17f1650_0 .net "data_in", 4 0, L_00000198e17f64d0;  alias, 1 drivers
v00000198e17f0cf0_0 .net "data_out", 4 0, L_00000198e17f8df0;  alias, 1 drivers
v00000198e17f1470_0 .net "rstn", 0 0, o00000198e17983b8;  alias, 0 drivers
S_00000198e17ef6a0 .scope generate, "sync_stage_one" "sync_stage_one" 2 241, 2 241 0, S_00000198e17ef9c0;
 .timescale -9 -9;
L_00000198e17f8df0 .functor BUFZ 5, v00000198e17f1ab0_0, C4<00000>, C4<00000>, C4<00000>;
v00000198e17f1ab0_0 .var "data_sync", 4 0;
S_00000198e1768a80 .scope module, "gray2bin" "gray2bin" 2 211;
 .timescale -9 -9;
    .port_info 0 /INPUT 8 "gray_code";
    .port_info 1 /OUTPUT 8 "bin_code";
P_00000198e17902c0 .param/l "WIDTH" 0 2 212, +C4<00000000000000000000000000001000>;
v00000198e17f49f0_0 .net *"_ivl_32", 0 0, L_00000198e17fb570;  1 drivers
v00000198e17f4810_0 .net "bin_code", 7 0, L_00000198e17fa0d0;  1 drivers
o00000198e1799048 .functor BUFZ 8, C4<zzzzzzzz>; HiZ drive
v00000198e17f50d0_0 .net "gray_code", 7 0, o00000198e1799048;  0 drivers
L_00000198e17f57b0 .part o00000198e1799048, 0, 1;
L_00000198e17f6390 .part o00000198e1799048, 1, 1;
L_00000198e17f6430 .part o00000198e1799048, 1, 1;
L_00000198e17f5a30 .part o00000198e1799048, 2, 1;
L_00000198e17f4e50 .part o00000198e1799048, 2, 1;
L_00000198e17f9d10 .part o00000198e1799048, 3, 1;
L_00000198e17fa3f0 .part o00000198e1799048, 3, 1;
L_00000198e17fac10 .part o00000198e1799048, 4, 1;
L_00000198e17f9c70 .part o00000198e1799048, 4, 1;
L_00000198e17fa850 .part o00000198e1799048, 5, 1;
L_00000198e17f9b30 .part o00000198e1799048, 5, 1;
L_00000198e17fae90 .part o00000198e1799048, 6, 1;
L_00000198e17fa990 .part o00000198e1799048, 6, 1;
L_00000198e17fa030 .part o00000198e1799048, 7, 1;
LS_00000198e17fa0d0_0_0 .concat8 [ 1 1 1 1], L_00000198e17f95d0, L_00000198e17f91e0, L_00000198e17f9250, L_00000198e17f92c0;
LS_00000198e17fa0d0_0_4 .concat8 [ 1 1 1 1], L_00000198e17f9330, L_00000198e17f93a0, L_00000198e17f9410, L_00000198e17fb570;
L_00000198e17fa0d0 .concat8 [ 4 4 0 0], LS_00000198e17fa0d0_0_0, LS_00000198e17fa0d0_0_4;
L_00000198e17fb570 .part o00000198e1799048, 7, 1;
S_00000198e17efe70 .scope generate, "gray_to_bin[0]" "gray_to_bin[0]" 2 220, 2 220 0, S_00000198e1768a80;
 .timescale -9 -9;
P_00000198e1790540 .param/l "i" 0 2 220, +C4<00>;
L_00000198e17f95d0 .functor XOR 1, L_00000198e17f57b0, L_00000198e17f6390, C4<0>, C4<0>;
v00000198e17f1330_0 .net *"_ivl_0", 0 0, L_00000198e17f57b0;  1 drivers
v00000198e17f13d0_0 .net *"_ivl_1", 0 0, L_00000198e17f6390;  1 drivers
v00000198e17f1bf0_0 .net *"_ivl_2", 0 0, L_00000198e17f95d0;  1 drivers
S_00000198e17f0000 .scope generate, "gray_to_bin[1]" "gray_to_bin[1]" 2 220, 2 220 0, S_00000198e1768a80;
 .timescale -9 -9;
P_00000198e1790b40 .param/l "i" 0 2 220, +C4<01>;
L_00000198e17f91e0 .functor XOR 1, L_00000198e17f6430, L_00000198e17f5a30, C4<0>, C4<0>;
v00000198e17f1e70_0 .net *"_ivl_0", 0 0, L_00000198e17f6430;  1 drivers
v00000198e17f2190_0 .net *"_ivl_1", 0 0, L_00000198e17f5a30;  1 drivers
v00000198e17f04d0_0 .net *"_ivl_2", 0 0, L_00000198e17f91e0;  1 drivers
S_00000198e17f0190 .scope generate, "gray_to_bin[2]" "gray_to_bin[2]" 2 220, 2 220 0, S_00000198e1768a80;
 .timescale -9 -9;
P_00000198e1790080 .param/l "i" 0 2 220, +C4<010>;
L_00000198e17f9250 .functor XOR 1, L_00000198e17f4e50, L_00000198e17f9d10, C4<0>, C4<0>;
v00000198e17f0570_0 .net *"_ivl_0", 0 0, L_00000198e17f4e50;  1 drivers
v00000198e17f0610_0 .net *"_ivl_1", 0 0, L_00000198e17f9d10;  1 drivers
v00000198e17f06b0_0 .net *"_ivl_2", 0 0, L_00000198e17f9250;  1 drivers
S_00000198e17ef380 .scope generate, "gray_to_bin[3]" "gray_to_bin[3]" 2 220, 2 220 0, S_00000198e1768a80;
 .timescale -9 -9;
P_00000198e1790b80 .param/l "i" 0 2 220, +C4<011>;
L_00000198e17f92c0 .functor XOR 1, L_00000198e17fa3f0, L_00000198e17fac10, C4<0>, C4<0>;
v00000198e17f0930_0 .net *"_ivl_0", 0 0, L_00000198e17fa3f0;  1 drivers
v00000198e17f5030_0 .net *"_ivl_1", 0 0, L_00000198e17fac10;  1 drivers
v00000198e17f4d10_0 .net *"_ivl_2", 0 0, L_00000198e17f92c0;  1 drivers
S_00000198e17efce0 .scope generate, "gray_to_bin[4]" "gray_to_bin[4]" 2 220, 2 220 0, S_00000198e1768a80;
 .timescale -9 -9;
P_00000198e17900c0 .param/l "i" 0 2 220, +C4<0100>;
L_00000198e17f9330 .functor XOR 1, L_00000198e17f9c70, L_00000198e17fa850, C4<0>, C4<0>;
v00000198e17f5490_0 .net *"_ivl_0", 0 0, L_00000198e17f9c70;  1 drivers
v00000198e17f6070_0 .net *"_ivl_1", 0 0, L_00000198e17fa850;  1 drivers
v00000198e17f58f0_0 .net *"_ivl_2", 0 0, L_00000198e17f9330;  1 drivers
S_00000198e17ef510 .scope generate, "gray_to_bin[5]" "gray_to_bin[5]" 2 220, 2 220 0, S_00000198e1768a80;
 .timescale -9 -9;
P_00000198e1790580 .param/l "i" 0 2 220, +C4<0101>;
L_00000198e17f93a0 .functor XOR 1, L_00000198e17f9b30, L_00000198e17fae90, C4<0>, C4<0>;
v00000198e17f5350_0 .net *"_ivl_0", 0 0, L_00000198e17f9b30;  1 drivers
v00000198e17f5b70_0 .net *"_ivl_1", 0 0, L_00000198e17fae90;  1 drivers
v00000198e17f4f90_0 .net *"_ivl_2", 0 0, L_00000198e17f93a0;  1 drivers
S_00000198e17f6d20 .scope generate, "gray_to_bin[6]" "gray_to_bin[6]" 2 220, 2 220 0, S_00000198e1768a80;
 .timescale -9 -9;
P_00000198e1790680 .param/l "i" 0 2 220, +C4<0110>;
L_00000198e17f9410 .functor XOR 1, L_00000198e17fa990, L_00000198e17fa030, C4<0>, C4<0>;
v00000198e17f46d0_0 .net *"_ivl_0", 0 0, L_00000198e17fa990;  1 drivers
v00000198e17f5c10_0 .net *"_ivl_1", 0 0, L_00000198e17fa030;  1 drivers
v00000198e17f4c70_0 .net *"_ivl_2", 0 0, L_00000198e17f9410;  1 drivers
    .scope S_00000198e1768c10;
T_0 ;
    %wait E_00000198e1790500;
    %load/vec4 v00000198e1793160_0;
    %flag_set/vec4 8;
    %jmp/0xz  T_0.0, 8;
    %load/vec4 v00000198e1793660_0;
    %load/vec4 v00000198e17944c0_0;
    %pad/u 6;
    %ix/vec4 3;
    %ix/load 4, 0, 0; Constant delay
    %assign/vec4/a/d v00000198e1793340, 0, 4;
T_0.0 ;
    %jmp T_0;
    .thread T_0;
    .scope S_00000198e1768c10;
T_1 ;
    %wait E_00000198e1790200;
    %load/vec4 v00000198e1793520_0;
    %flag_set/vec4 8;
    %jmp/0xz  T_1.0, 8;
    %load/vec4 v00000198e17929e0_0;
    %pad/u 6;
    %ix/vec4 4;
    %load/vec4a v00000198e1793340, 4;
    %assign/vec4 v00000198e1794100_0, 0;
T_1.0 ;
    %jmp T_1;
    .thread T_1;
    .scope S_00000198e17ef6a0;
T_2 ;
    %wait E_00000198e1790040;
    %load/vec4 v00000198e17f1470_0;
    %inv;
    %flag_set/vec4 8;
    %jmp/0xz  T_2.0, 8;
    %pushi/vec4 0, 0, 5;
    %assign/vec4 v00000198e17f1ab0_0, 0;
    %jmp T_2.1;
T_2.0 ;
    %load/vec4 v00000198e17f1650_0;
    %assign/vec4 v00000198e17f1ab0_0, 0;
T_2.1 ;
    %jmp T_2;
    .thread T_2;
    .scope S_00000198e17ef830;
T_3 ;
    %wait E_00000198e1790640;
    %load/vec4 v00000198e17f10b0_0;
    %inv;
    %flag_set/vec4 8;
    %jmp/0xz  T_3.0, 8;
    %pushi/vec4 0, 0, 10;
    %assign/vec4 v00000198e1785630_0, 0;
    %jmp T_3.1;
T_3.0 ;
    %load/vec4 v00000198e177c280_0;
    %ix/load 4, 0, 0;
    %ix/load 5, 0, 0;
    %flag_set/imm 4, 0;
    %assign/vec4/off/d v00000198e1785630_0, 4, 5;
    %pushi/vec4 1, 0, 32;
    %store/vec4 v00000198e177c3c0_0, 0, 32;
T_3.2 ;
    %load/vec4 v00000198e177c3c0_0;
    %cmpi/s 2, 0, 32;
    %jmp/0xz T_3.3, 5;
    %load/vec4 v00000198e1785630_0;
    %load/vec4 v00000198e177c3c0_0;
    %subi 1, 0, 32;
    %pad/s 35;
    %muli 5, 0, 35;
    %part/s 5;
    %ix/load 5, 0, 0;
    %load/vec4 v00000198e177c3c0_0;
    %pad/s 35;
    %muli 5, 0, 35;
    %ix/vec4/s 4;
    %assign/vec4/off/d v00000198e1785630_0, 4, 5;
    %load/vec4 v00000198e177c3c0_0;
    %addi 1, 0, 32;
    %store/vec4 v00000198e177c3c0_0, 0, 32;
    %jmp T_3.2;
T_3.3 ;
T_3.1 ;
    %jmp T_3;
    .thread T_3;
    .scope S_00000198e17ef1a0;
T_4 ;
    %wait E_00000198e1790040;
    %load/vec4 v00000198e1786ad0_0;
    %inv;
    %flag_set/vec4 8;
    %jmp/0xz  T_4.0, 8;
    %pushi/vec4 0, 0, 5;
    %assign/vec4 v00000198e17863f0_0, 0;
    %jmp T_4.1;
T_4.0 ;
    %load/vec4 v00000198e1786710_0;
    %assign/vec4 v00000198e17863f0_0, 0;
T_4.1 ;
    %jmp T_4;
    .thread T_4;
    .scope S_00000198e17eee80;
T_5 ;
    %wait E_00000198e1790640;
    %load/vec4 v00000198e1785270_0;
    %inv;
    %flag_set/vec4 8;
    %jmp/0xz  T_5.0, 8;
    %pushi/vec4 0, 0, 10;
    %assign/vec4 v00000198e1794560_0, 0;
    %jmp T_5.1;
T_5.0 ;
    %load/vec4 v00000198e1785ef0_0;
    %ix/load 4, 0, 0;
    %ix/load 5, 0, 0;
    %flag_set/imm 4, 0;
    %assign/vec4/off/d v00000198e1794560_0, 4, 5;
    %pushi/vec4 1, 0, 32;
    %store/vec4 v00000198e1792b20_0, 0, 32;
T_5.2 ;
    %load/vec4 v00000198e1792b20_0;
    %cmpi/s 2, 0, 32;
    %jmp/0xz T_5.3, 5;
    %load/vec4 v00000198e1794560_0;
    %load/vec4 v00000198e1792b20_0;
    %subi 1, 0, 32;
    %pad/s 35;
    %muli 5, 0, 35;
    %part/s 5;
    %ix/load 5, 0, 0;
    %load/vec4 v00000198e1792b20_0;
    %pad/s 35;
    %muli 5, 0, 35;
    %ix/vec4/s 4;
    %assign/vec4/off/d v00000198e1794560_0, 4, 5;
    %load/vec4 v00000198e1792b20_0;
    %addi 1, 0, 32;
    %store/vec4 v00000198e1792b20_0, 0, 32;
    %jmp T_5.2;
T_5.3 ;
T_5.1 ;
    %jmp T_5;
    .thread T_5;
    .scope S_00000198e176d590;
T_6 ;
    %wait E_00000198e1790040;
    %load/vec4 v00000198e17f11f0_0;
    %inv;
    %flag_set/vec4 8;
    %jmp/0xz  T_6.0, 8;
    %pushi/vec4 0, 0, 5;
    %assign/vec4 v00000198e17f20f0_0, 0;
    %jmp T_6.1;
T_6.0 ;
    %load/vec4 v00000198e17f1010_0;
    %flag_set/vec4 8;
    %jmp/0xz  T_6.2, 8;
    %load/vec4 v00000198e17f20f0_0;
    %pad/u 32;
    %cmpi/e 15, 0, 32;
    %jmp/0xz  T_6.4, 4;
    %pushi/vec4 0, 0, 4;
    %ix/load 4, 0, 0;
    %ix/load 5, 0, 0;
    %flag_set/imm 4, 0;
    %assign/vec4/off/d v00000198e17f20f0_0, 4, 5;
    %load/vec4 v00000198e17f20f0_0;
    %parti/s 1, 4, 4;
    %inv;
    %ix/load 4, 4, 0;
    %ix/load 5, 0, 0;
    %flag_set/imm 4, 0;
    %assign/vec4/off/d v00000198e17f20f0_0, 4, 5;
    %jmp T_6.5;
T_6.4 ;
    %load/vec4 v00000198e17f20f0_0;
    %addi 1, 0, 5;
    %assign/vec4 v00000198e17f20f0_0, 0;
T_6.5 ;
T_6.2 ;
T_6.1 ;
    %jmp T_6;
    .thread T_6;
    .scope S_00000198e176d590;
T_7 ;
    %wait E_00000198e1790640;
    %load/vec4 v00000198e17f18d0_0;
    %inv;
    %flag_set/vec4 8;
    %jmp/0xz  T_7.0, 8;
    %pushi/vec4 0, 0, 5;
    %assign/vec4 v00000198e17f0e30_0, 0;
    %jmp T_7.1;
T_7.0 ;
    %load/vec4 v00000198e17f1150_0;
    %flag_set/vec4 8;
    %jmp/0xz  T_7.2, 8;
    %load/vec4 v00000198e17f0e30_0;
    %pad/u 32;
    %cmpi/e 15, 0, 32;
    %jmp/0xz  T_7.4, 4;
    %pushi/vec4 0, 0, 4;
    %ix/load 4, 0, 0;
    %ix/load 5, 0, 0;
    %flag_set/imm 4, 0;
    %assign/vec4/off/d v00000198e17f0e30_0, 4, 5;
    %load/vec4 v00000198e17f0e30_0;
    %parti/s 1, 4, 4;
    %inv;
    %ix/load 4, 4, 0;
    %ix/load 5, 0, 0;
    %flag_set/imm 4, 0;
    %assign/vec4/off/d v00000198e17f0e30_0, 4, 5;
    %jmp T_7.5;
T_7.4 ;
    %load/vec4 v00000198e17f0e30_0;
    %addi 1, 0, 5;
    %assign/vec4 v00000198e17f0e30_0, 0;
T_7.5 ;
T_7.2 ;
T_7.1 ;
    %jmp T_7;
    .thread T_7;
# The file index is used to find the file name in the following table.
:file_names 3;
    "N/A";
    "<interactive>";
    "asyn_fifo.v";
