#! /c/Source/iverilog-install/bin/vvp
:ivl_version "12.0 (devel)" "(s20150603-1110-g18392a46)";
:ivl_delay_selection "TYPICAL";
:vpi_time_precision - 9;
:vpi_module "D:\iverilog\iverilog\lib\ivl\system.vpi";
:vpi_module "D:\iverilog\iverilog\lib\ivl\vhdl_sys.vpi";
:vpi_module "D:\iverilog\iverilog\lib\ivl\vhdl_textio.vpi";
:vpi_module "D:\iverilog\iverilog\lib\ivl\v2005_math.vpi";
:vpi_module "D:\iverilog\iverilog\lib\ivl\va_math.vpi";
S_000002619c976a70 .scope module, "sequence_detect" "sequence_detect" 2 2;
 .timescale -9 -9;
    .port_info 0 /INPUT 1 "clk";
    .port_info 1 /INPUT 1 "rst_n";
    .port_info 2 /INPUT 1 "a";
    .port_info 3 /OUTPUT 1 "match";
P_000002619c976c00 .param/l "IDLE" 0 2 9, C4<0000000001>;
P_000002619c976c38 .param/l "S0" 0 2 10, C4<0000000010>;
P_000002619c976c70 .param/l "S01" 0 2 11, C4<0000000100>;
P_000002619c976ca8 .param/l "S011" 0 2 12, C4<0000001000>;
P_000002619c976ce0 .param/l "S011X" 0 2 13, C4<0000010000>;
P_000002619c976d18 .param/l "S011XX" 0 2 14, C4<0000100000>;
P_000002619c976d50 .param/l "S011XXX" 0 2 15, C4<0001000000>;
P_000002619c976d88 .param/l "S011XXX1" 0 2 16, C4<0010000000>;
P_000002619c976dc0 .param/l "S011XXX11" 0 2 17, C4<0100000000>;
P_000002619c976df8 .param/l "S011XXX110" 0 2 18, C4<1000000000>;
o000002619c9c8fd8 .functor BUFZ 1, C4<z>; HiZ drive
v000002619c97b530_0 .net "a", 0 0, o000002619c9c8fd8;  0 drivers
o000002619c9c9008 .functor BUFZ 1, C4<z>; HiZ drive
v000002619c977140_0 .net "clk", 0 0, o000002619c9c9008;  0 drivers
v000002619c977360_0 .var "match", 0 0;
v000002619c976e40_0 .var "next_state", 9 0;
o000002619c9c9098 .functor BUFZ 1, C4<z>; HiZ drive
v000002619c976ee0_0 .net "rst_n", 0 0, o000002619c9c9098;  0 drivers
v000002619ca0d850_0 .var "state", 9 0;
E_000002619c9c7a20/0 .event negedge, v000002619c976ee0_0;
E_000002619c9c7a20/1 .event posedge, v000002619c977140_0;
E_000002619c9c7a20 .event/or E_000002619c9c7a20/0, E_000002619c9c7a20/1;
E_000002619c9c7d20 .event anyedge, v000002619ca0d850_0, v000002619c97b530_0;
    .scope S_000002619c976a70;
T_0 ;
    %wait E_000002619c9c7a20;
    %load/vec4 v000002619c976ee0_0;
    %inv;
    %flag_set/vec4 8;
    %jmp/0xz  T_0.0, 8;
    %pushi/vec4 1, 0, 10;
    %assign/vec4 v000002619ca0d850_0, 0;
    %jmp T_0.1;
T_0.0 ;
    %load/vec4 v000002619c976e40_0;
    %assign/vec4 v000002619ca0d850_0, 0;
T_0.1 ;
    %jmp T_0;
    .thread T_0;
    .scope S_000002619c976a70;
T_1 ;
    %wait E_000002619c9c7d20;
    %load/vec4 v000002619ca0d850_0;
    %dup/vec4;
    %pushi/vec4 1, 0, 10;
    %cmp/u;
    %jmp/1 T_1.0, 6;
    %dup/vec4;
    %pushi/vec4 2, 0, 10;
    %cmp/u;
    %jmp/1 T_1.1, 6;
    %dup/vec4;
    %pushi/vec4 4, 0, 10;
    %cmp/u;
    %jmp/1 T_1.2, 6;
    %dup/vec4;
    %pushi/vec4 8, 0, 10;
    %cmp/u;
    %jmp/1 T_1.3, 6;
    %dup/vec4;
    %pushi/vec4 16, 0, 10;
    %cmp/u;
    %jmp/1 T_1.4, 6;
    %dup/vec4;
    %pushi/vec4 32, 0, 10;
    %cmp/u;
    %jmp/1 T_1.5, 6;
    %dup/vec4;
    %pushi/vec4 64, 0, 10;
    %cmp/u;
    %jmp/1 T_1.6, 6;
    %dup/vec4;
    %pushi/vec4 128, 0, 10;
    %cmp/u;
    %jmp/1 T_1.7, 6;
    %dup/vec4;
    %pushi/vec4 256, 0, 10;
    %cmp/u;
    %jmp/1 T_1.8, 6;
    %dup/vec4;
    %pushi/vec4 512, 0, 10;
    %cmp/u;
    %jmp/1 T_1.9, 6;
    %pushi/vec4 1, 0, 10;
    %store/vec4 v000002619c976e40_0, 0, 10;
    %jmp T_1.11;
T_1.0 ;
    %load/vec4 v000002619c97b530_0;
    %inv;
    %flag_set/vec4 8;
    %jmp/0 T_1.12, 8;
    %pushi/vec4 2, 0, 10;
    %jmp/1 T_1.13, 8;
T_1.12 ; End of true expr.
    %pushi/vec4 1, 0, 10;
    %jmp/0 T_1.13, 8;
 ; End of false expr.
    %blend;
T_1.13;
    %store/vec4 v000002619c976e40_0, 0, 10;
    %jmp T_1.11;
T_1.1 ;
    %load/vec4 v000002619c97b530_0;
    %flag_set/vec4 8;
    %jmp/0 T_1.14, 8;
    %pushi/vec4 4, 0, 10;
    %jmp/1 T_1.15, 8;
T_1.14 ; End of true expr.
    %pushi/vec4 2, 0, 10;
    %jmp/0 T_1.15, 8;
 ; End of false expr.
    %blend;
T_1.15;
    %store/vec4 v000002619c976e40_0, 0, 10;
    %jmp T_1.11;
T_1.2 ;
    %load/vec4 v000002619c97b530_0;
    %flag_set/vec4 8;
    %jmp/0 T_1.16, 8;
    %pushi/vec4 8, 0, 10;
    %jmp/1 T_1.17, 8;
T_1.16 ; End of true expr.
    %pushi/vec4 2, 0, 10;
    %jmp/0 T_1.17, 8;
 ; End of false expr.
    %blend;
T_1.17;
    %store/vec4 v000002619c976e40_0, 0, 10;
    %jmp T_1.11;
T_1.3 ;
    %pushi/vec4 16, 0, 10;
    %store/vec4 v000002619c976e40_0, 0, 10;
    %jmp T_1.11;
T_1.4 ;
    %pushi/vec4 32, 0, 10;
    %store/vec4 v000002619c976e40_0, 0, 10;
    %jmp T_1.11;
T_1.5 ;
    %pushi/vec4 64, 0, 10;
    %store/vec4 v000002619c976e40_0, 0, 10;
    %jmp T_1.11;
T_1.6 ;
    %pushi/vec4 128, 0, 10;
    %store/vec4 v000002619c976e40_0, 0, 10;
    %jmp T_1.11;
T_1.7 ;
    %pushi/vec4 256, 0, 10;
    %store/vec4 v000002619c976e40_0, 0, 10;
    %jmp T_1.11;
T_1.8 ;
    %pushi/vec4 512, 0, 10;
    %store/vec4 v000002619c976e40_0, 0, 10;
    %jmp T_1.11;
T_1.9 ;
    %load/vec4 v000002619c97b530_0;
    %flag_set/vec4 8;
    %jmp/0 T_1.18, 8;
    %pushi/vec4 4, 0, 10;
    %jmp/1 T_1.19, 8;
T_1.18 ; End of true expr.
    %pushi/vec4 2, 0, 10;
    %jmp/0 T_1.19, 8;
 ; End of false expr.
    %blend;
T_1.19;
    %store/vec4 v000002619c976e40_0, 0, 10;
    %jmp T_1.11;
T_1.11 ;
    %pop/vec4 1;
    %jmp T_1;
    .thread T_1, $push;
    .scope S_000002619c976a70;
T_2 ;
    %wait E_000002619c9c7a20;
    %load/vec4 v000002619c976ee0_0;
    %inv;
    %flag_set/vec4 8;
    %jmp/0xz  T_2.0, 8;
    %pushi/vec4 0, 0, 1;
    %assign/vec4 v000002619c977360_0, 0;
    %jmp T_2.1;
T_2.0 ;
    %load/vec4 v000002619ca0d850_0;
    %cmpi/e 512, 0, 10;
    %jmp/0xz  T_2.2, 4;
    %pushi/vec4 1, 0, 1;
    %assign/vec4 v000002619c977360_0, 0;
    %jmp T_2.3;
T_2.2 ;
    %pushi/vec4 0, 0, 1;
    %assign/vec4 v000002619c977360_0, 0;
T_2.3 ;
T_2.1 ;
    %jmp T_2;
    .thread T_2;
# The file index is used to find the file name in the following table.
:file_names 3;
    "N/A";
    "<interactive>";
    "sequence_detect.v";
