#! /c/Source/iverilog-install/bin/vvp
:ivl_version "12.0 (devel)" "(s20150603-1110-g18392a46)";
:ivl_delay_selection "TYPICAL";
:vpi_time_precision - 9;
:vpi_module "D:\iverilog\iverilog\lib\ivl\system.vpi";
:vpi_module "D:\iverilog\iverilog\lib\ivl\vhdl_sys.vpi";
:vpi_module "D:\iverilog\iverilog\lib\ivl\vhdl_textio.vpi";
:vpi_module "D:\iverilog\iverilog\lib\ivl\v2005_math.vpi";
:vpi_module "D:\iverilog\iverilog\lib\ivl\va_math.vpi";
S_000001bf17965d60 .scope module, "sequence_detect" "sequence_detect" 2 2;
 .timescale -9 -9;
    .port_info 0 /INPUT 1 "clk";
    .port_info 1 /INPUT 1 "rst_n";
    .port_info 2 /INPUT 1 "a";
    .port_info 3 /OUTPUT 1 "match";
    .port_info 4 /OUTPUT 1 "not_match";
P_000001bf17856a70 .param/l "IDLE" 0 2 10, C4<0000000000001>;
P_000001bf17856aa8 .param/l "S0" 0 2 12, C4<0000000000010>;
P_000001bf17856ae0 .param/l "S01" 0 2 13, C4<0000000000100>;
P_000001bf17856b18 .param/l "S011" 0 2 14, C4<0000000001000>;
P_000001bf17856b50 .param/l "S0111" 0 2 15, C4<0000000010000>;
P_000001bf17856b88 .param/l "S01110" 0 2 16, C4<0000000100000>;
P_000001bf17856bc0 .param/l "S011100" 0 2 17, C4<0000001000000>;
P_000001bf17856bf8 .param/l "S1" 0 2 24, C4<1000000000000>;
P_000001bf17856c30 .param/l "S2" 0 2 23, C4<0100000000000>;
P_000001bf17856c68 .param/l "S3" 0 2 22, C4<0000001000000>;
P_000001bf17856ca0 .param/l "S4" 0 2 21, C4<0000000100000>;
P_000001bf17856cd8 .param/l "S5" 0 2 20, C4<0000000010000>;
P_000001bf17856d10 .param/l "S6" 0 2 19, C4<0000000001000>;
o000001bf1797dfd8 .functor BUFZ 1, C4<z>; HiZ drive
v000001bf17857140_0 .net "a", 0 0, o000001bf1797dfd8;  0 drivers
o000001bf1797e008 .functor BUFZ 1, C4<z>; HiZ drive
v000001bf17857360_0 .net "clk", 0 0, o000001bf1797e008;  0 drivers
v000001bf17856d50_0 .var "match", 0 0;
v000001bf17856df0_0 .var "next_state", 12 0;
v000001bf17856e90_0 .var "not_match", 0 0;
o000001bf1797e0c8 .functor BUFZ 1, C4<z>; HiZ drive
v000001bf179c2c50_0 .net "rst_n", 0 0, o000001bf1797e0c8;  0 drivers
v000001bf179c2cf0_0 .var "state", 12 0;
E_000001bf1785a6d0/0 .event negedge, v000001bf179c2c50_0;
E_000001bf1785a6d0/1 .event posedge, v000001bf17857360_0;
E_000001bf1785a6d0 .event/or E_000001bf1785a6d0/0, E_000001bf1785a6d0/1;
E_000001bf1785a710 .event anyedge, v000001bf179c2cf0_0, v000001bf17857140_0;
    .scope S_000001bf17965d60;
T_0 ;
    %wait E_000001bf1785a6d0;
    %load/vec4 v000001bf179c2c50_0;
    %inv;
    %flag_set/vec4 8;
    %jmp/0xz  T_0.0, 8;
    %pushi/vec4 1, 0, 13;
    %assign/vec4 v000001bf179c2cf0_0, 0;
    %jmp T_0.1;
T_0.0 ;
    %load/vec4 v000001bf17856df0_0;
    %assign/vec4 v000001bf179c2cf0_0, 0;
T_0.1 ;
    %jmp T_0;
    .thread T_0;
    .scope S_000001bf17965d60;
T_1 ;
    %wait E_000001bf1785a710;
    %load/vec4 v000001bf179c2cf0_0;
    %dup/vec4;
    %pushi/vec4 1, 0, 13;
    %cmp/u;
    %jmp/1 T_1.0, 6;
    %dup/vec4;
    %pushi/vec4 2, 0, 13;
    %cmp/u;
    %jmp/1 T_1.1, 6;
    %dup/vec4;
    %pushi/vec4 4, 0, 13;
    %cmp/u;
    %jmp/1 T_1.2, 6;
    %dup/vec4;
    %pushi/vec4 8, 0, 13;
    %cmp/u;
    %jmp/1 T_1.3, 6;
    %dup/vec4;
    %pushi/vec4 16, 0, 13;
    %cmp/u;
    %jmp/1 T_1.4, 6;
    %dup/vec4;
    %pushi/vec4 32, 0, 13;
    %cmp/u;
    %jmp/1 T_1.5, 6;
    %dup/vec4;
    %pushi/vec4 64, 0, 13;
    %cmp/u;
    %jmp/1 T_1.6, 6;
    %dup/vec4;
    %pushi/vec4 8, 0, 13;
    %cmp/u;
    %jmp/1 T_1.7, 6;
    %dup/vec4;
    %pushi/vec4 16, 0, 13;
    %cmp/u;
    %jmp/1 T_1.8, 6;
    %dup/vec4;
    %pushi/vec4 32, 0, 13;
    %cmp/u;
    %jmp/1 T_1.9, 6;
    %dup/vec4;
    %pushi/vec4 64, 0, 13;
    %cmp/u;
    %jmp/1 T_1.10, 6;
    %dup/vec4;
    %pushi/vec4 2048, 0, 13;
    %cmp/u;
    %jmp/1 T_1.11, 6;
    %dup/vec4;
    %pushi/vec4 4096, 0, 13;
    %cmp/u;
    %jmp/1 T_1.12, 6;
    %pushi/vec4 1, 0, 13;
    %store/vec4 v000001bf17856df0_0, 0, 13;
    %jmp T_1.14;
T_1.0 ;
    %load/vec4 v000001bf17857140_0;
    %inv;
    %flag_set/vec4 8;
    %jmp/0 T_1.15, 8;
    %pushi/vec4 2, 0, 13;
    %jmp/1 T_1.16, 8;
T_1.15 ; End of true expr.
    %pushi/vec4 8, 0, 13;
    %jmp/0 T_1.16, 8;
 ; End of false expr.
    %blend;
T_1.16;
    %store/vec4 v000001bf17856df0_0, 0, 13;
    %jmp T_1.14;
T_1.1 ;
    %load/vec4 v000001bf17857140_0;
    %flag_set/vec4 8;
    %jmp/0 T_1.17, 8;
    %pushi/vec4 4, 0, 13;
    %jmp/1 T_1.18, 8;
T_1.17 ; End of true expr.
    %pushi/vec4 16, 0, 13;
    %jmp/0 T_1.18, 8;
 ; End of false expr.
    %blend;
T_1.18;
    %store/vec4 v000001bf17856df0_0, 0, 13;
    %jmp T_1.14;
T_1.2 ;
    %load/vec4 v000001bf17857140_0;
    %flag_set/vec4 8;
    %jmp/0 T_1.19, 8;
    %pushi/vec4 8, 0, 13;
    %jmp/1 T_1.20, 8;
T_1.19 ; End of true expr.
    %pushi/vec4 32, 0, 13;
    %jmp/0 T_1.20, 8;
 ; End of false expr.
    %blend;
T_1.20;
    %store/vec4 v000001bf17856df0_0, 0, 13;
    %jmp T_1.14;
T_1.3 ;
    %load/vec4 v000001bf17857140_0;
    %flag_set/vec4 8;
    %jmp/0 T_1.21, 8;
    %pushi/vec4 16, 0, 13;
    %jmp/1 T_1.22, 8;
T_1.21 ; End of true expr.
    %pushi/vec4 64, 0, 13;
    %jmp/0 T_1.22, 8;
 ; End of false expr.
    %blend;
T_1.22;
    %store/vec4 v000001bf17856df0_0, 0, 13;
    %jmp T_1.14;
T_1.4 ;
    %load/vec4 v000001bf17857140_0;
    %inv;
    %flag_set/vec4 8;
    %jmp/0 T_1.23, 8;
    %pushi/vec4 32, 0, 13;
    %jmp/1 T_1.24, 8;
T_1.23 ; End of true expr.
    %pushi/vec4 2048, 0, 13;
    %jmp/0 T_1.24, 8;
 ; End of false expr.
    %blend;
T_1.24;
    %store/vec4 v000001bf17856df0_0, 0, 13;
    %jmp T_1.14;
T_1.5 ;
    %load/vec4 v000001bf17857140_0;
    %inv;
    %flag_set/vec4 8;
    %jmp/0 T_1.25, 8;
    %pushi/vec4 64, 0, 13;
    %jmp/1 T_1.26, 8;
T_1.25 ; End of true expr.
    %pushi/vec4 4096, 0, 13;
    %jmp/0 T_1.26, 8;
 ; End of false expr.
    %blend;
T_1.26;
    %store/vec4 v000001bf17856df0_0, 0, 13;
    %jmp T_1.14;
T_1.6 ;
    %load/vec4 v000001bf17857140_0;
    %inv;
    %flag_set/vec4 8;
    %jmp/0 T_1.27, 8;
    %pushi/vec4 2, 0, 13;
    %jmp/1 T_1.28, 8;
T_1.27 ; End of true expr.
    %pushi/vec4 8, 0, 13;
    %jmp/0 T_1.28, 8;
 ; End of false expr.
    %blend;
T_1.28;
    %store/vec4 v000001bf17856df0_0, 0, 13;
    %jmp T_1.14;
T_1.7 ;
    %pushi/vec4 16, 0, 13;
    %store/vec4 v000001bf17856df0_0, 0, 13;
    %jmp T_1.14;
T_1.8 ;
    %pushi/vec4 32, 0, 13;
    %store/vec4 v000001bf17856df0_0, 0, 13;
    %jmp T_1.14;
T_1.9 ;
    %pushi/vec4 64, 0, 13;
    %store/vec4 v000001bf17856df0_0, 0, 13;
    %jmp T_1.14;
T_1.10 ;
    %pushi/vec4 2048, 0, 13;
    %store/vec4 v000001bf17856df0_0, 0, 13;
    %jmp T_1.14;
T_1.11 ;
    %pushi/vec4 4096, 0, 13;
    %store/vec4 v000001bf17856df0_0, 0, 13;
    %jmp T_1.14;
T_1.12 ;
    %load/vec4 v000001bf17857140_0;
    %inv;
    %flag_set/vec4 8;
    %jmp/0 T_1.29, 8;
    %pushi/vec4 2, 0, 13;
    %jmp/1 T_1.30, 8;
T_1.29 ; End of true expr.
    %pushi/vec4 8, 0, 13;
    %jmp/0 T_1.30, 8;
 ; End of false expr.
    %blend;
T_1.30;
    %store/vec4 v000001bf17856df0_0, 0, 13;
    %jmp T_1.14;
T_1.14 ;
    %pop/vec4 1;
    %jmp T_1;
    .thread T_1, $push;
    .scope S_000001bf17965d60;
T_2 ;
    %wait E_000001bf1785a6d0;
    %load/vec4 v000001bf179c2c50_0;
    %inv;
    %flag_set/vec4 8;
    %jmp/0xz  T_2.0, 8;
    %pushi/vec4 0, 0, 1;
    %assign/vec4 v000001bf17856d50_0, 0;
    %jmp T_2.1;
T_2.0 ;
    %load/vec4 v000001bf179c2cf0_0;
    %cmpi/e 64, 0, 13;
    %jmp/0xz  T_2.2, 4;
    %pushi/vec4 1, 0, 1;
    %assign/vec4 v000001bf17856d50_0, 0;
    %jmp T_2.3;
T_2.2 ;
    %pushi/vec4 0, 0, 1;
    %assign/vec4 v000001bf17856d50_0, 0;
T_2.3 ;
T_2.1 ;
    %jmp T_2;
    .thread T_2;
    .scope S_000001bf17965d60;
T_3 ;
    %wait E_000001bf1785a6d0;
    %load/vec4 v000001bf179c2c50_0;
    %inv;
    %flag_set/vec4 8;
    %jmp/0xz  T_3.0, 8;
    %pushi/vec4 0, 0, 1;
    %assign/vec4 v000001bf17856e90_0, 0;
    %jmp T_3.1;
T_3.0 ;
    %load/vec4 v000001bf179c2cf0_0;
    %cmpi/e 4096, 0, 13;
    %jmp/0xz  T_3.2, 4;
    %pushi/vec4 1, 0, 1;
    %assign/vec4 v000001bf17856e90_0, 0;
    %jmp T_3.3;
T_3.2 ;
    %pushi/vec4 0, 0, 1;
    %assign/vec4 v000001bf17856e90_0, 0;
T_3.3 ;
T_3.1 ;
    %jmp T_3;
    .thread T_3;
# The file index is used to find the file name in the following table.
:file_names 3;
    "N/A";
    "<interactive>";
    "sequence_detect.v";
