#! /c/Source/iverilog-install/bin/vvp
:ivl_version "12.0 (devel)" "(s20150603-1110-g18392a46)";
:ivl_delay_selection "TYPICAL";
:vpi_time_precision - 9;
:vpi_module "D:\iverilog\iverilog\lib\ivl\system.vpi";
:vpi_module "D:\iverilog\iverilog\lib\ivl\vhdl_sys.vpi";
:vpi_module "D:\iverilog\iverilog\lib\ivl\vhdl_textio.vpi";
:vpi_module "D:\iverilog\iverilog\lib\ivl\v2005_math.vpi";
:vpi_module "D:\iverilog\iverilog\lib\ivl\va_math.vpi";
S_00000207c8c669d0 .scope module, "s_to_p" "s_to_p" 2 3;
 .timescale -9 -9;
    .port_info 0 /INPUT 1 "clk";
    .port_info 1 /INPUT 1 "rst_n";
    .port_info 2 /INPUT 1 "valid_a";
    .port_info 3 /INPUT 1 "data_a";
    .port_info 4 /OUTPUT 1 "ready_a";
    .port_info 5 /OUTPUT 1 "valid_b";
    .port_info 6 /OUTPUT 6 "data_b";
o00000207c8d87fd8 .functor BUFZ 1, C4<z>; HiZ drive
v00000207c8c66b60_0 .net "clk", 0 0, o00000207c8d87fd8;  0 drivers
v00000207c8c66c00_0 .var "cnt", 2 0;
o00000207c8d88038 .functor BUFZ 1, C4<z>; HiZ drive
v00000207c8c66ca0_0 .net "data_a", 0 0, o00000207c8d88038;  0 drivers
v00000207c8c66d40_0 .var "data_b", 5 0;
v00000207c8c66de0_0 .var "ready_a", 0 0;
o00000207c8d880c8 .functor BUFZ 1, C4<z>; HiZ drive
v00000207c8dcac40_0 .net "rst_n", 0 0, o00000207c8d880c8;  0 drivers
v00000207c8dcace0_0 .var "temp", 5 0;
o00000207c8d88128 .functor BUFZ 1, C4<z>; HiZ drive
v00000207c8dcad80_0 .net "valid_a", 0 0, o00000207c8d88128;  0 drivers
v00000207c8dcae20_0 .var "valid_b", 0 0;
E_00000207c8c6b770/0 .event negedge, v00000207c8dcac40_0;
E_00000207c8c6b770/1 .event posedge, v00000207c8c66b60_0;
E_00000207c8c6b770 .event/or E_00000207c8c6b770/0, E_00000207c8c6b770/1;
    .scope S_00000207c8c669d0;
T_0 ;
    %wait E_00000207c8c6b770;
    %load/vec4 v00000207c8dcac40_0;
    %inv;
    %flag_set/vec4 8;
    %jmp/0xz  T_0.0, 8;
    %pushi/vec4 0, 0, 1;
    %assign/vec4 v00000207c8c66de0_0, 0;
    %jmp T_0.1;
T_0.0 ;
    %pushi/vec4 1, 0, 1;
    %assign/vec4 v00000207c8c66de0_0, 0;
T_0.1 ;
    %jmp T_0;
    .thread T_0;
    .scope S_00000207c8c669d0;
T_1 ;
    %wait E_00000207c8c6b770;
    %load/vec4 v00000207c8dcac40_0;
    %inv;
    %flag_set/vec4 8;
    %jmp/0xz  T_1.0, 8;
    %pushi/vec4 0, 0, 6;
    %assign/vec4 v00000207c8c66d40_0, 0;
    %pushi/vec4 0, 0, 1;
    %assign/vec4 v00000207c8dcae20_0, 0;
    %pushi/vec4 0, 0, 3;
    %assign/vec4 v00000207c8c66c00_0, 0;
    %pushi/vec4 0, 0, 6;
    %assign/vec4 v00000207c8dcace0_0, 0;
    %jmp T_1.1;
T_1.0 ;
    %load/vec4 v00000207c8dcad80_0;
    %flag_set/vec4 8;
    %jmp/0xz  T_1.2, 8;
    %load/vec4 v00000207c8c66c00_0;
    %cmpi/e 5, 0, 3;
    %jmp/0xz  T_1.4, 4;
    %pushi/vec4 0, 0, 3;
    %assign/vec4 v00000207c8c66c00_0, 0;
    %load/vec4 v00000207c8c66ca0_0;
    %load/vec4 v00000207c8dcace0_0;
    %parti/s 5, 1, 2;
    %concat/vec4; draw_concat_vec4
    %assign/vec4 v00000207c8c66d40_0, 0;
    %pushi/vec4 1, 0, 1;
    %assign/vec4 v00000207c8dcae20_0, 0;
    %jmp T_1.5;
T_1.4 ;
    %load/vec4 v00000207c8c66ca0_0;
    %load/vec4 v00000207c8dcace0_0;
    %parti/s 5, 1, 2;
    %concat/vec4; draw_concat_vec4
    %assign/vec4 v00000207c8dcace0_0, 0;
    %load/vec4 v00000207c8c66c00_0;
    %addi 1, 0, 3;
    %assign/vec4 v00000207c8c66c00_0, 0;
    %pushi/vec4 0, 0, 1;
    %assign/vec4 v00000207c8dcae20_0, 0;
T_1.5 ;
T_1.2 ;
T_1.1 ;
    %jmp T_1;
    .thread T_1;
# The file index is used to find the file name in the following table.
:file_names 3;
    "N/A";
    "<interactive>";
    "s_to_p.v";
