#! /c/Source/iverilog-install/bin/vvp
:ivl_version "12.0 (devel)" "(s20150603-1110-g18392a46)";
:ivl_delay_selection "TYPICAL";
:vpi_time_precision - 9;
:vpi_module "D:\iverilog\iverilog\lib\ivl\system.vpi";
:vpi_module "D:\iverilog\iverilog\lib\ivl\vhdl_sys.vpi";
:vpi_module "D:\iverilog\iverilog\lib\ivl\vhdl_textio.vpi";
:vpi_module "D:\iverilog\iverilog\lib\ivl\v2005_math.vpi";
:vpi_module "D:\iverilog\iverilog\lib\ivl\va_math.vpi";
S_00000223ac252a10 .scope module, "RAM_1port" "RAM_1port" 2 3;
 .timescale -9 -9;
    .port_info 0 /INPUT 1 "clk";
    .port_info 1 /INPUT 1 "rst";
    .port_info 2 /INPUT 1 "enb";
    .port_info 3 /INPUT 7 "addr";
    .port_info 4 /INPUT 4 "w_data";
    .port_info 5 /OUTPUT 4 "r_data";
L_00000223ac253260 .functor BUFZ 4, v00000223ac252d80_0, C4<0000>, C4<0000>, C4<0000>;
v00000223ac252ba0 .array "RAM", 127 0, 3 0;
o00000223ac287f98 .functor BUFZ 7, C4<zzzzzzz>; HiZ drive
v00000223ac252c40_0 .net "addr", 6 0, o00000223ac287f98;  0 drivers
o00000223ac287fc8 .functor BUFZ 1, C4<z>; HiZ drive
v00000223ac252ce0_0 .net "clk", 0 0, o00000223ac287fc8;  0 drivers
v00000223ac252d80_0 .var "data_out", 3 0;
o00000223ac288028 .functor BUFZ 1, C4<z>; HiZ drive
v00000223ac252e20_0 .net "enb", 0 0, o00000223ac288028;  0 drivers
v00000223ac16bd50_0 .var/i "i", 31 0;
v00000223ac16bdf0_0 .net "r_data", 3 0, L_00000223ac253260;  1 drivers
o00000223ac2880b8 .functor BUFZ 1, C4<z>; HiZ drive
v00000223ac16be90_0 .net "rst", 0 0, o00000223ac2880b8;  0 drivers
o00000223ac2880e8 .functor BUFZ 4, C4<zzzz>; HiZ drive
v00000223ac16bf30_0 .net "w_data", 3 0, o00000223ac2880e8;  0 drivers
E_00000223ac16ce30 .event negedge, v00000223ac16be90_0, v00000223ac252ce0_0;
E_00000223ac16c370/0 .event negedge, v00000223ac16be90_0;
E_00000223ac16c370/1 .event posedge, v00000223ac252ce0_0;
E_00000223ac16c370 .event/or E_00000223ac16c370/0, E_00000223ac16c370/1;
    .scope S_00000223ac252a10;
T_0 ;
    %wait E_00000223ac16c370;
    %load/vec4 v00000223ac16be90_0;
    %inv;
    %flag_set/vec4 8;
    %jmp/0xz  T_0.0, 8;
    %pushi/vec4 0, 0, 32;
    %store/vec4 v00000223ac16bd50_0, 0, 32;
T_0.2 ;
    %load/vec4 v00000223ac16bd50_0;
    %cmpi/s 127, 0, 32;
    %jmp/0xz T_0.3, 5;
    %pushi/vec4 0, 0, 4;
    %ix/getv/s 3, v00000223ac16bd50_0;
    %ix/load 4, 0, 0; Constant delay
    %assign/vec4/a/d v00000223ac252ba0, 0, 4;
    %load/vec4 v00000223ac16bd50_0;
    %addi 1, 0, 32;
    %store/vec4 v00000223ac16bd50_0, 0, 32;
    %jmp T_0.2;
T_0.3 ;
    %jmp T_0.1;
T_0.0 ;
    %load/vec4 v00000223ac252e20_0;
    %flag_set/vec4 8;
    %jmp/0xz  T_0.4, 8;
    %load/vec4 v00000223ac16bf30_0;
    %load/vec4 v00000223ac252c40_0;
    %pad/u 9;
    %ix/vec4 3;
    %ix/load 4, 0, 0; Constant delay
    %assign/vec4/a/d v00000223ac252ba0, 0, 4;
T_0.4 ;
T_0.1 ;
    %jmp T_0;
    .thread T_0;
    .scope S_00000223ac252a10;
T_1 ;
    %wait E_00000223ac16ce30;
    %load/vec4 v00000223ac16be90_0;
    %inv;
    %flag_set/vec4 8;
    %jmp/0xz  T_1.0, 8;
    %pushi/vec4 0, 0, 4;
    %assign/vec4 v00000223ac252d80_0, 0;
    %jmp T_1.1;
T_1.0 ;
    %load/vec4 v00000223ac252e20_0;
    %inv;
    %flag_set/vec4 8;
    %jmp/0xz  T_1.2, 8;
    %load/vec4 v00000223ac252c40_0;
    %pad/u 9;
    %ix/vec4 4;
    %load/vec4a v00000223ac252ba0, 4;
    %assign/vec4 v00000223ac252d80_0, 0;
T_1.2 ;
T_1.1 ;
    %jmp T_1;
    .thread T_1;
# The file index is used to find the file name in the following table.
:file_names 3;
    "N/A";
    "<interactive>";
    "RAM_1port.v";
