#! /c/Source/iverilog-install/bin/vvp
:ivl_version "12.0 (devel)" "(s20150603-1110-g18392a46)";
:ivl_delay_selection "TYPICAL";
:vpi_time_precision - 9;
:vpi_module "D:\iverilog\iverilog\lib\ivl\system.vpi";
:vpi_module "D:\iverilog\iverilog\lib\ivl\vhdl_sys.vpi";
:vpi_module "D:\iverilog\iverilog\lib\ivl\vhdl_textio.vpi";
:vpi_module "D:\iverilog\iverilog\lib\ivl\v2005_math.vpi";
:vpi_module "D:\iverilog\iverilog\lib\ivl\va_math.vpi";
S_00000202f3542a10 .scope module, "sequence_detect" "sequence_detect" 2 2;
 .timescale -9 -9;
    .port_info 0 /INPUT 1 "clk";
    .port_info 1 /INPUT 1 "rst_n";
    .port_info 2 /INPUT 1 "a";
    .port_info 3 /OUTPUT 1 "match";
P_00000202f3542ba0 .param/l "IDLE" 0 2 9, C4<000000001>;
P_00000202f3542bd8 .param/l "S0" 0 2 10, C4<000000010>;
P_00000202f3542c10 .param/l "S01" 0 2 11, C4<000000100>;
P_00000202f3542c48 .param/l "S011" 0 2 12, C4<000001000>;
P_00000202f3542c80 .param/l "S0111" 0 2 13, C4<000010000>;
P_00000202f3542cb8 .param/l "S01110" 0 2 14, C4<000100000>;
P_00000202f3542cf0 .param/l "S011100" 0 2 15, C4<001000000>;
P_00000202f3542d28 .param/l "S0111000" 0 2 16, C4<010000000>;
P_00000202f3542d60 .param/l "S01110001" 0 2 17, C4<100000000>;
o00000202f357af98 .functor BUFZ 1, C4<z>; HiZ drive
v00000202f3543260_0 .net "a", 0 0, o00000202f357af98;  0 drivers
o00000202f357afc8 .functor BUFZ 1, C4<z>; HiZ drive
v00000202f3542da0_0 .net "clk", 0 0, o00000202f357afc8;  0 drivers
v00000202f3542e40_0 .var "match", 0 0;
v00000202f352bd60_0 .var "next_state", 8 0;
o00000202f357b058 .functor BUFZ 1, C4<z>; HiZ drive
v00000202f352be00_0 .net "rst_n", 0 0, o00000202f357b058;  0 drivers
v00000202f352bea0_0 .var "state", 8 0;
E_00000202f3579600/0 .event negedge, v00000202f352be00_0;
E_00000202f3579600/1 .event posedge, v00000202f3542da0_0;
E_00000202f3579600 .event/or E_00000202f3579600/0, E_00000202f3579600/1;
E_00000202f3579740 .event anyedge, v00000202f352bea0_0, v00000202f3543260_0;
    .scope S_00000202f3542a10;
T_0 ;
    %wait E_00000202f3579600;
    %load/vec4 v00000202f352be00_0;
    %inv;
    %flag_set/vec4 8;
    %jmp/0xz  T_0.0, 8;
    %pushi/vec4 1, 0, 9;
    %assign/vec4 v00000202f352bea0_0, 0;
    %jmp T_0.1;
T_0.0 ;
    %load/vec4 v00000202f352bd60_0;
    %assign/vec4 v00000202f352bea0_0, 0;
T_0.1 ;
    %jmp T_0;
    .thread T_0;
    .scope S_00000202f3542a10;
T_1 ;
    %wait E_00000202f3579740;
    %load/vec4 v00000202f352bea0_0;
    %dup/vec4;
    %pushi/vec4 1, 0, 9;
    %cmp/u;
    %jmp/1 T_1.0, 6;
    %dup/vec4;
    %pushi/vec4 2, 0, 9;
    %cmp/u;
    %jmp/1 T_1.1, 6;
    %dup/vec4;
    %pushi/vec4 4, 0, 9;
    %cmp/u;
    %jmp/1 T_1.2, 6;
    %dup/vec4;
    %pushi/vec4 8, 0, 9;
    %cmp/u;
    %jmp/1 T_1.3, 6;
    %dup/vec4;
    %pushi/vec4 16, 0, 9;
    %cmp/u;
    %jmp/1 T_1.4, 6;
    %dup/vec4;
    %pushi/vec4 32, 0, 9;
    %cmp/u;
    %jmp/1 T_1.5, 6;
    %dup/vec4;
    %pushi/vec4 64, 0, 9;
    %cmp/u;
    %jmp/1 T_1.6, 6;
    %dup/vec4;
    %pushi/vec4 128, 0, 9;
    %cmp/u;
    %jmp/1 T_1.7, 6;
    %dup/vec4;
    %pushi/vec4 256, 0, 9;
    %cmp/u;
    %jmp/1 T_1.8, 6;
    %pushi/vec4 1, 0, 9;
    %store/vec4 v00000202f352bd60_0, 0, 9;
    %jmp T_1.10;
T_1.0 ;
    %load/vec4 v00000202f3543260_0;
    %inv;
    %flag_set/vec4 8;
    %jmp/0 T_1.11, 8;
    %pushi/vec4 2, 0, 9;
    %jmp/1 T_1.12, 8;
T_1.11 ; End of true expr.
    %pushi/vec4 1, 0, 9;
    %jmp/0 T_1.12, 8;
 ; End of false expr.
    %blend;
T_1.12;
    %store/vec4 v00000202f352bd60_0, 0, 9;
    %jmp T_1.10;
T_1.1 ;
    %load/vec4 v00000202f3543260_0;
    %flag_set/vec4 8;
    %jmp/0 T_1.13, 8;
    %pushi/vec4 4, 0, 9;
    %jmp/1 T_1.14, 8;
T_1.13 ; End of true expr.
    %pushi/vec4 2, 0, 9;
    %jmp/0 T_1.14, 8;
 ; End of false expr.
    %blend;
T_1.14;
    %store/vec4 v00000202f352bd60_0, 0, 9;
    %jmp T_1.10;
T_1.2 ;
    %load/vec4 v00000202f3543260_0;
    %flag_set/vec4 8;
    %jmp/0 T_1.15, 8;
    %pushi/vec4 8, 0, 9;
    %jmp/1 T_1.16, 8;
T_1.15 ; End of true expr.
    %pushi/vec4 2, 0, 9;
    %jmp/0 T_1.16, 8;
 ; End of false expr.
    %blend;
T_1.16;
    %store/vec4 v00000202f352bd60_0, 0, 9;
    %jmp T_1.10;
T_1.3 ;
    %load/vec4 v00000202f3543260_0;
    %flag_set/vec4 8;
    %jmp/0 T_1.17, 8;
    %pushi/vec4 16, 0, 9;
    %jmp/1 T_1.18, 8;
T_1.17 ; End of true expr.
    %pushi/vec4 2, 0, 9;
    %jmp/0 T_1.18, 8;
 ; End of false expr.
    %blend;
T_1.18;
    %store/vec4 v00000202f352bd60_0, 0, 9;
    %jmp T_1.10;
T_1.4 ;
    %load/vec4 v00000202f3543260_0;
    %inv;
    %flag_set/vec4 8;
    %jmp/0 T_1.19, 8;
    %pushi/vec4 32, 0, 9;
    %jmp/1 T_1.20, 8;
T_1.19 ; End of true expr.
    %pushi/vec4 1, 0, 9;
    %jmp/0 T_1.20, 8;
 ; End of false expr.
    %blend;
T_1.20;
    %store/vec4 v00000202f352bd60_0, 0, 9;
    %jmp T_1.10;
T_1.5 ;
    %load/vec4 v00000202f3543260_0;
    %inv;
    %flag_set/vec4 8;
    %jmp/0 T_1.21, 8;
    %pushi/vec4 64, 0, 9;
    %jmp/1 T_1.22, 8;
T_1.21 ; End of true expr.
    %pushi/vec4 4, 0, 9;
    %jmp/0 T_1.22, 8;
 ; End of false expr.
    %blend;
T_1.22;
    %store/vec4 v00000202f352bd60_0, 0, 9;
    %jmp T_1.10;
T_1.6 ;
    %load/vec4 v00000202f3543260_0;
    %inv;
    %flag_set/vec4 8;
    %jmp/0 T_1.23, 8;
    %pushi/vec4 128, 0, 9;
    %jmp/1 T_1.24, 8;
T_1.23 ; End of true expr.
    %pushi/vec4 4, 0, 9;
    %jmp/0 T_1.24, 8;
 ; End of false expr.
    %blend;
T_1.24;
    %store/vec4 v00000202f352bd60_0, 0, 9;
    %jmp T_1.10;
T_1.7 ;
    %load/vec4 v00000202f3543260_0;
    %flag_set/vec4 8;
    %jmp/0 T_1.25, 8;
    %pushi/vec4 256, 0, 9;
    %jmp/1 T_1.26, 8;
T_1.25 ; End of true expr.
    %pushi/vec4 2, 0, 9;
    %jmp/0 T_1.26, 8;
 ; End of false expr.
    %blend;
T_1.26;
    %store/vec4 v00000202f352bd60_0, 0, 9;
    %jmp T_1.10;
T_1.8 ;
    %load/vec4 v00000202f3543260_0;
    %flag_set/vec4 8;
    %jmp/0 T_1.27, 8;
    %pushi/vec4 8, 0, 9;
    %jmp/1 T_1.28, 8;
T_1.27 ; End of true expr.
    %pushi/vec4 2, 0, 9;
    %jmp/0 T_1.28, 8;
 ; End of false expr.
    %blend;
T_1.28;
    %store/vec4 v00000202f352bd60_0, 0, 9;
    %jmp T_1.10;
T_1.10 ;
    %pop/vec4 1;
    %jmp T_1;
    .thread T_1, $push;
    .scope S_00000202f3542a10;
T_2 ;
    %wait E_00000202f3579600;
    %load/vec4 v00000202f352be00_0;
    %inv;
    %flag_set/vec4 8;
    %jmp/0xz  T_2.0, 8;
    %pushi/vec4 0, 0, 1;
    %assign/vec4 v00000202f3542e40_0, 0;
    %jmp T_2.1;
T_2.0 ;
    %load/vec4 v00000202f352bea0_0;
    %pushi/vec4 128, 0, 9;
    %cmp/e;
    %flag_get/vec4 4;
    %load/vec4 v00000202f3543260_0;
    %and;
    %flag_set/vec4 8;
    %jmp/0xz  T_2.2, 8;
    %pushi/vec4 1, 0, 1;
    %assign/vec4 v00000202f3542e40_0, 0;
    %jmp T_2.3;
T_2.2 ;
    %pushi/vec4 0, 0, 1;
    %assign/vec4 v00000202f3542e40_0, 0;
T_2.3 ;
T_2.1 ;
    %jmp T_2;
    .thread T_2;
# The file index is used to find the file name in the following table.
:file_names 3;
    "N/A";
    "<interactive>";
    "sequence_detect.v";
