#! /c/Source/iverilog-install/bin/vvp
:ivl_version "12.0 (devel)" "(s20150603-1110-g18392a46)";
:ivl_delay_selection "TYPICAL";
:vpi_time_precision - 9;
:vpi_module "D:\iverilog\iverilog\lib\ivl\system.vpi";
:vpi_module "D:\iverilog\iverilog\lib\ivl\vhdl_sys.vpi";
:vpi_module "D:\iverilog\iverilog\lib\ivl\vhdl_textio.vpi";
:vpi_module "D:\iverilog\iverilog\lib\ivl\v2005_math.vpi";
:vpi_module "D:\iverilog\iverilog\lib\ivl\va_math.vpi";
S_0000017403db6ae0 .scope module, "JC_counter" "JC_counter" 2 3;
 .timescale -9 -9;
    .port_info 0 /INPUT 1 "clk";
    .port_info 1 /INPUT 1 "rst_n";
    .port_info 2 /OUTPUT 4 "Q";
v0000017403db6fe0_0 .var "Q", 3 0;
o0000017403e07008 .functor BUFZ 1, C4<z>; HiZ drive
v0000017403db7200_0 .net "clk", 0 0, o0000017403e07008;  0 drivers
o0000017403e07038 .functor BUFZ 1, C4<z>; HiZ drive
v0000017403db6c70_0 .net "rst_n", 0 0, o0000017403e07038;  0 drivers
E_0000017403e054a0/0 .event negedge, v0000017403db6c70_0;
E_0000017403e054a0/1 .event posedge, v0000017403db7200_0;
E_0000017403e054a0 .event/or E_0000017403e054a0/0, E_0000017403e054a0/1;
    .scope S_0000017403db6ae0;
T_0 ;
    %wait E_0000017403e054a0;
    %load/vec4 v0000017403db6c70_0;
    %inv;
    %flag_set/vec4 8;
    %jmp/0xz  T_0.0, 8;
    %pushi/vec4 0, 0, 4;
    %assign/vec4 v0000017403db6fe0_0, 0;
    %jmp T_0.1;
T_0.0 ;
    %load/vec4 v0000017403db6fe0_0;
    %parti/s 1, 0, 2;
    %inv;
    %load/vec4 v0000017403db6fe0_0;
    %parti/s 3, 1, 2;
    %concat/vec4; draw_concat_vec4
    %assign/vec4 v0000017403db6fe0_0, 0;
T_0.1 ;
    %jmp T_0;
    .thread T_0;
# The file index is used to find the file name in the following table.
:file_names 3;
    "N/A";
    "<interactive>";
    "JC_counter.v";
