#! /c/Source/iverilog-install/bin/vvp
:ivl_version "12.0 (devel)" "(s20150603-1110-g18392a46)";
:ivl_delay_selection "TYPICAL";
:vpi_time_precision - 9;
:vpi_module "D:\iverilog\iverilog\lib\ivl\system.vpi";
:vpi_module "D:\iverilog\iverilog\lib\ivl\vhdl_sys.vpi";
:vpi_module "D:\iverilog\iverilog\lib\ivl\vhdl_textio.vpi";
:vpi_module "D:\iverilog\iverilog\lib\ivl\v2005_math.vpi";
:vpi_module "D:\iverilog\iverilog\lib\ivl\va_math.vpi";
S_0000023a0f2195f0 .scope module, "div_M_N" "div_M_N" 2 3;
 .timescale -9 -9;
    .port_info 0 /INPUT 1 "clk_in";
    .port_info 1 /INPUT 1 "rst";
    .port_info 2 /OUTPUT 1 "clk_out";
P_0000023a0f232a10 .param/l "M_N" 0 2 8, C4<01010111>;
P_0000023a0f232a48 .param/l "c89" 0 2 9, C4<00011000>;
P_0000023a0f232a80 .param/l "div_e" 0 2 10, C4<01000>;
P_0000023a0f232ab8 .param/l "div_o" 0 2 11, C4<01001>;
L_0000023a0f21beb0 .functor OR 1, v0000023a0f233020_0, v0000023a0f233240_0, C4<0>, C4<0>;
v0000023a0f233020_0 .var "clk_8", 0 0;
v0000023a0f233240_0 .var "clk_9", 0 0;
o0000023a0f26e018 .functor BUFZ 1, C4<z>; HiZ drive
v0000023a0f232b00_0 .net "clk_in", 0 0, o0000023a0f26e018;  0 drivers
v0000023a0f232ba0_0 .net "clk_out", 0 0, L_0000023a0f21beb0;  1 drivers
v0000023a0f232c40_0 .var "cnt", 7 0;
v0000023a0f232ce0_0 .var "cnt_8", 4 0;
v0000023a0f232d80_0 .var "cnt_9", 4 0;
o0000023a0f26e108 .functor BUFZ 1, C4<z>; HiZ drive
v0000023a0f232e20_0 .net "rst", 0 0, o0000023a0f26e108;  0 drivers
v0000023a0f2b0820_0 .var "switch", 0 0;
E_0000023a0f21b3d0/0 .event negedge, v0000023a0f232e20_0;
E_0000023a0f21b3d0/1 .event posedge, v0000023a0f232b00_0;
E_0000023a0f21b3d0 .event/or E_0000023a0f21b3d0/0, E_0000023a0f21b3d0/1;
    .scope S_0000023a0f2195f0;
T_0 ;
    %wait E_0000023a0f21b3d0;
    %load/vec4 v0000023a0f232e20_0;
    %inv;
    %flag_set/vec4 8;
    %jmp/0xz  T_0.0, 8;
    %pushi/vec4 0, 0, 8;
    %assign/vec4 v0000023a0f232c40_0, 0;
    %pushi/vec4 0, 0, 1;
    %assign/vec4 v0000023a0f2b0820_0, 0;
    %jmp T_0.1;
T_0.0 ;
    %load/vec4 v0000023a0f232c40_0;
    %cmpi/e 23, 0, 8;
    %jmp/0xz  T_0.2, 4;
    %pushi/vec4 1, 0, 1;
    %assign/vec4 v0000023a0f2b0820_0, 0;
    %jmp T_0.3;
T_0.2 ;
    %load/vec4 v0000023a0f232c40_0;
    %cmpi/e 86, 0, 8;
    %jmp/0xz  T_0.4, 4;
    %pushi/vec4 0, 0, 1;
    %assign/vec4 v0000023a0f2b0820_0, 0;
    %pushi/vec4 0, 0, 8;
    %assign/vec4 v0000023a0f232c40_0, 0;
T_0.4 ;
T_0.3 ;
T_0.1 ;
    %jmp T_0;
    .thread T_0;
    .scope S_0000023a0f2195f0;
T_1 ;
    %wait E_0000023a0f21b3d0;
    %load/vec4 v0000023a0f232e20_0;
    %inv;
    %flag_set/vec4 8;
    %jmp/0xz  T_1.0, 8;
    %pushi/vec4 0, 0, 5;
    %assign/vec4 v0000023a0f232ce0_0, 0;
    %pushi/vec4 0, 0, 5;
    %assign/vec4 v0000023a0f232d80_0, 0;
    %pushi/vec4 0, 0, 1;
    %assign/vec4 v0000023a0f233020_0, 0;
    %pushi/vec4 0, 0, 1;
    %assign/vec4 v0000023a0f233240_0, 0;
    %jmp T_1.1;
T_1.0 ;
    %load/vec4 v0000023a0f2b0820_0;
    %inv;
    %flag_set/vec4 8;
    %jmp/0xz  T_1.2, 8;
    %load/vec4 v0000023a0f232ce0_0;
    %addi 1, 0, 5;
    %assign/vec4 v0000023a0f232ce0_0, 0;
    %load/vec4 v0000023a0f232ce0_0;
    %cmpi/e 7, 0, 5;
    %jmp/0xz  T_1.4, 4;
    %load/vec4 v0000023a0f232c40_0;
    %addi 1, 0, 8;
    %assign/vec4 v0000023a0f232c40_0, 0;
    %jmp T_1.5;
T_1.4 ;
    %load/vec4 v0000023a0f232ce0_0;
    %cmpi/e 0, 0, 5;
    %jmp/0xz  T_1.6, 4;
    %load/vec4 v0000023a0f233020_0;
    %inv;
    %assign/vec4 v0000023a0f233020_0, 0;
    %jmp T_1.7;
T_1.6 ;
    %load/vec4 v0000023a0f232ce0_0;
    %cmpi/e 4, 0, 5;
    %jmp/0xz  T_1.8, 4;
    %load/vec4 v0000023a0f233020_0;
    %inv;
    %assign/vec4 v0000023a0f233020_0, 0;
T_1.8 ;
T_1.7 ;
T_1.5 ;
    %jmp T_1.3;
T_1.2 ;
    %load/vec4 v0000023a0f232d80_0;
    %addi 1, 0, 5;
    %assign/vec4 v0000023a0f232d80_0, 0;
    %load/vec4 v0000023a0f232d80_0;
    %cmpi/e 8, 0, 5;
    %jmp/0xz  T_1.10, 4;
    %load/vec4 v0000023a0f232c40_0;
    %addi 1, 0, 8;
    %assign/vec4 v0000023a0f232c40_0, 0;
    %jmp T_1.11;
T_1.10 ;
    %load/vec4 v0000023a0f232d80_0;
    %cmpi/e 0, 0, 5;
    %jmp/0xz  T_1.12, 4;
    %load/vec4 v0000023a0f233240_0;
    %inv;
    %assign/vec4 v0000023a0f233240_0, 0;
    %jmp T_1.13;
T_1.12 ;
    %load/vec4 v0000023a0f232d80_0;
    %cmpi/e 4, 0, 5;
    %jmp/0xz  T_1.14, 4;
    %load/vec4 v0000023a0f233240_0;
    %inv;
    %assign/vec4 v0000023a0f233240_0, 0;
T_1.14 ;
T_1.13 ;
T_1.11 ;
T_1.3 ;
T_1.1 ;
    %jmp T_1;
    .thread T_1;
# The file index is used to find the file name in the following table.
:file_names 3;
    "N/A";
    "<interactive>";
    "div_M_N.v";
