#! /c/Source/iverilog-install/bin/vvp
:ivl_version "12.0 (devel)" "(s20150603-1110-g18392a46)";
:ivl_delay_selection "TYPICAL";
:vpi_time_precision - 9;
:vpi_module "D:\iverilog\iverilog\lib\ivl\system.vpi";
:vpi_module "D:\iverilog\iverilog\lib\ivl\vhdl_sys.vpi";
:vpi_module "D:\iverilog\iverilog\lib\ivl\vhdl_textio.vpi";
:vpi_module "D:\iverilog\iverilog\lib\ivl\v2005_math.vpi";
:vpi_module "D:\iverilog\iverilog\lib\ivl\va_math.vpi";
S_00000198273f6ae0 .scope module, "width_8to12" "width_8to12" 2 3;
 .timescale -9 -9;
    .port_info 0 /INPUT 1 "clk";
    .port_info 1 /INPUT 1 "rst_n";
    .port_info 2 /INPUT 1 "valid_in";
    .port_info 3 /INPUT 8 "data_in";
    .port_info 4 /OUTPUT 1 "valid_out";
    .port_info 5 /OUTPUT 12 "data_out";
o0000019827518f78 .functor BUFZ 1, C4<z>; HiZ drive
v00000198273f6fe0_0 .net "clk", 0 0, o0000019827518f78;  0 drivers
v00000198273f6c70_0 .var "cnt", 1 0;
o0000019827518fd8 .functor BUFZ 8, C4<zzzzzzzz>; HiZ drive
v00000198273f6d10_0 .net "data_in", 7 0, o0000019827518fd8;  0 drivers
v00000198273f6db0_0 .var "data_out", 11 0;
o0000019827519038 .functor BUFZ 1, C4<z>; HiZ drive
v00000198273fbc20_0 .net "rst_n", 0 0, o0000019827519038;  0 drivers
v00000198273fbcc0_0 .var "temp", 7 0;
o0000019827519098 .functor BUFZ 1, C4<z>; HiZ drive
v00000198273fbd60_0 .net "valid_in", 0 0, o0000019827519098;  0 drivers
v00000198273fbe00_0 .var "valid_out", 0 0;
E_00000198273fad50/0 .event negedge, v00000198273fbc20_0;
E_00000198273fad50/1 .event posedge, v00000198273f6fe0_0;
E_00000198273fad50 .event/or E_00000198273fad50/0, E_00000198273fad50/1;
    .scope S_00000198273f6ae0;
T_0 ;
    %wait E_00000198273fad50;
    %load/vec4 v00000198273fbc20_0;
    %inv;
    %flag_set/vec4 8;
    %jmp/0xz  T_0.0, 8;
    %pushi/vec4 0, 0, 2;
    %assign/vec4 v00000198273f6c70_0, 0;
    %pushi/vec4 0, 0, 12;
    %assign/vec4 v00000198273f6db0_0, 0;
    %pushi/vec4 0, 0, 8;
    %assign/vec4 v00000198273fbcc0_0, 0;
    %pushi/vec4 0, 0, 1;
    %assign/vec4 v00000198273fbe00_0, 0;
    %jmp T_0.1;
T_0.0 ;
    %load/vec4 v00000198273fbd60_0;
    %flag_set/vec4 8;
    %jmp/0xz  T_0.2, 8;
    %load/vec4 v00000198273f6d10_0;
    %assign/vec4 v00000198273fbcc0_0, 0;
    %load/vec4 v00000198273f6c70_0;
    %addi 1, 0, 2;
    %assign/vec4 v00000198273f6c70_0, 0;
    %load/vec4 v00000198273f6c70_0;
    %cmpi/e 1, 0, 2;
    %jmp/0xz  T_0.4, 4;
    %load/vec4 v00000198273fbcc0_0;
    %load/vec4 v00000198273f6d10_0;
    %parti/s 4, 4, 4;
    %concat/vec4; draw_concat_vec4
    %assign/vec4 v00000198273f6db0_0, 0;
    %pushi/vec4 1, 0, 1;
    %assign/vec4 v00000198273fbe00_0, 0;
    %jmp T_0.5;
T_0.4 ;
    %load/vec4 v00000198273f6c70_0;
    %cmpi/e 2, 0, 2;
    %jmp/0xz  T_0.6, 4;
    %load/vec4 v00000198273fbcc0_0;
    %parti/s 4, 0, 2;
    %load/vec4 v00000198273f6d10_0;
    %concat/vec4; draw_concat_vec4
    %assign/vec4 v00000198273f6db0_0, 0;
    %pushi/vec4 1, 0, 1;
    %assign/vec4 v00000198273fbe00_0, 0;
    %jmp T_0.7;
T_0.6 ;
    %pushi/vec4 0, 0, 1;
    %assign/vec4 v00000198273fbe00_0, 0;
T_0.7 ;
T_0.5 ;
    %jmp T_0.3;
T_0.2 ;
    %pushi/vec4 0, 0, 1;
    %assign/vec4 v00000198273fbe00_0, 0;
T_0.3 ;
T_0.1 ;
    %jmp T_0;
    .thread T_0;
# The file index is used to find the file name in the following table.
:file_names 3;
    "N/A";
    "<interactive>";
    "width_8to12.v";
