#! /c/Source/iverilog-install/bin/vvp
:ivl_version "12.0 (devel)" "(s20150603-1110-g18392a46)";
:ivl_delay_selection "TYPICAL";
:vpi_time_precision - 9;
:vpi_module "D:\iverilog\iverilog\lib\ivl\system.vpi";
:vpi_module "D:\iverilog\iverilog\lib\ivl\vhdl_sys.vpi";
:vpi_module "D:\iverilog\iverilog\lib\ivl\vhdl_textio.vpi";
:vpi_module "D:\iverilog\iverilog\lib\ivl\v2005_math.vpi";
:vpi_module "D:\iverilog\iverilog\lib\ivl\va_math.vpi";
S_0000026e4f396b80 .scope module, "sequence_detect" "sequence_detect" 2 2;
 .timescale -9 -9;
    .port_info 0 /INPUT 1 "clk";
    .port_info 1 /INPUT 1 "rst_n";
    .port_info 2 /INPUT 1 "data";
    .port_info 3 /INPUT 1 "data_valid";
    .port_info 4 /OUTPUT 1 "match";
P_0000026e4f396d10 .param/l "IDLE" 0 2 10, C4<00001>;
P_0000026e4f396d48 .param/l "S0" 0 2 12, C4<00010>;
P_0000026e4f396d80 .param/l "S01" 0 2 13, C4<00100>;
P_0000026e4f396db8 .param/l "S011" 0 2 14, C4<01000>;
P_0000026e4f396df0 .param/l "S0110" 0 2 15, C4<10000>;
o0000026e4f3e9ee8 .functor BUFZ 1, C4<z>; HiZ drive
v0000026e4f399110_0 .net "clk", 0 0, o0000026e4f3e9ee8;  0 drivers
o0000026e4f3e9f18 .functor BUFZ 1, C4<z>; HiZ drive
v0000026e4f397360_0 .net "data", 0 0, o0000026e4f3e9f18;  0 drivers
o0000026e4f3e9f48 .functor BUFZ 1, C4<z>; HiZ drive
v0000026e4f396e30_0 .net "data_valid", 0 0, o0000026e4f3e9f48;  0 drivers
v0000026e4f396ed0_0 .var "match", 0 0;
v0000026e4f39bd70_0 .var "next_state", 4 0;
o0000026e4f3e9fd8 .functor BUFZ 1, C4<z>; HiZ drive
v0000026e4f39be10_0 .net "rst_n", 0 0, o0000026e4f3e9fd8;  0 drivers
v0000026e4f39beb0_0 .var "state", 4 0;
E_0000026e4f3e8610/0 .event negedge, v0000026e4f39be10_0;
E_0000026e4f3e8610/1 .event posedge, v0000026e4f399110_0;
E_0000026e4f3e8610 .event/or E_0000026e4f3e8610/0, E_0000026e4f3e8610/1;
E_0000026e4f3e8150 .event anyedge, v0000026e4f396e30_0, v0000026e4f39beb0_0, v0000026e4f397360_0;
    .scope S_0000026e4f396b80;
T_0 ;
    %wait E_0000026e4f3e8610;
    %load/vec4 v0000026e4f39be10_0;
    %inv;
    %flag_set/vec4 8;
    %jmp/0xz  T_0.0, 8;
    %pushi/vec4 1, 0, 5;
    %assign/vec4 v0000026e4f39beb0_0, 0;
    %jmp T_0.1;
T_0.0 ;
    %load/vec4 v0000026e4f39bd70_0;
    %assign/vec4 v0000026e4f39beb0_0, 0;
T_0.1 ;
    %jmp T_0;
    .thread T_0;
    .scope S_0000026e4f396b80;
T_1 ;
    %wait E_0000026e4f3e8150;
    %load/vec4 v0000026e4f396e30_0;
    %flag_set/vec4 8;
    %jmp/0xz  T_1.0, 8;
    %load/vec4 v0000026e4f39beb0_0;
    %dup/vec4;
    %pushi/vec4 1, 0, 5;
    %cmp/u;
    %jmp/1 T_1.2, 6;
    %dup/vec4;
    %pushi/vec4 2, 0, 5;
    %cmp/u;
    %jmp/1 T_1.3, 6;
    %dup/vec4;
    %pushi/vec4 4, 0, 5;
    %cmp/u;
    %jmp/1 T_1.4, 6;
    %dup/vec4;
    %pushi/vec4 8, 0, 5;
    %cmp/u;
    %jmp/1 T_1.5, 6;
    %dup/vec4;
    %pushi/vec4 16, 0, 5;
    %cmp/u;
    %jmp/1 T_1.6, 6;
    %pushi/vec4 1, 0, 5;
    %store/vec4 v0000026e4f39bd70_0, 0, 5;
    %jmp T_1.8;
T_1.2 ;
    %load/vec4 v0000026e4f397360_0;
    %inv;
    %flag_set/vec4 8;
    %jmp/0 T_1.9, 8;
    %pushi/vec4 2, 0, 5;
    %jmp/1 T_1.10, 8;
T_1.9 ; End of true expr.
    %pushi/vec4 1, 0, 5;
    %jmp/0 T_1.10, 8;
 ; End of false expr.
    %blend;
T_1.10;
    %store/vec4 v0000026e4f39bd70_0, 0, 5;
    %jmp T_1.8;
T_1.3 ;
    %load/vec4 v0000026e4f397360_0;
    %flag_set/vec4 8;
    %jmp/0 T_1.11, 8;
    %pushi/vec4 4, 0, 5;
    %jmp/1 T_1.12, 8;
T_1.11 ; End of true expr.
    %pushi/vec4 2, 0, 5;
    %jmp/0 T_1.12, 8;
 ; End of false expr.
    %blend;
T_1.12;
    %store/vec4 v0000026e4f39bd70_0, 0, 5;
    %jmp T_1.8;
T_1.4 ;
    %load/vec4 v0000026e4f397360_0;
    %flag_set/vec4 8;
    %jmp/0 T_1.13, 8;
    %pushi/vec4 8, 0, 5;
    %jmp/1 T_1.14, 8;
T_1.13 ; End of true expr.
    %pushi/vec4 2, 0, 5;
    %jmp/0 T_1.14, 8;
 ; End of false expr.
    %blend;
T_1.14;
    %store/vec4 v0000026e4f39bd70_0, 0, 5;
    %jmp T_1.8;
T_1.5 ;
    %load/vec4 v0000026e4f397360_0;
    %flag_set/vec4 8;
    %jmp/0 T_1.15, 8;
    %pushi/vec4 16, 0, 5;
    %jmp/1 T_1.16, 8;
T_1.15 ; End of true expr.
    %pushi/vec4 2, 0, 5;
    %jmp/0 T_1.16, 8;
 ; End of false expr.
    %blend;
T_1.16;
    %store/vec4 v0000026e4f39bd70_0, 0, 5;
    %jmp T_1.8;
T_1.6 ;
    %load/vec4 v0000026e4f397360_0;
    %inv;
    %flag_set/vec4 8;
    %jmp/0 T_1.17, 8;
    %pushi/vec4 4, 0, 5;
    %jmp/1 T_1.18, 8;
T_1.17 ; End of true expr.
    %pushi/vec4 2, 0, 5;
    %jmp/0 T_1.18, 8;
 ; End of false expr.
    %blend;
T_1.18;
    %store/vec4 v0000026e4f39bd70_0, 0, 5;
    %jmp T_1.8;
T_1.8 ;
    %pop/vec4 1;
T_1.0 ;
    %jmp T_1;
    .thread T_1, $push;
    .scope S_0000026e4f396b80;
T_2 ;
    %wait E_0000026e4f3e8610;
    %load/vec4 v0000026e4f39be10_0;
    %inv;
    %flag_set/vec4 8;
    %jmp/0xz  T_2.0, 8;
    %pushi/vec4 0, 0, 1;
    %assign/vec4 v0000026e4f396ed0_0, 0;
    %jmp T_2.1;
T_2.0 ;
    %load/vec4 v0000026e4f39beb0_0;
    %pushi/vec4 8, 0, 5;
    %cmp/e;
    %flag_get/vec4 4;
    %load/vec4 v0000026e4f397360_0;
    %inv;
    %and;
    %load/vec4 v0000026e4f396e30_0;
    %and;
    %flag_set/vec4 8;
    %jmp/0xz  T_2.2, 8;
    %pushi/vec4 1, 0, 1;
    %assign/vec4 v0000026e4f396ed0_0, 0;
    %jmp T_2.3;
T_2.2 ;
    %pushi/vec4 0, 0, 1;
    %assign/vec4 v0000026e4f396ed0_0, 0;
T_2.3 ;
T_2.1 ;
    %jmp T_2;
    .thread T_2;
# The file index is used to find the file name in the following table.
:file_names 3;
    "N/A";
    "<interactive>";
    "sequence_detect.v";
