#! /c/Source/iverilog-install/bin/vvp
:ivl_version "12.0 (devel)" "(s20150603-1110-g18392a46)";
:ivl_delay_selection "TYPICAL";
:vpi_time_precision - 9;
:vpi_module "D:\iverilog\iverilog\lib\ivl\system.vpi";
:vpi_module "D:\iverilog\iverilog\lib\ivl\vhdl_sys.vpi";
:vpi_module "D:\iverilog\iverilog\lib\ivl\vhdl_textio.vpi";
:vpi_module "D:\iverilog\iverilog\lib\ivl\v2005_math.vpi";
:vpi_module "D:\iverilog\iverilog\lib\ivl\va_math.vpi";
S_00000153aac7a400 .scope module, "bin2gray" "bin2gray" 2 153;
 .timescale -9 -9;
    .port_info 0 /INPUT 8 "bin_code";
    .port_info 1 /OUTPUT 8 "gray_code";
P_00000153aac5e790 .param/l "WIDTH" 0 2 154, +C4<00000000000000000000000000001000>;
o00000153aac90988 .functor BUFZ 8, C4<zzzzzzzz>; HiZ drive
L_00000153aac7b9c0 .functor XOR 8, o00000153aac90988, L_00000153aace54d0, C4<00000000>, C4<00000000>;
v00000153aac643e0_0 .net *"_ivl_0", 7 0, L_00000153aace54d0;  1 drivers
v00000153aac62ea0_0 .net *"_ivl_2", 6 0, L_00000153aace6010;  1 drivers
L_00000153aad20088 .functor BUFT 1, C4<0>, C4<0>, C4<0>, C4<0>;
v00000153aac63300_0 .net *"_ivl_4", 0 0, L_00000153aad20088;  1 drivers
v00000153aac63120_0 .net "bin_code", 7 0, o00000153aac90988;  0 drivers
v00000153aac64700_0 .net "gray_code", 7 0, L_00000153aac7b9c0;  1 drivers
L_00000153aace6010 .part o00000153aac90988, 1, 7;
L_00000153aace54d0 .concat [ 7 1 0 0], L_00000153aace6010, L_00000153aad20088;
S_00000153aac7a590 .scope module, "gray2bin" "gray2bin" 2 166;
 .timescale -9 -9;
    .port_info 0 /INPUT 8 "gray_code";
    .port_info 1 /OUTPUT 8 "bin_code";
P_00000153aac5edd0 .param/l "WIDTH" 0 2 167, +C4<00000000000000000000000000001000>;
v00000153aac5cc40_0 .net *"_ivl_32", 0 0, L_00000153aace7640;  1 drivers
v00000153aac5c600_0 .net "bin_code", 7 0, L_00000153aace75a0;  1 drivers
o00000153aac90e98 .functor BUFZ 8, C4<zzzzzzzz>; HiZ drive
v00000153aac5c6a0_0 .net "gray_code", 7 0, o00000153aac90e98;  0 drivers
L_00000153aace59d0 .part o00000153aac90e98, 0, 1;
L_00000153aace5b10 .part o00000153aac90e98, 1, 1;
L_00000153aace5bb0 .part o00000153aac90e98, 1, 1;
L_00000153aace5c50 .part o00000153aac90e98, 2, 1;
L_00000153aace64c0 .part o00000153aac90e98, 2, 1;
L_00000153aace76e0 .part o00000153aac90e98, 3, 1;
L_00000153aace8220 .part o00000153aac90e98, 3, 1;
L_00000153aace7960 .part o00000153aac90e98, 4, 1;
L_00000153aace6740 .part o00000153aac90e98, 4, 1;
L_00000153aace6560 .part o00000153aac90e98, 5, 1;
L_00000153aace6c40 .part o00000153aac90e98, 5, 1;
L_00000153aace7000 .part o00000153aac90e98, 6, 1;
L_00000153aace6ec0 .part o00000153aac90e98, 6, 1;
L_00000153aace6920 .part o00000153aac90e98, 7, 1;
LS_00000153aace75a0_0_0 .concat8 [ 1 1 1 1], L_00000153aac7b720, L_00000153aac7b790, L_00000153aac7ba30, L_00000153aac7bc60;
LS_00000153aace75a0_0_4 .concat8 [ 1 1 1 1], L_00000153aac7baa0, L_00000153aac7bb80, L_00000153aac7bb10, L_00000153aace7640;
L_00000153aace75a0 .concat8 [ 4 4 0 0], LS_00000153aace75a0_0_0, LS_00000153aace75a0_0_4;
L_00000153aace7640 .part o00000153aac90e98, 7, 1;
S_00000153aac78100 .scope generate, "gray_to_bin[0]" "gray_to_bin[0]" 2 175, 2 175 0, S_00000153aac7a590;
 .timescale -9 -9;
P_00000153aac5e810 .param/l "i" 0 2 175, +C4<00>;
L_00000153aac7b720 .functor XOR 1, L_00000153aace59d0, L_00000153aace5b10, C4<0>, C4<0>;
v00000153aac63e40_0 .net *"_ivl_0", 0 0, L_00000153aace59d0;  1 drivers
v00000153aac63bc0_0 .net *"_ivl_1", 0 0, L_00000153aace5b10;  1 drivers
v00000153aac63620_0 .net *"_ivl_2", 0 0, L_00000153aac7b720;  1 drivers
S_00000153aac78290 .scope generate, "gray_to_bin[1]" "gray_to_bin[1]" 2 175, 2 175 0, S_00000153aac7a590;
 .timescale -9 -9;
P_00000153aac5e890 .param/l "i" 0 2 175, +C4<01>;
L_00000153aac7b790 .functor XOR 1, L_00000153aace5bb0, L_00000153aace5c50, C4<0>, C4<0>;
v00000153aac631c0_0 .net *"_ivl_0", 0 0, L_00000153aace5bb0;  1 drivers
v00000153aac63a80_0 .net *"_ivl_1", 0 0, L_00000153aace5c50;  1 drivers
v00000153aac636c0_0 .net *"_ivl_2", 0 0, L_00000153aac7b790;  1 drivers
S_00000153aac78420 .scope generate, "gray_to_bin[2]" "gray_to_bin[2]" 2 175, 2 175 0, S_00000153aac7a590;
 .timescale -9 -9;
P_00000153aac5e950 .param/l "i" 0 2 175, +C4<010>;
L_00000153aac7ba30 .functor XOR 1, L_00000153aace64c0, L_00000153aace76e0, C4<0>, C4<0>;
v00000153aac640c0_0 .net *"_ivl_0", 0 0, L_00000153aace64c0;  1 drivers
v00000153aac64480_0 .net *"_ivl_1", 0 0, L_00000153aace76e0;  1 drivers
v00000153aac647a0_0 .net *"_ivl_2", 0 0, L_00000153aac7ba30;  1 drivers
S_00000153aac73850 .scope generate, "gray_to_bin[3]" "gray_to_bin[3]" 2 175, 2 175 0, S_00000153aac7a590;
 .timescale -9 -9;
P_00000153aac5e150 .param/l "i" 0 2 175, +C4<011>;
L_00000153aac7bc60 .functor XOR 1, L_00000153aace8220, L_00000153aace7960, C4<0>, C4<0>;
v00000153aac63760_0 .net *"_ivl_0", 0 0, L_00000153aace8220;  1 drivers
v00000153aac63c60_0 .net *"_ivl_1", 0 0, L_00000153aace7960;  1 drivers
v00000153aac63da0_0 .net *"_ivl_2", 0 0, L_00000153aac7bc60;  1 drivers
S_00000153aac739e0 .scope generate, "gray_to_bin[4]" "gray_to_bin[4]" 2 175, 2 175 0, S_00000153aac7a590;
 .timescale -9 -9;
P_00000153aac5e8d0 .param/l "i" 0 2 175, +C4<0100>;
L_00000153aac7baa0 .functor XOR 1, L_00000153aace6740, L_00000153aace6560, C4<0>, C4<0>;
v00000153aac64160_0 .net *"_ivl_0", 0 0, L_00000153aace6740;  1 drivers
v00000153aac63940_0 .net *"_ivl_1", 0 0, L_00000153aace6560;  1 drivers
v00000153aac64840_0 .net *"_ivl_2", 0 0, L_00000153aac7baa0;  1 drivers
S_00000153aac73b70 .scope generate, "gray_to_bin[5]" "gray_to_bin[5]" 2 175, 2 175 0, S_00000153aac7a590;
 .timescale -9 -9;
P_00000153aac5df90 .param/l "i" 0 2 175, +C4<0101>;
L_00000153aac7bb80 .functor XOR 1, L_00000153aace6c40, L_00000153aace7000, C4<0>, C4<0>;
v00000153aac639e0_0 .net *"_ivl_0", 0 0, L_00000153aace6c40;  1 drivers
v00000153aac63ee0_0 .net *"_ivl_1", 0 0, L_00000153aace7000;  1 drivers
v00000153aac64980_0 .net *"_ivl_2", 0 0, L_00000153aac7bb80;  1 drivers
S_00000153aace39f0 .scope generate, "gray_to_bin[6]" "gray_to_bin[6]" 2 175, 2 175 0, S_00000153aac7a590;
 .timescale -9 -9;
P_00000153aac5ee10 .param/l "i" 0 2 175, +C4<0110>;
L_00000153aac7bb10 .functor XOR 1, L_00000153aace6ec0, L_00000153aace6920, C4<0>, C4<0>;
v00000153aac64a20_0 .net *"_ivl_0", 0 0, L_00000153aace6ec0;  1 drivers
v00000153aac5c9c0_0 .net *"_ivl_1", 0 0, L_00000153aace6920;  1 drivers
v00000153aac5c240_0 .net *"_ivl_2", 0 0, L_00000153aac7bb10;  1 drivers
S_00000153aab469d0 .scope module, "sfifo" "sfifo" 2 4;
 .timescale -9 -9;
    .port_info 0 /INPUT 1 "clk";
    .port_info 1 /INPUT 1 "rst_n";
    .port_info 2 /INPUT 1 "winc";
    .port_info 3 /INPUT 1 "rinc";
    .port_info 4 /INPUT 8 "wdata";
    .port_info 5 /OUTPUT 1 "wfull";
    .port_info 6 /OUTPUT 1 "rempty";
    .port_info 7 /OUTPUT 8 "rdata";
P_00000153aab46b60 .param/l "ADDR_WIDTH" 1 2 19, +C4<00000000000000000000000000000100>;
P_00000153aab46b98 .param/l "DEPTH" 0 2 6, +C4<00000000000000000000000000010000>;
P_00000153aab46bd0 .param/l "WIDTH" 0 2 5, +C4<00000000000000000000000000001000>;
L_00000153aac7bdb0 .functor NOT 1, v00000153aace5cf0_0, C4<0>, C4<0>, C4<0>;
o00000153aac91618 .functor BUFZ 1, C4<z>; HiZ drive
L_00000153aac7bf00 .functor AND 1, o00000153aac91618, L_00000153aac7bdb0, C4<1>, C4<1>;
L_00000153aad68e30 .functor NOT 1, v00000153aace4710_0, C4<0>, C4<0>, C4<0>;
o00000153aac91558 .functor BUFZ 1, C4<z>; HiZ drive
L_00000153aad689d0 .functor AND 1, o00000153aac91558, L_00000153aad68e30, C4<1>, C4<1>;
L_00000153aad68260 .functor NOT 1, L_00000153aace73c0, C4<0>, C4<0>, C4<0>;
v00000153aace4490_0 .net *"_ivl_13", 0 0, L_00000153aace73c0;  1 drivers
v00000153aace4cb0_0 .net *"_ivl_14", 0 0, L_00000153aad68260;  1 drivers
v00000153aace4170_0 .net *"_ivl_17", 3 0, L_00000153aace7780;  1 drivers
v00000153aace42b0_0 .net *"_ivl_18", 4 0, L_00000153aace7b40;  1 drivers
v00000153aace51b0_0 .net *"_ivl_20", 0 0, L_00000153aace7dc0;  1 drivers
L_00000153aad200d0 .functor BUFT 1, C4<1>, C4<0>, C4<0>, C4<0>;
v00000153aace47b0_0 .net/2u *"_ivl_22", 0 0, L_00000153aad200d0;  1 drivers
L_00000153aad20118 .functor BUFT 1, C4<0>, C4<0>, C4<0>, C4<0>;
v00000153aace4990_0 .net/2u *"_ivl_24", 0 0, L_00000153aad20118;  1 drivers
v00000153aace4850_0 .net *"_ivl_30", 0 0, L_00000153aace7f00;  1 drivers
L_00000153aad20160 .functor BUFT 1, C4<1>, C4<0>, C4<0>, C4<0>;
v00000153aace4670_0 .net/2u *"_ivl_32", 0 0, L_00000153aad20160;  1 drivers
L_00000153aad201a8 .functor BUFT 1, C4<0>, C4<0>, C4<0>, C4<0>;
v00000153aace5a70_0 .net/2u *"_ivl_34", 0 0, L_00000153aad201a8;  1 drivers
v00000153aace5ed0_0 .net *"_ivl_4", 0 0, L_00000153aac7bdb0;  1 drivers
v00000153aace5390_0 .net *"_ivl_8", 0 0, L_00000153aad68e30;  1 drivers
o00000153aac90f58 .functor BUFZ 1, C4<z>; HiZ drive
v00000153aace4210_0 .net "clk", 0 0, o00000153aac90f58;  0 drivers
v00000153aace5750_0 .net "empty", 0 0, L_00000153aace82c0;  1 drivers
v00000153aace4710_0 .var "empty_reg", 0 0;
v00000153aace48f0_0 .net "full", 0 0, L_00000153aace6600;  1 drivers
v00000153aace5cf0_0 .var "full_reg", 0 0;
v00000153aace5430_0 .net "raddr", 3 0, L_00000153aace7aa0;  1 drivers
v00000153aace5f70_0 .var "raddr_ptr", 4 0;
v00000153aace4a30_0 .net "rdata", 7 0, v00000153aace45d0_0;  1 drivers
v00000153aace5610_0 .net "rempty", 0 0, v00000153aace4710_0;  1 drivers
v00000153aace4d50_0 .net "renc", 0 0, L_00000153aad689d0;  1 drivers
v00000153aace4ad0_0 .net "rinc", 0 0, o00000153aac91558;  0 drivers
o00000153aac91588 .functor BUFZ 1, C4<z>; HiZ drive
v00000153aace4b70_0 .net "rst_n", 0 0, o00000153aac91588;  0 drivers
v00000153aace5e30_0 .net "waddr", 3 0, L_00000153aace6880;  1 drivers
v00000153aace4df0_0 .var "waddr_ptr", 4 0;
o00000153aac91018 .functor BUFZ 8, C4<zzzzzzzz>; HiZ drive
v00000153aace4e90_0 .net "wdata", 7 0, o00000153aac91018;  0 drivers
v00000153aace5570_0 .net "wenc", 0 0, L_00000153aac7bf00;  1 drivers
v00000153aace4f30_0 .net "wfull", 0 0, v00000153aace5cf0_0;  1 drivers
v00000153aace4fd0_0 .net "winc", 0 0, o00000153aac91618;  0 drivers
E_00000153aac5e910/0 .event negedge, v00000153aace4b70_0;
E_00000153aac5e910/1 .event posedge, v00000153aace4c10_0;
E_00000153aac5e910 .event/or E_00000153aac5e910/0, E_00000153aac5e910/1;
L_00000153aace6880 .part v00000153aace4df0_0, 0, 4;
L_00000153aace7aa0 .part v00000153aace5f70_0, 0, 4;
L_00000153aace73c0 .part v00000153aace4df0_0, 4, 1;
L_00000153aace7780 .part v00000153aace4df0_0, 0, 4;
L_00000153aace7b40 .concat [ 4 1 0 0], L_00000153aace7780, L_00000153aad68260;
L_00000153aace7dc0 .cmp/eq 5, L_00000153aace7b40, v00000153aace5f70_0;
L_00000153aace6600 .functor MUXZ 1, L_00000153aad20118, L_00000153aad200d0, L_00000153aace7dc0, C4<>;
L_00000153aace7f00 .cmp/eq 5, v00000153aace5f70_0, v00000153aace4df0_0;
L_00000153aace82c0 .functor MUXZ 1, L_00000153aad201a8, L_00000153aad20160, L_00000153aace7f00, C4<>;
S_00000153aace3f90 .scope module, "RAM_0" "dual_port_RAM" 2 38, 2 124 0, S_00000153aab469d0;
 .timescale -9 -9;
    .port_info 0 /INPUT 1 "wclk";
    .port_info 1 /INPUT 1 "wenc";
    .port_info 2 /INPUT 4 "waddr";
    .port_info 3 /INPUT 8 "wdata";
    .port_info 4 /INPUT 1 "rclk";
    .port_info 5 /INPUT 1 "renc";
    .port_info 6 /INPUT 4 "raddr";
    .port_info 7 /OUTPUT 8 "rdata";
P_00000153aab48aa0 .param/l "DEPTH" 0 2 125, +C4<00000000000000000000000000010000>;
P_00000153aab48ad8 .param/l "WIDTH" 0 2 126, +C4<00000000000000000000000000001000>;
v00000153aac5cb00 .array "RAM_MEM", 15 0, 7 0;
v00000153aace5110_0 .net "raddr", 3 0, L_00000153aace7aa0;  alias, 1 drivers
v00000153aace4c10_0 .net "rclk", 0 0, o00000153aac90f58;  alias, 0 drivers
v00000153aace45d0_0 .var "rdata", 7 0;
v00000153aace56b0_0 .net "renc", 0 0, L_00000153aad689d0;  alias, 1 drivers
v00000153aace4530_0 .net "waddr", 3 0, L_00000153aace6880;  alias, 1 drivers
v00000153aace5d90_0 .net "wclk", 0 0, o00000153aac90f58;  alias, 0 drivers
v00000153aace5890_0 .net "wdata", 7 0, o00000153aac91018;  alias, 0 drivers
v00000153aace43f0_0 .net "wenc", 0 0, L_00000153aac7bf00;  alias, 1 drivers
E_00000153aac5eed0 .event posedge, v00000153aace4c10_0;
S_00000153aab46c10 .scope module, "sync_data" "sync_data" 2 185;
 .timescale -9 -9;
    .port_info 0 /INPUT 1 "clk";
    .port_info 1 /INPUT 1 "rstn";
    .port_info 2 /INPUT 8 "data_in";
    .port_info 3 /OUTPUT 8 "data_out";
P_00000153aab483a0 .param/l "SYNC_STAGE" 0 2 187, +C4<00000000000000000000000000000010>;
P_00000153aab483d8 .param/l "WIDTH" 0 2 186, +C4<00000000000000000000000000001000>;
o00000153aac91828 .functor BUFZ 1, C4<z>; HiZ drive
v00000153aace5250_0 .net "clk", 0 0, o00000153aac91828;  0 drivers
o00000153aac91858 .functor BUFZ 8, C4<zzzzzzzz>; HiZ drive
v00000153aace57f0_0 .net "data_in", 7 0, o00000153aac91858;  0 drivers
v00000153aace52f0_0 .net "data_out", 7 0, L_00000153aace6b00;  1 drivers
o00000153aac918b8 .functor BUFZ 1, C4<z>; HiZ drive
v00000153aace5930_0 .net "rstn", 0 0, o00000153aac918b8;  0 drivers
S_00000153aace6240 .scope generate, "sync_stage_more" "sync_stage_more" 2 196, 2 196 0, S_00000153aab46c10;
 .timescale -9 -9;
v00000153aace5070_0 .var "data_sync", 15 0;
v00000153aace4350_0 .var/i "i", 31 0;
E_00000153aac5e9d0/0 .event negedge, v00000153aace5930_0;
E_00000153aac5e9d0/1 .event posedge, v00000153aace5250_0;
E_00000153aac5e9d0 .event/or E_00000153aac5e9d0/0, E_00000153aac5e9d0/1;
L_00000153aace6b00 .part v00000153aace5070_0, 8, 8;
    .scope S_00000153aace3f90;
T_0 ;
    %wait E_00000153aac5eed0;
    %load/vec4 v00000153aace43f0_0;
    %flag_set/vec4 8;
    %jmp/0xz  T_0.0, 8;
    %load/vec4 v00000153aace5890_0;
    %load/vec4 v00000153aace4530_0;
    %pad/u 6;
    %ix/vec4 3;
    %ix/load 4, 0, 0; Constant delay
    %assign/vec4/a/d v00000153aac5cb00, 0, 4;
T_0.0 ;
    %jmp T_0;
    .thread T_0;
    .scope S_00000153aace3f90;
T_1 ;
    %wait E_00000153aac5eed0;
    %load/vec4 v00000153aace56b0_0;
    %flag_set/vec4 8;
    %jmp/0xz  T_1.0, 8;
    %load/vec4 v00000153aace5110_0;
    %pad/u 6;
    %ix/vec4 4;
    %load/vec4a v00000153aac5cb00, 4;
    %assign/vec4 v00000153aace45d0_0, 0;
T_1.0 ;
    %jmp T_1;
    .thread T_1;
    .scope S_00000153aab469d0;
T_2 ;
    %wait E_00000153aac5e910;
    %load/vec4 v00000153aace4b70_0;
    %inv;
    %flag_set/vec4 8;
    %jmp/0xz  T_2.0, 8;
    %pushi/vec4 0, 0, 5;
    %assign/vec4 v00000153aace4df0_0, 0;
    %jmp T_2.1;
T_2.0 ;
    %load/vec4 v00000153aace5570_0;
    %flag_set/vec4 8;
    %jmp/0xz  T_2.2, 8;
    %load/vec4 v00000153aace4df0_0;
    %pad/u 32;
    %cmpi/e 15, 0, 32;
    %jmp/0xz  T_2.4, 4;
    %pushi/vec4 0, 0, 4;
    %ix/load 4, 0, 0;
    %ix/load 5, 0, 0;
    %flag_set/imm 4, 0;
    %assign/vec4/off/d v00000153aace4df0_0, 4, 5;
    %load/vec4 v00000153aace4df0_0;
    %parti/s 1, 4, 4;
    %inv;
    %ix/load 4, 4, 0;
    %ix/load 5, 0, 0;
    %flag_set/imm 4, 0;
    %assign/vec4/off/d v00000153aace4df0_0, 4, 5;
    %jmp T_2.5;
T_2.4 ;
    %load/vec4 v00000153aace4df0_0;
    %addi 1, 0, 5;
    %assign/vec4 v00000153aace4df0_0, 0;
T_2.5 ;
T_2.2 ;
T_2.1 ;
    %jmp T_2;
    .thread T_2;
    .scope S_00000153aab469d0;
T_3 ;
    %wait E_00000153aac5e910;
    %load/vec4 v00000153aace4b70_0;
    %inv;
    %flag_set/vec4 8;
    %jmp/0xz  T_3.0, 8;
    %pushi/vec4 0, 0, 5;
    %assign/vec4 v00000153aace5f70_0, 0;
    %jmp T_3.1;
T_3.0 ;
    %load/vec4 v00000153aace4d50_0;
    %flag_set/vec4 8;
    %jmp/0xz  T_3.2, 8;
    %load/vec4 v00000153aace5f70_0;
    %pad/u 32;
    %cmpi/e 15, 0, 32;
    %jmp/0xz  T_3.4, 4;
    %pushi/vec4 0, 0, 4;
    %ix/load 4, 0, 0;
    %ix/load 5, 0, 0;
    %flag_set/imm 4, 0;
    %assign/vec4/off/d v00000153aace5f70_0, 4, 5;
    %load/vec4 v00000153aace5f70_0;
    %parti/s 1, 4, 4;
    %inv;
    %ix/load 4, 4, 0;
    %ix/load 5, 0, 0;
    %flag_set/imm 4, 0;
    %assign/vec4/off/d v00000153aace5f70_0, 4, 5;
    %jmp T_3.5;
T_3.4 ;
    %load/vec4 v00000153aace5f70_0;
    %addi 1, 0, 5;
    %assign/vec4 v00000153aace5f70_0, 0;
T_3.5 ;
T_3.2 ;
T_3.1 ;
    %jmp T_3;
    .thread T_3;
    .scope S_00000153aab469d0;
T_4 ;
    %wait E_00000153aac5e910;
    %load/vec4 v00000153aace4b70_0;
    %inv;
    %flag_set/vec4 8;
    %jmp/0xz  T_4.0, 8;
    %pushi/vec4 0, 0, 1;
    %assign/vec4 v00000153aace5cf0_0, 0;
    %jmp T_4.1;
T_4.0 ;
    %load/vec4 v00000153aace48f0_0;
    %assign/vec4 v00000153aace5cf0_0, 0;
T_4.1 ;
    %jmp T_4;
    .thread T_4;
    .scope S_00000153aab469d0;
T_5 ;
    %wait E_00000153aac5e910;
    %load/vec4 v00000153aace4b70_0;
    %inv;
    %flag_set/vec4 8;
    %jmp/0xz  T_5.0, 8;
    %pushi/vec4 0, 0, 1;
    %assign/vec4 v00000153aace4710_0, 0;
    %jmp T_5.1;
T_5.0 ;
    %load/vec4 v00000153aace5750_0;
    %assign/vec4 v00000153aace4710_0, 0;
T_5.1 ;
    %jmp T_5;
    .thread T_5;
    .scope S_00000153aace6240;
T_6 ;
    %wait E_00000153aac5e9d0;
    %load/vec4 v00000153aace5930_0;
    %inv;
    %flag_set/vec4 8;
    %jmp/0xz  T_6.0, 8;
    %pushi/vec4 0, 0, 16;
    %assign/vec4 v00000153aace5070_0, 0;
    %jmp T_6.1;
T_6.0 ;
    %load/vec4 v00000153aace57f0_0;
    %ix/load 4, 0, 0;
    %ix/load 5, 0, 0;
    %flag_set/imm 4, 0;
    %assign/vec4/off/d v00000153aace5070_0, 4, 5;
    %pushi/vec4 1, 0, 32;
    %store/vec4 v00000153aace4350_0, 0, 32;
T_6.2 ;
    %load/vec4 v00000153aace4350_0;
    %cmpi/s 2, 0, 32;
    %jmp/0xz T_6.3, 5;
    %load/vec4 v00000153aace5070_0;
    %load/vec4 v00000153aace4350_0;
    %subi 1, 0, 32;
    %pad/s 35;
    %muli 8, 0, 35;
    %part/s 8;
    %ix/load 5, 0, 0;
    %load/vec4 v00000153aace4350_0;
    %pad/s 35;
    %muli 8, 0, 35;
    %ix/vec4/s 4;
    %assign/vec4/off/d v00000153aace5070_0, 4, 5;
    %load/vec4 v00000153aace4350_0;
    %addi 1, 0, 32;
    %store/vec4 v00000153aace4350_0, 0, 32;
    %jmp T_6.2;
T_6.3 ;
T_6.1 ;
    %jmp T_6;
    .thread T_6;
# The file index is used to find the file name in the following table.
:file_names 3;
    "N/A";
    "<interactive>";
    "sfifo.v";
