#! /c/Source/iverilog-install/bin/vvp
:ivl_version "12.0 (devel)" "(s20150603-1110-g18392a46)";
:ivl_delay_selection "TYPICAL";
:vpi_time_precision - 9;
:vpi_module "D:\iverilog\iverilog\lib\ivl\system.vpi";
:vpi_module "D:\iverilog\iverilog\lib\ivl\vhdl_sys.vpi";
:vpi_module "D:\iverilog\iverilog\lib\ivl\vhdl_textio.vpi";
:vpi_module "D:\iverilog\iverilog\lib\ivl\v2005_math.vpi";
:vpi_module "D:\iverilog\iverilog\lib\ivl\va_math.vpi";
S_00000264439b69d0 .scope module, "width_24to128" "width_24to128" 2 3;
 .timescale -9 -9;
    .port_info 0 /INPUT 1 "clk";
    .port_info 1 /INPUT 1 "rst_n";
    .port_info 2 /INPUT 1 "valid_in";
    .port_info 3 /INPUT 24 "data_in";
    .port_info 4 /OUTPUT 1 "valid_out";
    .port_info 5 /OUTPUT 128 "data_out";
o0000026443adafd8 .functor BUFZ 1, C4<z>; HiZ drive
v00000264439b6fe0_0 .net "clk", 0 0, o0000026443adafd8;  0 drivers
v00000264439bb200_0 .var "cnt", 3 0;
o0000026443adb038 .functor BUFZ 24, C4<zzzzzzzzzzzzzzzzzzzzzzzz>; HiZ drive
v00000264439bb2a0_0 .net "data_in", 23 0, o0000026443adb038;  0 drivers
v00000264439bbda0_0 .var "data_out", 127 0;
o0000026443adb098 .functor BUFZ 1, C4<z>; HiZ drive
v00000264439bbe40_0 .net "rst_n", 0 0, o0000026443adb098;  0 drivers
v00000264439bbee0_0 .var "temp", 143 0;
o0000026443adb0f8 .functor BUFZ 1, C4<z>; HiZ drive
v00000264439b6b60_0 .net "valid_in", 0 0, o0000026443adb0f8;  0 drivers
v00000264439b6c00_0 .var "valid_out", 0 0;
E_00000264439b9bd0/0 .event negedge, v00000264439bbe40_0;
E_00000264439b9bd0/1 .event posedge, v00000264439b6fe0_0;
E_00000264439b9bd0 .event/or E_00000264439b9bd0/0, E_00000264439b9bd0/1;
    .scope S_00000264439b69d0;
T_0 ;
    %wait E_00000264439b9bd0;
    %load/vec4 v00000264439bbe40_0;
    %inv;
    %flag_set/vec4 8;
    %jmp/0xz  T_0.0, 8;
    %pushi/vec4 0, 0, 128;
    %assign/vec4 v00000264439bbda0_0, 0;
    %pushi/vec4 0, 0, 144;
    %assign/vec4 v00000264439bbee0_0, 0;
    %pushi/vec4 0, 0, 1;
    %assign/vec4 v00000264439b6c00_0, 0;
    %pushi/vec4 0, 0, 4;
    %assign/vec4 v00000264439bb200_0, 0;
    %jmp T_0.1;
T_0.0 ;
    %load/vec4 v00000264439b6b60_0;
    %flag_set/vec4 8;
    %jmp/0xz  T_0.2, 8;
    %load/vec4 v00000264439bbee0_0;
    %parti/s 120, 0, 2;
    %load/vec4 v00000264439bb2a0_0;
    %concat/vec4; draw_concat_vec4
    %assign/vec4 v00000264439bbee0_0, 0;
    %load/vec4 v00000264439bb200_0;
    %addi 1, 0, 4;
    %assign/vec4 v00000264439bb200_0, 0;
    %load/vec4 v00000264439bb200_0;
    %cmpi/e 5, 0, 4;
    %jmp/0xz  T_0.4, 4;
    %load/vec4 v00000264439bbee0_0;
    %parti/s 120, 0, 2;
    %load/vec4 v00000264439bb2a0_0;
    %parti/s 8, 16, 6;
    %concat/vec4; draw_concat_vec4
    %assign/vec4 v00000264439bbda0_0, 0;
    %pushi/vec4 1, 0, 1;
    %assign/vec4 v00000264439b6c00_0, 0;
    %jmp T_0.5;
T_0.4 ;
    %load/vec4 v00000264439bb200_0;
    %cmpi/e 10, 0, 4;
    %jmp/0xz  T_0.6, 4;
    %load/vec4 v00000264439bbee0_0;
    %parti/s 112, 0, 2;
    %load/vec4 v00000264439bb2a0_0;
    %parti/s 16, 8, 5;
    %concat/vec4; draw_concat_vec4
    %assign/vec4 v00000264439bbda0_0, 0;
    %pushi/vec4 1, 0, 1;
    %assign/vec4 v00000264439b6c00_0, 0;
    %jmp T_0.7;
T_0.6 ;
    %load/vec4 v00000264439bb200_0;
    %cmpi/e 15, 0, 4;
    %jmp/0xz  T_0.8, 4;
    %load/vec4 v00000264439bbee0_0;
    %parti/s 104, 0, 2;
    %load/vec4 v00000264439bb2a0_0;
    %concat/vec4; draw_concat_vec4
    %assign/vec4 v00000264439bbda0_0, 0;
    %pushi/vec4 1, 0, 1;
    %assign/vec4 v00000264439b6c00_0, 0;
    %pushi/vec4 0, 0, 4;
    %assign/vec4 v00000264439bb200_0, 0;
    %jmp T_0.9;
T_0.8 ;
    %pushi/vec4 0, 0, 1;
    %assign/vec4 v00000264439b6c00_0, 0;
T_0.9 ;
T_0.7 ;
T_0.5 ;
    %jmp T_0.3;
T_0.2 ;
    %pushi/vec4 0, 0, 1;
    %assign/vec4 v00000264439b6c00_0, 0;
T_0.3 ;
T_0.1 ;
    %jmp T_0;
    .thread T_0;
# The file index is used to find the file name in the following table.
:file_names 3;
    "N/A";
    "<interactive>";
    "width_24to128.v";
