#! /c/Source/iverilog-install/bin/vvp
:ivl_version "12.0 (devel)" "(s20150603-1110-g18392a46)";
:ivl_delay_selection "TYPICAL";
:vpi_time_precision - 9;
:vpi_module "D:\iverilog\iverilog\lib\ivl\system.vpi";
:vpi_module "D:\iverilog\iverilog\lib\ivl\vhdl_sys.vpi";
:vpi_module "D:\iverilog\iverilog\lib\ivl\vhdl_textio.vpi";
:vpi_module "D:\iverilog\iverilog\lib\ivl\v2005_math.vpi";
:vpi_module "D:\iverilog\iverilog\lib\ivl\va_math.vpi";
S_0000023ce8ab69d0 .scope module, "signal_generator" "signal_generator" 2 2;
 .timescale -9 -9;
    .port_info 0 /INPUT 1 "clk";
    .port_info 1 /INPUT 1 "rst_n";
    .port_info 2 /INPUT 2 "wave_choise";
    .port_info 3 /OUTPUT 5 "wave";
o0000023ce8b0ef08 .functor BUFZ 1, C4<z>; HiZ drive
v0000023ce8ab9080_0 .net "clk", 0 0, o0000023ce8b0ef08;  0 drivers
v0000023ce8ab6fe0_0 .var "cnt", 4 0;
v0000023ce8ab7200_0 .var "option", 0 0;
o0000023ce8b0ef98 .functor BUFZ 1, C4<z>; HiZ drive
v0000023ce8ab6b60_0 .net "rst_n", 0 0, o0000023ce8b0ef98;  0 drivers
v0000023ce8ab6c00_0 .var "wave", 4 0;
o0000023ce8b0eff8 .functor BUFZ 2, C4<zz>; HiZ drive
v0000023ce8ab6ca0_0 .net "wave_choise", 1 0, o0000023ce8b0eff8;  0 drivers
E_0000023ce8b0e1a0/0 .event negedge, v0000023ce8ab6b60_0;
E_0000023ce8b0e1a0/1 .event posedge, v0000023ce8ab9080_0;
E_0000023ce8b0e1a0 .event/or E_0000023ce8b0e1a0/0, E_0000023ce8b0e1a0/1;
    .scope S_0000023ce8ab69d0;
T_0 ;
    %wait E_0000023ce8b0e1a0;
    %load/vec4 v0000023ce8ab6b60_0;
    %inv;
    %flag_set/vec4 8;
    %jmp/0xz  T_0.0, 8;
    %pushi/vec4 0, 0, 5;
    %assign/vec4 v0000023ce8ab6fe0_0, 0;
    %jmp T_0.1;
T_0.0 ;
    %load/vec4 v0000023ce8ab6ca0_0;
    %dup/vec4;
    %pushi/vec4 0, 0, 2;
    %cmp/u;
    %jmp/1 T_0.2, 6;
    %pushi/vec4 0, 0, 5;
    %assign/vec4 v0000023ce8ab6fe0_0, 0;
    %jmp T_0.4;
T_0.2 ;
    %load/vec4 v0000023ce8ab6fe0_0;
    %addi 1, 0, 5;
    %assign/vec4 v0000023ce8ab6fe0_0, 0;
    %load/vec4 v0000023ce8ab6fe0_0;
    %cmpi/e 19, 0, 5;
    %jmp/0xz  T_0.5, 4;
    %pushi/vec4 0, 0, 5;
    %assign/vec4 v0000023ce8ab6fe0_0, 0;
T_0.5 ;
    %jmp T_0.4;
T_0.4 ;
    %pop/vec4 1;
T_0.1 ;
    %jmp T_0;
    .thread T_0;
    .scope S_0000023ce8ab69d0;
T_1 ;
    %wait E_0000023ce8b0e1a0;
    %load/vec4 v0000023ce8ab6b60_0;
    %inv;
    %flag_set/vec4 8;
    %jmp/0xz  T_1.0, 8;
    %pushi/vec4 0, 0, 5;
    %assign/vec4 v0000023ce8ab6c00_0, 0;
    %pushi/vec4 0, 0, 1;
    %assign/vec4 v0000023ce8ab7200_0, 0;
    %jmp T_1.1;
T_1.0 ;
    %load/vec4 v0000023ce8ab6ca0_0;
    %dup/vec4;
    %pushi/vec4 0, 0, 2;
    %cmp/u;
    %jmp/1 T_1.2, 6;
    %dup/vec4;
    %pushi/vec4 1, 0, 2;
    %cmp/u;
    %jmp/1 T_1.3, 6;
    %dup/vec4;
    %pushi/vec4 2, 0, 2;
    %cmp/u;
    %jmp/1 T_1.4, 6;
    %pushi/vec4 0, 0, 5;
    %assign/vec4 v0000023ce8ab6c00_0, 0;
    %pushi/vec4 0, 0, 1;
    %assign/vec4 v0000023ce8ab7200_0, 0;
    %jmp T_1.6;
T_1.2 ;
    %load/vec4 v0000023ce8ab6fe0_0;
    %cmpi/e 9, 0, 5;
    %jmp/0xz  T_1.7, 4;
    %pushi/vec4 20, 0, 5;
    %assign/vec4 v0000023ce8ab6c00_0, 0;
    %pushi/vec4 1, 0, 1;
    %assign/vec4 v0000023ce8ab7200_0, 0;
    %jmp T_1.8;
T_1.7 ;
    %load/vec4 v0000023ce8ab6fe0_0;
    %cmpi/e 19, 0, 5;
    %jmp/0xz  T_1.9, 4;
    %pushi/vec4 0, 0, 5;
    %assign/vec4 v0000023ce8ab6c00_0, 0;
    %pushi/vec4 0, 0, 1;
    %assign/vec4 v0000023ce8ab7200_0, 0;
    %jmp T_1.10;
T_1.9 ;
    %load/vec4 v0000023ce8ab6c00_0;
    %assign/vec4 v0000023ce8ab6c00_0, 0;
    %load/vec4 v0000023ce8ab7200_0;
    %assign/vec4 v0000023ce8ab7200_0, 0;
T_1.10 ;
T_1.8 ;
    %jmp T_1.6;
T_1.3 ;
    %load/vec4 v0000023ce8ab7200_0;
    %flag_set/vec4 8;
    %jmp/0xz  T_1.11, 8;
    %pushi/vec4 0, 0, 5;
    %assign/vec4 v0000023ce8ab6c00_0, 0;
    %pushi/vec4 0, 0, 1;
    %assign/vec4 v0000023ce8ab7200_0, 0;
    %jmp T_1.12;
T_1.11 ;
    %load/vec4 v0000023ce8ab6c00_0;
    %cmpi/e 20, 0, 5;
    %jmp/0xz  T_1.13, 4;
    %pushi/vec4 0, 0, 5;
    %assign/vec4 v0000023ce8ab6c00_0, 0;
    %jmp T_1.14;
T_1.13 ;
    %load/vec4 v0000023ce8ab6c00_0;
    %addi 1, 0, 5;
    %assign/vec4 v0000023ce8ab6c00_0, 0;
T_1.14 ;
T_1.12 ;
    %jmp T_1.6;
T_1.4 ;
    %load/vec4 v0000023ce8ab7200_0;
    %inv;
    %flag_set/vec4 8;
    %jmp/0xz  T_1.15, 8;
    %load/vec4 v0000023ce8ab6c00_0;
    %subi 1, 0, 5;
    %assign/vec4 v0000023ce8ab6c00_0, 0;
    %load/vec4 v0000023ce8ab6c00_0;
    %cmpi/e 0, 0, 5;
    %jmp/0xz  T_1.17, 4;
    %pushi/vec4 1, 0, 1;
    %assign/vec4 v0000023ce8ab7200_0, 0;
T_1.17 ;
    %jmp T_1.16;
T_1.15 ;
    %load/vec4 v0000023ce8ab6c00_0;
    %addi 1, 0, 5;
    %assign/vec4 v0000023ce8ab6c00_0, 0;
    %load/vec4 v0000023ce8ab6c00_0;
    %cmpi/e 20, 0, 5;
    %jmp/0xz  T_1.19, 4;
    %pushi/vec4 0, 0, 1;
    %assign/vec4 v0000023ce8ab7200_0, 0;
T_1.19 ;
T_1.16 ;
    %jmp T_1.6;
T_1.6 ;
    %pop/vec4 1;
T_1.1 ;
    %jmp T_1;
    .thread T_1;
# The file index is used to find the file name in the following table.
:file_names 3;
    "N/A";
    "<interactive>";
    "signal_generator.v";
