#! /c/Source/iverilog-install/bin/vvp
:ivl_version "12.0 (devel)" "(s20150603-1110-g18392a46)";
:ivl_delay_selection "TYPICAL";
:vpi_time_precision - 9;
:vpi_module "D:\iverilog\iverilog\lib\ivl\system.vpi";
:vpi_module "D:\iverilog\iverilog\lib\ivl\vhdl_sys.vpi";
:vpi_module "D:\iverilog\iverilog\lib\ivl\vhdl_textio.vpi";
:vpi_module "D:\iverilog\iverilog\lib\ivl\v2005_math.vpi";
:vpi_module "D:\iverilog\iverilog\lib\ivl\va_math.vpi";
S_000001cedf42bd50 .scope module, "fsm1" "fsm1" 2 3;
 .timescale -9 -9;
    .port_info 0 /INPUT 1 "clk";
    .port_info 1 /INPUT 1 "rst";
    .port_info 2 /INPUT 1 "data";
    .port_info 3 /OUTPUT 1 "flag";
P_000001cedf42bee0 .param/l "S0" 0 2 9, C4<0001>;
P_000001cedf42bf18 .param/l "S1" 0 2 10, C4<0010>;
P_000001cedf42bf50 .param/l "S2" 0 2 11, C4<0100>;
P_000001cedf42bf88 .param/l "S3" 0 2 12, C4<1000>;
o000001cedf476fd8 .functor BUFZ 1, C4<z>; HiZ drive
v000001cedf443220_0 .net "clk", 0 0, o000001cedf476fd8;  0 drivers
o000001cedf477008 .functor BUFZ 1, C4<z>; HiZ drive
v000001cedf442e10_0 .net "data", 0 0, o000001cedf477008;  0 drivers
v000001cedf4b9840_0 .var "flag", 0 0;
v000001cedf4b98e0_0 .var "next_state", 3 0;
o000001cedf477098 .functor BUFZ 1, C4<z>; HiZ drive
v000001cedf4b9980_0 .net "rst", 0 0, o000001cedf477098;  0 drivers
v000001cedf4b9a20_0 .var "state", 3 0;
E_000001cedf42c070 .event anyedge, v000001cedf4b9a20_0;
E_000001cedf42c9b0 .event anyedge, v000001cedf4b9a20_0, v000001cedf442e10_0;
E_000001cedf42c270/0 .event negedge, v000001cedf4b9980_0;
E_000001cedf42c270/1 .event posedge, v000001cedf443220_0;
E_000001cedf42c270 .event/or E_000001cedf42c270/0, E_000001cedf42c270/1;
    .scope S_000001cedf42bd50;
T_0 ;
    %wait E_000001cedf42c270;
    %load/vec4 v000001cedf4b9980_0;
    %inv;
    %flag_set/vec4 8;
    %jmp/0xz  T_0.0, 8;
    %pushi/vec4 1, 0, 4;
    %assign/vec4 v000001cedf4b9a20_0, 0;
    %jmp T_0.1;
T_0.0 ;
    %load/vec4 v000001cedf4b98e0_0;
    %assign/vec4 v000001cedf4b9a20_0, 0;
T_0.1 ;
    %jmp T_0;
    .thread T_0;
    .scope S_000001cedf42bd50;
T_1 ;
    %wait E_000001cedf42c9b0;
    %load/vec4 v000001cedf4b9a20_0;
    %dup/vec4;
    %pushi/vec4 1, 0, 4;
    %cmp/u;
    %jmp/1 T_1.0, 6;
    %dup/vec4;
    %pushi/vec4 2, 0, 4;
    %cmp/u;
    %jmp/1 T_1.1, 6;
    %dup/vec4;
    %pushi/vec4 4, 0, 4;
    %cmp/u;
    %jmp/1 T_1.2, 6;
    %dup/vec4;
    %pushi/vec4 8, 0, 4;
    %cmp/u;
    %jmp/1 T_1.3, 6;
    %pushi/vec4 1, 0, 4;
    %store/vec4 v000001cedf4b98e0_0, 0, 4;
    %jmp T_1.5;
T_1.0 ;
    %load/vec4 v000001cedf442e10_0;
    %flag_set/vec4 8;
    %jmp/0 T_1.6, 8;
    %pushi/vec4 2, 0, 4;
    %jmp/1 T_1.7, 8;
T_1.6 ; End of true expr.
    %pushi/vec4 1, 0, 4;
    %jmp/0 T_1.7, 8;
 ; End of false expr.
    %blend;
T_1.7;
    %store/vec4 v000001cedf4b98e0_0, 0, 4;
    %jmp T_1.5;
T_1.1 ;
    %load/vec4 v000001cedf442e10_0;
    %flag_set/vec4 8;
    %jmp/0 T_1.8, 8;
    %pushi/vec4 4, 0, 4;
    %jmp/1 T_1.9, 8;
T_1.8 ; End of true expr.
    %pushi/vec4 2, 0, 4;
    %jmp/0 T_1.9, 8;
 ; End of false expr.
    %blend;
T_1.9;
    %store/vec4 v000001cedf4b98e0_0, 0, 4;
    %jmp T_1.5;
T_1.2 ;
    %load/vec4 v000001cedf442e10_0;
    %flag_set/vec4 8;
    %jmp/0 T_1.10, 8;
    %pushi/vec4 8, 0, 4;
    %jmp/1 T_1.11, 8;
T_1.10 ; End of true expr.
    %pushi/vec4 4, 0, 4;
    %jmp/0 T_1.11, 8;
 ; End of false expr.
    %blend;
T_1.11;
    %store/vec4 v000001cedf4b98e0_0, 0, 4;
    %jmp T_1.5;
T_1.3 ;
    %load/vec4 v000001cedf442e10_0;
    %flag_set/vec4 8;
    %jmp/0 T_1.12, 8;
    %pushi/vec4 2, 0, 4;
    %jmp/1 T_1.13, 8;
T_1.12 ; End of true expr.
    %pushi/vec4 8, 0, 4;
    %jmp/0 T_1.13, 8;
 ; End of false expr.
    %blend;
T_1.13;
    %store/vec4 v000001cedf4b98e0_0, 0, 4;
    %jmp T_1.5;
T_1.5 ;
    %pop/vec4 1;
    %jmp T_1;
    .thread T_1, $push;
    .scope S_000001cedf42bd50;
T_2 ;
    %wait E_000001cedf42c070;
    %load/vec4 v000001cedf4b9a20_0;
    %pushi/vec4 8, 0, 4;
    %cmp/e;
    %flag_get/vec4 4;
    %store/vec4 v000001cedf4b9840_0, 0, 1;
    %jmp T_2;
    .thread T_2, $push;
# The file index is used to find the file name in the following table.
:file_names 3;
    "N/A";
    "<interactive>";
    "fsm1.v";
